#
# There is insufficient memory for the Java Runtime Environment to continue.
# Native memory allocation (malloc) failed to allocate 1299376 bytes for Chunk::new
# Possible reasons:
#   The system is out of physical RAM or swap space
#   The process is running with CompressedOops enabled, and the Java Heap may be blocking the growth of the native heap
# Possible solutions:
#   Reduce memory load on the system
#   Increase physical memory or swap space
#   Check if swap backing store is full
#   Decrease Java heap size (-Xmx/-Xms)
#   Decrease number of Java threads
#   Decrease Java thread stack sizes (-Xss)
#   Set larger code cache with -XX:ReservedCodeCacheSize=
#   JVM is running with Unscaled Compressed Oops mode in which the Java heap is
#     placed in the first 4GB address space. The Java Heap base address is the
#     maximum limit for the native heap growth. Please use -XX:HeapBaseMinAddress
#     to set the Java Heap base and to place the Java Heap above 4GB virtual address.
# This output file may be truncated or incomplete.
#
#  Out of Memory Error (./src/hotspot/share/memory/arena.cpp:197), pid=9936, tid=7712
#
# JRE version: OpenJDK Runtime Environment (11.0.11+9) (build 11.0.11+9-b60-7590822)
# Java VM: OpenJDK 64-Bit Server VM (11.0.11+9-b60-7590822, mixed mode, tiered, compressed oops, g1 gc, windows-amd64)
# No core dump will be written. Minidumps are not enabled by default on client versions of Windows
#

---------------  S U M M A R Y ------------

Command Line: --add-opens=java.base/java.util=ALL-UNNAMED --add-opens=java.base/java.lang=ALL-UNNAMED --add-opens=java.base/java.lang.invoke=ALL-UNNAMED --add-opens=java.base/java.util=ALL-UNNAMED --add-opens=java.prefs/java.util.prefs=ALL-UNNAMED --add-opens=java.prefs/java.util.prefs=ALL-UNNAMED --add-opens=java.base/java.nio.charset=ALL-UNNAMED --add-opens=java.base/java.net=ALL-UNNAMED --add-opens=java.base/java.util.concurrent.atomic=ALL-UNNAMED -Xmx2048m -Dfile.encoding=UTF-8 -Duser.country=RU -Duser.language=ru -Duser.variant org.gradle.launcher.daemon.bootstrap.GradleDaemon 7.2

Host: Intel(R) Core(TM) i7-1065G7 CPU @ 1.30GHz, 8 cores, 7G,  Windows 10 , 64 bit Build 18362 (10.0.18362.329)
Time: Mon May 23 16:49:13 2022 Caiaaiay Acey (ceia) elapsed time: 148.765419 seconds (0d 0h 2m 28s)

---------------  T H R E A D  ---------------

Current thread (0x00000261f2c47800):  JavaThread "C2 CompilerThread1" daemon [_thread_in_native, id=7712, stack(0x000000f527e00000,0x000000f527f00000)]


Current CompileTask:
C2: 148765 16490       4       java.io.ObjectOutputStream::writeClassDesc (60 bytes)

Stack: [0x000000f527e00000,0x000000f527f00000]
Native frames: (J=compiled Java code, j=interpreted, Vv=VM code, C=native code)
V  [jvm.dll+0x5f214a]
V  [jvm.dll+0x726fb5]
V  [jvm.dll+0x7285cd]
V  [jvm.dll+0x728c83]
V  [jvm.dll+0x243278]
V  [jvm.dll+0xbc53c]
V  [jvm.dll+0xbca3c]
V  [jvm.dll+0x353e7d]
V  [jvm.dll+0x321893]
V  [jvm.dll+0x320d8a]
V  [jvm.dll+0x1fc1e2]
V  [jvm.dll+0x1fb3d4]
V  [jvm.dll+0x183d6c]
V  [jvm.dll+0x209a57]
V  [jvm.dll+0x2082a1]
V  [jvm.dll+0x6ef58f]
V  [jvm.dll+0x6e80b5]
V  [jvm.dll+0x5f1036]
C  [ucrtbase.dll+0x20e72]
C  [KERNEL32.DLL+0x17bd4]
C  [ntdll.dll+0x6ced1]


---------------  P R O C E S S  ---------------

Threads class SMR info:
_java_thread_list=0x00000261f2e6a270, length=146, elements={
0x00000261d374b000, 0x00000261efba4800, 0x00000261efba6000, 0x00000261f051a800,
0x00000261f051f000, 0x00000261f0522000, 0x00000261efbba800, 0x00000261efbbe000,
0x00000261efbbf000, 0x00000261f0680000, 0x00000261f2a02000, 0x00000261f1b2a800,
0x00000261f3461000, 0x00000261f283f800, 0x00000261f2840000, 0x00000261f2841000,
0x00000261f2841800, 0x00000261f2842800, 0x00000261f283d000, 0x00000261f2843800,
0x00000261f3f01800, 0x00000261f3eff000, 0x00000261f3eff800, 0x00000261f3f00800,
0x00000261f3f02000, 0x00000261f3f03000, 0x00000261f3f09800, 0x00000261f3f05800,
0x00000261f39f7800, 0x00000261f0925000, 0x00000261f0927800, 0x00000261f0922000,
0x00000261f0928800, 0x00000261f092b000, 0x00000261f092b800, 0x00000261f1bd2800,
0x00000261f1bd4800, 0x00000261f1bcf800, 0x00000261f1bd0000, 0x00000261f1bce800,
0x00000261f1bd3800, 0x00000261f1bd6000, 0x00000261f1bd7800, 0x00000261f1bd8800,
0x00000261f2c47800, 0x00000261fcb86800, 0x00000261f1bd9000, 0x00000261f1bd5000,
0x00000261f1bd2000, 0x00000261f1bdd800, 0x00000261f1bda000, 0x00000261f1bdb000,
0x00000261f1bdb800, 0x00000261f1bdc800, 0x00000261f39fa000, 0x00000261f39f6000,
0x00000261f39f5000, 0x00000261f39fb800, 0x00000261f39fc800, 0x00000261f39f7000,
0x00000261f3a00800, 0x00000261f3a01800, 0x00000261f39fe000, 0x00000261f39ff000,
0x00000261f39ff800, 0x00000261f3a02000, 0x00000261f3a03000, 0x00000261f39fd800,
0x00000261f3a04000, 0x00000261f0924800, 0x00000261f0926000, 0x00000261f0922800,
0x00000261f0920800, 0x00000261f0923800, 0x00000261f0927000, 0x00000261f0921000,
0x00000261f092e000, 0x00000261f092d800, 0x00000261f092a000, 0x00000261f092f000,
0x00000261f0929800, 0x00000261f092c800, 0x00000261f3efd800, 0x00000261f3efe000,
0x00000261f3f06800, 0x00000261f3f08800, 0x00000261f3f04800, 0x00000261f3f07000,
0x00000261f3f0b000, 0x00000261f3f0c000, 0x00000261f3f08000, 0x00000261f283d800,
0x00000261f283e800, 0x00000261f78c9000, 0x00000261f78ca000, 0x00000261f78c4000,
0x00000261f78ca800, 0x00000261f78c5000, 0x00000261f78c8000, 0x00000261f78cb800,
0x00000261f78c5800, 0x00000261f78c7800, 0x00000261f78cc000, 0x00000261f78c6800,
0x00000261f78d3000, 0x00000261f78cd000, 0x00000261f78d1000, 0x00000261f78d2000,
0x00000261f78d0800, 0x00000261f78ce800, 0x00000261f78ce000, 0x00000261f78cf800,
0x00000261f0d82000, 0x00000261f0d81000, 0x00000261f0d7f000, 0x00000261f0d7e000,
0x00000261f0d83000, 0x00000261f0d84800, 0x00000261f0d83800, 0x00000261f0d85800,
0x00000261f0d7f800, 0x00000261f0d86000, 0x00000261f0d80800, 0x00000261f0d88800,
0x00000261f0d87800, 0x00000261f0d89800, 0x00000261f0d8a000, 0x00000261f0d87000,
0x00000261f0d8b000, 0x00000261f0d8c000, 0x00000261f0d8c800, 0x00000261f8520000,
0x00000261f8523000, 0x00000261f8524800, 0x00000261f8522000, 0x00000261f851f000,
0x00000261f8524000, 0x00000261f8520800, 0x00000261f8525800, 0x00000261f8526800,
0x00000261f8521800, 0x00000261f8528000, 0x00000261f8529800, 0x00000261f852d000,
0x00000261f852b000, 0x00000261f852c000
}

Java Threads: ( => current thread )
  0x00000261d374b000 JavaThread "main" [_thread_blocked, id=2348, stack(0x000000f526200000,0x000000f526300000)]
  0x00000261efba4800 JavaThread "Reference Handler" daemon [_thread_blocked, id=11716, stack(0x000000f526900000,0x000000f526a00000)]
  0x00000261efba6000 JavaThread "Finalizer" daemon [_thread_blocked, id=5868, stack(0x000000f526a00000,0x000000f526b00000)]
  0x00000261f051a800 JavaThread "Signal Dispatcher" daemon [_thread_blocked, id=2884, stack(0x000000f526b00000,0x000000f526c00000)]
  0x00000261f051f000 JavaThread "Attach Listener" daemon [_thread_blocked, id=10440, stack(0x000000f526c00000,0x000000f526d00000)]
  0x00000261f0522000 JavaThread "Service Thread" daemon [_thread_blocked, id=11364, stack(0x000000f526d00000,0x000000f526e00000)]
  0x00000261efbba800 JavaThread "C2 CompilerThread0" daemon [_thread_in_native, id=2208, stack(0x000000f526e00000,0x000000f526f00000)]
  0x00000261efbbe000 JavaThread "C1 CompilerThread0" daemon [_thread_blocked, id=1552, stack(0x000000f526f00000,0x000000f527000000)]
  0x00000261efbbf000 JavaThread "Sweeper thread" daemon [_thread_blocked, id=8024, stack(0x000000f527000000,0x000000f527100000)]
  0x00000261f0680000 JavaThread "Common-Cleaner" daemon [_thread_blocked, id=11844, stack(0x000000f527100000,0x000000f527200000)]
  0x00000261f2a02000 JavaThread "Daemon health stats" [_thread_blocked, id=1776, stack(0x000000f527700000,0x000000f527800000)]
  0x00000261f1b2a800 JavaThread "Incoming local TCP Connector on port 56061" [_thread_in_native, id=7792, stack(0x000000f527800000,0x000000f527900000)]
  0x00000261f3461000 JavaThread "Daemon periodic checks" [_thread_blocked, id=3156, stack(0x000000f527900000,0x000000f527a00000)]
  0x00000261f283f800 JavaThread "Cache worker for journal cache (D:\ProgramsfilesD\Android\Sdk\caches\journal-1)" [_thread_blocked, id=11564, stack(0x000000f528600000,0x000000f528700000)]
  0x00000261f2840000 JavaThread "File lock request listener" [_thread_in_native, id=10988, stack(0x000000f528700000,0x000000f528800000)]
  0x00000261f2841000 JavaThread "Cache worker for file hash cache (D:\ProgramsfilesD\Android\Sdk\caches\7.2\fileHashes)" [_thread_blocked, id=4828, stack(0x000000f528900000,0x000000f528a00000)]
  0x00000261f2841800 JavaThread "File watcher server" daemon [_thread_in_native, id=5352, stack(0x000000f528b00000,0x000000f528c00000)]
  0x00000261f2842800 JavaThread "File watcher consumer" daemon [_thread_blocked, id=1796, stack(0x000000f528c00000,0x000000f528d00000)]
  0x00000261f283d000 JavaThread "jar transforms" [_thread_blocked, id=3588, stack(0x000000f528d00000,0x000000f528e00000)]
  0x00000261f2843800 JavaThread "jar transforms Thread 2" [_thread_blocked, id=4088, stack(0x000000f528e00000,0x000000f528f00000)]
  0x00000261f3f01800 JavaThread "jar transforms Thread 3" [_thread_blocked, id=9088, stack(0x000000f528f00000,0x000000f529000000)]
  0x00000261f3eff000 JavaThread "jar transforms Thread 4" [_thread_blocked, id=6568, stack(0x000000f529000000,0x000000f529100000)]
  0x00000261f3eff800 JavaThread "jar transforms Thread 5" [_thread_blocked, id=9392, stack(0x000000f529100000,0x000000f529200000)]
  0x00000261f3f00800 JavaThread "jar transforms Thread 6" [_thread_blocked, id=12004, stack(0x000000f529200000,0x000000f529300000)]
  0x00000261f3f02000 JavaThread "jar transforms Thread 7" [_thread_blocked, id=10168, stack(0x000000f529300000,0x000000f529400000)]
  0x00000261f3f03000 JavaThread "jar transforms Thread 8" [_thread_blocked, id=6592, stack(0x000000f529400000,0x000000f529500000)]
  0x00000261f3f09800 JavaThread "Cache worker for execution history cache (D:\ProgramsfilesD\Android\Sdk\caches\7.2\executionHistory)" [_thread_blocked, id=5360, stack(0x000000f529800000,0x000000f529900000)]
  0x00000261f3f05800 JavaThread "Cache worker for file content cache (D:\ProgramsfilesD\Android\Sdk\caches\7.2\fileContent)" [_thread_blocked, id=10328, stack(0x000000f529900000,0x000000f529a00000)]
  0x00000261f39f7800 JavaThread "Memory manager" [_thread_blocked, id=6540, stack(0x000000f52ed00000,0x000000f52ee00000)]
  0x00000261f0925000 JavaThread "ForkJoinPool.commonPool-worker-3" daemon [_thread_blocked, id=10292, stack(0x000000f52fe00000,0x000000f52ff00000)]
  0x00000261f0927800 JavaThread "ForkJoinPool.commonPool-worker-5" daemon [_thread_blocked, id=5468, stack(0x000000f52ff00000,0x000000f530000000)]
  0x00000261f0922000 JavaThread "ForkJoinPool.commonPool-worker-7" daemon [_thread_blocked, id=4984, stack(0x000000f530000000,0x000000f530100000)]
  0x00000261f0928800 JavaThread "ForkJoinPool.commonPool-worker-9" daemon [_thread_blocked, id=8444, stack(0x000000f530100000,0x000000f530200000)]
  0x00000261f092b000 JavaThread "ForkJoinPool.commonPool-worker-13" daemon [_thread_blocked, id=1960, stack(0x000000f530300000,0x000000f530400000)]
  0x00000261f092b800 JavaThread "ForkJoinPool.commonPool-worker-15" daemon [_thread_blocked, id=1240, stack(0x000000f530400000,0x000000f530500000)]
  0x00000261f1bd2800 JavaThread "Daemon Thread 2" [_thread_blocked, id=4508, stack(0x000000f525f00000,0x000000f526000000)]
  0x00000261f1bd4800 JavaThread "Handler for socket connection from /127.0.0.1:56061 to /127.0.0.1:56109" [_thread_in_native, id=2400, stack(0x000000f526000000,0x000000f526100000)]
  0x00000261f1bcf800 JavaThread "Cancel handler" [_thread_blocked, id=10036, stack(0x000000f526100000,0x000000f526200000)]
  0x00000261f1bd0000 JavaThread "Daemon worker Thread 2" [_thread_blocked, id=10804, stack(0x000000f527300000,0x000000f527400000)]
  0x00000261f1bce800 JavaThread "Asynchronous log dispatcher for DefaultDaemonConnection: socket connection from /127.0.0.1:56061 to /127.0.0.1:56109" [_thread_blocked, id=10520, stack(0x000000f527400000,0x000000f527500000)]
  0x00000261f1bd3800 JavaThread "Stdin handler" [_thread_blocked, id=3184, stack(0x000000f527a00000,0x000000f527b00000)]
  0x00000261f1bd6000 JavaThread "Daemon client event forwarder" [_thread_blocked, id=10080, stack(0x000000f527b00000,0x000000f527c00000)]
  0x00000261f1bd7800 JavaThread "Cache worker for file hash cache (D:\MyMusicPLayer\.gradle\7.2\fileHashes)" [_thread_blocked, id=11320, stack(0x000000f527c00000,0x000000f527d00000)]
  0x00000261f1bd8800 JavaThread "Cache worker for checksums cache (D:\MyMusicPLayer\.gradle\checksums)" [_thread_blocked, id=6316, stack(0x000000f527d00000,0x000000f527e00000)]
=>0x00000261f2c47800 JavaThread "C2 CompilerThread1" daemon [_thread_in_native, id=7712, stack(0x000000f527e00000,0x000000f527f00000)]
  0x00000261fcb86800 JavaThread "C2 CompilerThread2" daemon [_thread_in_native, id=4688, stack(0x000000f527f00000,0x000000f528000000)]
  0x00000261f1bd9000 JavaThread "Cache worker for cache directory md-supplier (D:\ProgramsfilesD\Android\Sdk\caches\7.2\md-supplier)" [_thread_blocked, id=4416, stack(0x000000f528000000,0x000000f528100000)]
  0x00000261f1bd5000 JavaThread "Cache worker for cache directory md-rule (D:\ProgramsfilesD\Android\Sdk\caches\7.2\md-rule)" [_thread_blocked, id=588, stack(0x000000f528a00000,0x000000f528b00000)]
  0x00000261f1bd2000 JavaThread "Cache worker for dependencies-accessors (D:\MyMusicPLayer\.gradle\7.2\dependencies-accessors)" [_thread_blocked, id=2588, stack(0x000000f529500000,0x000000f529600000)]
  0x00000261f1bdd800 JavaThread "Cache worker for Build Output Cleanup Cache (D:\MyMusicPLayer\.gradle\buildOutputCleanup)" [_thread_blocked, id=3772, stack(0x000000f529600000,0x000000f529700000)]
  0x00000261f1bda000 JavaThread "Unconstrained build operations" [_thread_blocked, id=2472, stack(0x000000f529700000,0x000000f529800000)]
  0x00000261f1bdb000 JavaThread "Unconstrained build operations Thread 2" [_thread_blocked, id=8540, stack(0x000000f529a00000,0x000000f529b00000)]
  0x00000261f1bdb800 JavaThread "Unconstrained build operations Thread 3" [_thread_blocked, id=4992, stack(0x000000f529b00000,0x000000f529c00000)]
  0x00000261f1bdc800 JavaThread "Unconstrained build operations Thread 4" [_thread_blocked, id=4428, stack(0x000000f529c00000,0x000000f529d00000)]
  0x00000261f39fa000 JavaThread "Unconstrained build operations Thread 5" [_thread_blocked, id=7600, stack(0x000000f529d00000,0x000000f529e00000)]
  0x00000261f39f6000 JavaThread "Unconstrained build operations Thread 6" [_thread_blocked, id=4288, stack(0x000000f529e00000,0x000000f529f00000)]
  0x00000261f39f5000 JavaThread "Unconstrained build operations Thread 7" [_thread_blocked, id=2704, stack(0x000000f529f00000,0x000000f52a000000)]
  0x00000261f39fb800 JavaThread "Unconstrained build operations Thread 8" [_thread_blocked, id=10244, stack(0x000000f52a000000,0x000000f52a100000)]
  0x00000261f39fc800 JavaThread "Unconstrained build operations Thread 9" [_thread_blocked, id=9388, stack(0x000000f52a100000,0x000000f52a200000)]
  0x00000261f39f7000 JavaThread "Unconstrained build operations Thread 10" [_thread_blocked, id=2328, stack(0x000000f52a200000,0x000000f52a300000)]
  0x00000261f3a00800 JavaThread "Unconstrained build operations Thread 11" [_thread_blocked, id=1184, stack(0x000000f52a300000,0x000000f52a400000)]
  0x00000261f3a01800 JavaThread "Unconstrained build operations Thread 12" [_thread_blocked, id=11964, stack(0x000000f52a400000,0x000000f52a500000)]
  0x00000261f39fe000 JavaThread "Unconstrained build operations Thread 13" [_thread_blocked, id=7884, stack(0x000000f52a500000,0x000000f52a600000)]
  0x00000261f39ff000 JavaThread "Unconstrained build operations Thread 14" [_thread_blocked, id=10984, stack(0x000000f52a600000,0x000000f52a700000)]
  0x00000261f39ff800 JavaThread "Unconstrained build operations Thread 15" [_thread_blocked, id=2880, stack(0x000000f52a700000,0x000000f52a800000)]
  0x00000261f3a02000 JavaThread "Unconstrained build operations Thread 16" [_thread_blocked, id=11308, stack(0x000000f52a800000,0x000000f52a900000)]
  0x00000261f3a03000 JavaThread "Unconstrained build operations Thread 17" [_thread_blocked, id=10124, stack(0x000000f52a900000,0x000000f52aa00000)]
  0x00000261f39fd800 JavaThread "Unconstrained build operations Thread 18" [_thread_blocked, id=10976, stack(0x000000f52aa00000,0x000000f52ab00000)]
  0x00000261f3a04000 JavaThread "Unconstrained build operations Thread 19" [_thread_blocked, id=11672, stack(0x000000f52ab00000,0x000000f52ac00000)]
  0x00000261f0924800 JavaThread "Unconstrained build operations Thread 20" [_thread_blocked, id=572, stack(0x000000f52ac00000,0x000000f52ad00000)]
  0x00000261f0926000 JavaThread "Unconstrained build operations Thread 21" [_thread_blocked, id=2184, stack(0x000000f52ad00000,0x000000f52ae00000)]
  0x00000261f0922800 JavaThread "Unconstrained build operations Thread 22" [_thread_blocked, id=11420, stack(0x000000f52ae00000,0x000000f52af00000)]
  0x00000261f0920800 JavaThread "Unconstrained build operations Thread 23" [_thread_blocked, id=12084, stack(0x000000f52af00000,0x000000f52b000000)]
  0x00000261f0923800 JavaThread "Unconstrained build operations Thread 24" [_thread_blocked, id=1176, stack(0x000000f52b000000,0x000000f52b100000)]
  0x00000261f0927000 JavaThread "Unconstrained build operations Thread 25" [_thread_blocked, id=1812, stack(0x000000f52b100000,0x000000f52b200000)]
  0x00000261f0921000 JavaThread "Unconstrained build operations Thread 26" [_thread_blocked, id=10772, stack(0x000000f52b200000,0x000000f52b300000)]
  0x00000261f092e000 JavaThread "Unconstrained build operations Thread 27" [_thread_blocked, id=12116, stack(0x000000f52b300000,0x000000f52b400000)]
  0x00000261f092d800 JavaThread "Unconstrained build operations Thread 28" [_thread_blocked, id=4152, stack(0x000000f52b400000,0x000000f52b500000)]
  0x00000261f092a000 JavaThread "Unconstrained build operations Thread 29" [_thread_blocked, id=7596, stack(0x000000f52b500000,0x000000f52b600000)]
  0x00000261f092f000 JavaThread "Unconstrained build operations Thread 30" [_thread_blocked, id=2136, stack(0x000000f52b600000,0x000000f52b700000)]
  0x00000261f0929800 JavaThread "Unconstrained build operations Thread 31" [_thread_blocked, id=32, stack(0x000000f52b700000,0x000000f52b800000)]
  0x00000261f092c800 JavaThread "Unconstrained build operations Thread 32" [_thread_blocked, id=7232, stack(0x000000f52b800000,0x000000f52b900000)]
  0x00000261f3efd800 JavaThread "Unconstrained build operations Thread 33" [_thread_blocked, id=4132, stack(0x000000f52b900000,0x000000f52ba00000)]
  0x00000261f3efe000 JavaThread "Unconstrained build operations Thread 34" [_thread_blocked, id=7080, stack(0x000000f52ba00000,0x000000f52bb00000)]
  0x00000261f3f06800 JavaThread "Unconstrained build operations Thread 35" [_thread_blocked, id=8356, stack(0x000000f52bb00000,0x000000f52bc00000)]
  0x00000261f3f08800 JavaThread "Unconstrained build operations Thread 36" [_thread_blocked, id=11516, stack(0x000000f52bc00000,0x000000f52bd00000)]
  0x00000261f3f04800 JavaThread "Unconstrained build operations Thread 37" [_thread_blocked, id=2340, stack(0x000000f52bd00000,0x000000f52be00000)]
  0x00000261f3f07000 JavaThread "Unconstrained build operations Thread 38" [_thread_blocked, id=9104, stack(0x000000f52be00000,0x000000f52bf00000)]
  0x00000261f3f0b000 JavaThread "Unconstrained build operations Thread 39" [_thread_blocked, id=10308, stack(0x000000f52bf00000,0x000000f52c000000)]
  0x00000261f3f0c000 JavaThread "Unconstrained build operations Thread 40" [_thread_blocked, id=3768, stack(0x000000f52c000000,0x000000f52c100000)]
  0x00000261f3f08000 JavaThread "Unconstrained build operations Thread 41" [_thread_blocked, id=3752, stack(0x000000f52c100000,0x000000f52c200000)]
  0x00000261f283d800 JavaThread "Unconstrained build operations Thread 42" [_thread_blocked, id=11228, stack(0x000000f52c200000,0x000000f52c300000)]
  0x00000261f283e800 JavaThread "Unconstrained build operations Thread 43" [_thread_blocked, id=2752, stack(0x000000f52c300000,0x000000f52c400000)]
  0x00000261f78c9000 JavaThread "Unconstrained build operations Thread 44" [_thread_blocked, id=4276, stack(0x000000f52c400000,0x000000f52c500000)]
  0x00000261f78ca000 JavaThread "Unconstrained build operations Thread 45" [_thread_blocked, id=3176, stack(0x000000f52c500000,0x000000f52c600000)]
  0x00000261f78c4000 JavaThread "Unconstrained build operations Thread 46" [_thread_blocked, id=1788, stack(0x000000f52c600000,0x000000f52c700000)]
  0x00000261f78ca800 JavaThread "Unconstrained build operations Thread 47" [_thread_blocked, id=7736, stack(0x000000f52c700000,0x000000f52c800000)]
  0x00000261f78c5000 JavaThread "Unconstrained build operations Thread 48" [_thread_blocked, id=7696, stack(0x000000f52c800000,0x000000f52c900000)]
  0x00000261f78c8000 JavaThread "Unconstrained build operations Thread 49" [_thread_blocked, id=3336, stack(0x000000f52c900000,0x000000f52ca00000)]
  0x00000261f78cb800 JavaThread "Unconstrained build operations Thread 50" [_thread_blocked, id=7568, stack(0x000000f52ca00000,0x000000f52cb00000)]
  0x00000261f78c5800 JavaThread "Unconstrained build operations Thread 51" [_thread_blocked, id=9148, stack(0x000000f52cb00000,0x000000f52cc00000)]
  0x00000261f78c7800 JavaThread "Unconstrained build operations Thread 52" [_thread_blocked, id=8660, stack(0x000000f52cc00000,0x000000f52cd00000)]
  0x00000261f78cc000 JavaThread "Unconstrained build operations Thread 53" [_thread_blocked, id=9692, stack(0x000000f52cd00000,0x000000f52ce00000)]
  0x00000261f78c6800 JavaThread "Unconstrained build operations Thread 54" [_thread_blocked, id=4540, stack(0x000000f52ce00000,0x000000f52cf00000)]
  0x00000261f78d3000 JavaThread "Unconstrained build operations Thread 55" [_thread_blocked, id=8776, stack(0x000000f52cf00000,0x000000f52d000000)]
  0x00000261f78cd000 JavaThread "Unconstrained build operations Thread 56" [_thread_blocked, id=2768, stack(0x000000f52d000000,0x000000f52d100000)]
  0x00000261f78d1000 JavaThread "Unconstrained build operations Thread 57" [_thread_blocked, id=11692, stack(0x000000f52d100000,0x000000f52d200000)]
  0x00000261f78d2000 JavaThread "Unconstrained build operations Thread 58" [_thread_blocked, id=10896, stack(0x000000f52d200000,0x000000f52d300000)]
  0x00000261f78d0800 JavaThread "Unconstrained build operations Thread 59" [_thread_blocked, id=11824, stack(0x000000f52d300000,0x000000f52d400000)]
  0x00000261f78ce800 JavaThread "Unconstrained build operations Thread 60" [_thread_blocked, id=6528, stack(0x000000f52d400000,0x000000f52d500000)]
  0x00000261f78ce000 JavaThread "Unconstrained build operations Thread 61" [_thread_blocked, id=4712, stack(0x000000f52d500000,0x000000f52d600000)]
  0x00000261f78cf800 JavaThread "Unconstrained build operations Thread 62" [_thread_blocked, id=232, stack(0x000000f52d600000,0x000000f52d700000)]
  0x00000261f0d82000 JavaThread "Unconstrained build operations Thread 63" [_thread_blocked, id=1724, stack(0x000000f52d700000,0x000000f52d800000)]
  0x00000261f0d81000 JavaThread "Unconstrained build operations Thread 64" [_thread_blocked, id=3664, stack(0x000000f52d800000,0x000000f52d900000)]
  0x00000261f0d7f000 JavaThread "Unconstrained build operations Thread 65" [_thread_blocked, id=11540, stack(0x000000f52d900000,0x000000f52da00000)]
  0x00000261f0d7e000 JavaThread "Unconstrained build operations Thread 66" [_thread_blocked, id=9608, stack(0x000000f52da00000,0x000000f52db00000)]
  0x00000261f0d83000 JavaThread "Unconstrained build operations Thread 67" [_thread_blocked, id=9580, stack(0x000000f52db00000,0x000000f52dc00000)]
  0x00000261f0d84800 JavaThread "Unconstrained build operations Thread 68" [_thread_blocked, id=11620, stack(0x000000f52dc00000,0x000000f52dd00000)]
  0x00000261f0d83800 JavaThread "Unconstrained build operations Thread 69" [_thread_blocked, id=12068, stack(0x000000f52dd00000,0x000000f52de00000)]
  0x00000261f0d85800 JavaThread "Unconstrained build operations Thread 70" [_thread_blocked, id=1244, stack(0x000000f52de00000,0x000000f52df00000)]
  0x00000261f0d7f800 JavaThread "Unconstrained build operations Thread 71" [_thread_blocked, id=9908, stack(0x000000f52df00000,0x000000f52e000000)]
  0x00000261f0d86000 JavaThread "Unconstrained build operations Thread 72" [_thread_blocked, id=12156, stack(0x000000f52e000000,0x000000f52e100000)]
  0x00000261f0d80800 JavaThread "Unconstrained build operations Thread 73" [_thread_blocked, id=3524, stack(0x000000f52e100000,0x000000f52e200000)]
  0x00000261f0d88800 JavaThread "Unconstrained build operations Thread 74" [_thread_blocked, id=7968, stack(0x000000f52e200000,0x000000f52e300000)]
  0x00000261f0d87800 JavaThread "Unconstrained build operations Thread 75" [_thread_blocked, id=5200, stack(0x000000f52e300000,0x000000f52e400000)]
  0x00000261f0d89800 JavaThread "Unconstrained build operations Thread 76" [_thread_blocked, id=4660, stack(0x000000f52e400000,0x000000f52e500000)]
  0x00000261f0d8a000 JavaThread "Unconstrained build operations Thread 77" [_thread_blocked, id=9240, stack(0x000000f52e500000,0x000000f52e600000)]
  0x00000261f0d87000 JavaThread "Unconstrained build operations Thread 78" [_thread_blocked, id=4680, stack(0x000000f52e600000,0x000000f52e700000)]
  0x00000261f0d8b000 JavaThread "Unconstrained build operations Thread 79" [_thread_blocked, id=11972, stack(0x000000f52e700000,0x000000f52e800000)]
  0x00000261f0d8c000 JavaThread "Unconstrained build operations Thread 80" [_thread_blocked, id=11424, stack(0x000000f52e800000,0x000000f52e900000)]
  0x00000261f0d8c800 JavaThread "build event listener" [_thread_blocked, id=7864, stack(0x000000f52e900000,0x000000f52ea00000)]
  0x00000261f8520000 JavaThread "Execution worker for ':'" [_thread_blocked, id=1188, stack(0x000000f52ea00000,0x000000f52eb00000)]
  0x00000261f8523000 JavaThread "Execution worker for ':' Thread 2" [_thread_blocked, id=8252, stack(0x000000f52eb00000,0x000000f52ec00000)]
  0x00000261f8524800 JavaThread "Execution worker for ':' Thread 3" [_thread_blocked, id=7624, stack(0x000000f52ec00000,0x000000f52ed00000)]
  0x00000261f8522000 JavaThread "Cache worker for execution history cache (D:\MyMusicPLayer\.gradle\7.2\executionHistory)" [_thread_blocked, id=11172, stack(0x000000f52ee00000,0x000000f52ef00000)]
  0x00000261f851f000 JavaThread "Execution worker for ':' Thread 4" [_thread_blocked, id=11724, stack(0x000000f52ef00000,0x000000f52f000000)]
  0x00000261f8524000 JavaThread "Execution worker for ':' Thread 5" [_thread_blocked, id=9220, stack(0x000000f52f000000,0x000000f52f100000)]
  0x00000261f8520800 JavaThread "Execution worker for ':' Thread 6" [_thread_blocked, id=8120, stack(0x000000f52f100000,0x000000f52f200000)]
  0x00000261f8525800 JavaThread "Execution worker for ':' Thread 7" [_thread_blocked, id=11760, stack(0x000000f52f200000,0x000000f52f300000)]
  0x00000261f8526800 JavaThread "WorkerExecutor Queue" [_thread_in_native, id=8372, stack(0x000000f52f300000,0x000000f52f400000)]
  0x00000261f8521800 JavaThread "RMI Scheduler(0)" daemon [_thread_blocked, id=3676, stack(0x000000f52f400000,0x000000f52f500000)]
  0x00000261f8528000 JavaThread "RMI RenewClean-[127.0.0.1:17121,org.jetbrains.kotlin.daemon.common.LoopbackNetworkInterface$ClientLoopbackSocketFactory@28b406f1]" daemon [_thread_blocked, id=228, stack(0x000000f52f500000,0x000000f52f600000)]
  0x00000261f8529800 JavaThread "RMI GC Daemon" daemon [_thread_blocked, id=3604, stack(0x000000f52f600000,0x000000f52f700000)]
  0x00000261f852d000 JavaThread "RMI TCP Accept-0" daemon [_thread_in_native, id=9368, stack(0x000000f52f700000,0x000000f52f800000)]
  0x00000261f852b000 JavaThread "RMI Reaper" [_thread_blocked, id=7612, stack(0x000000f52f800000,0x000000f52f900000)]
  0x00000261f852c000 JavaThread "RMI TCP Connection(1)-127.0.0.1" daemon [_thread_in_native, id=3180, stack(0x000000f52f900000,0x000000f52fa00000)]

Other Threads:
  0x00000261efba1800 VMThread "VM Thread" [stack: 0x000000f526800000,0x000000f526900000] [id=3392]
  0x00000261f0695800 WatcherThread [stack: 0x000000f527200000,0x000000f527300000] [id=252]
  0x00000261d3766800 GCTaskThread "GC Thread#0" [stack: 0x000000f526300000,0x000000f526400000] [id=10996]
  0x00000261f11eb800 GCTaskThread "GC Thread#1" [stack: 0x000000f527500000,0x000000f527600000] [id=10572]
  0x00000261f1146000 GCTaskThread "GC Thread#2" [stack: 0x000000f527600000,0x000000f527700000] [id=1748]
  0x00000261f10ad000 GCTaskThread "GC Thread#3" [stack: 0x000000f528100000,0x000000f528200000] [id=4300]
  0x00000261f1196000 GCTaskThread "GC Thread#4" [stack: 0x000000f528200000,0x000000f528300000] [id=11900]
  0x00000261f2af4000 GCTaskThread "GC Thread#5" [stack: 0x000000f528300000,0x000000f528400000] [id=10384]
  0x00000261f16c3800 GCTaskThread "GC Thread#6" [stack: 0x000000f528400000,0x000000f528500000] [id=11340]
  0x00000261f35f7800 GCTaskThread "GC Thread#7" [stack: 0x000000f528500000,0x000000f528600000] [id=6580]
  0x00000261d379a800 ConcurrentGCThread "G1 Main Marker" [stack: 0x000000f526400000,0x000000f526500000] [id=2792]
  0x00000261d379d000 ConcurrentGCThread "G1 Conc#0" [stack: 0x000000f526500000,0x000000f526600000] [id=620]
  0x00000261f1dd4800 ConcurrentGCThread "G1 Conc#1" [stack: 0x000000f528800000,0x000000f528900000] [id=4436]
  0x00000261ef9f2800 ConcurrentGCThread "G1 Refine#0" [stack: 0x000000f526600000,0x000000f526700000] [id=960]
  0x00000261d381b800 ConcurrentGCThread "G1 Young RemSet Sampling" [stack: 0x000000f526700000,0x000000f526800000] [id=8124]

Threads with active compile tasks:
C2 CompilerThread0 148790 16441       4       java.lang.invoke.InvokerBytecodeGenerator::emitImplicitConversion (159 bytes)
C2 CompilerThread1 148790 16490       4       java.io.ObjectOutputStream::writeClassDesc (60 bytes)
C2 CompilerThread2 148790 16436       4       jdk.internal.org.objectweb.asm.Frame::execute (2264 bytes)

VM state:not at safepoint (normal execution)

VM Mutex/Monitor currently owned by a thread: None

Heap address: 0x0000000080000000, size: 2048 MB, Compressed Oops mode: 32-bit
Narrow klass base: 0x0000000000000000, Narrow klass shift: 3
Compressed class space size: 1073741824 Address: 0x0000000100000000

Heap:
 garbage-first heap   total 229376K, used 165245K [0x0000000080000000, 0x0000000100000000)
  region size 1024K, 14 young (14336K), 1 survivors (1024K)
 Metaspace       used 117622K, capacity 121239K, committed 121260K, reserved 1155072K
  class space    used 15052K, capacity 16381K, committed 16384K, reserved 1048576K
Heap Regions: E=young(eden), S=young(survivor), O=old, HS=humongous(starts), HC=humongous(continues), CS=collection set, F=free, A=archive, TAMS=top-at-mark-start (previous, next)
|   0|0x0000000080000000, 0x0000000080100000, 0x0000000080100000|100%| O|  |TAMS 0x0000000080100000, 0x0000000080000000| Untracked 
|   1|0x0000000080100000, 0x0000000080200000, 0x0000000080200000|100%| O|  |TAMS 0x0000000080200000, 0x0000000080100000| Untracked 
|   2|0x0000000080200000, 0x0000000080300000, 0x0000000080300000|100%| O|  |TAMS 0x0000000080300000, 0x0000000080200000| Untracked 
|   3|0x0000000080300000, 0x0000000080400000, 0x0000000080400000|100%|HS|  |TAMS 0x0000000080400000, 0x0000000080300000| Complete 
|   4|0x0000000080400000, 0x0000000080500000, 0x0000000080500000|100%|HC|  |TAMS 0x0000000080500000, 0x0000000080400000| Complete 
|   5|0x0000000080500000, 0x0000000080600000, 0x0000000080600000|100%|HC|  |TAMS 0x0000000080600000, 0x0000000080500000| Complete 
|   6|0x0000000080600000, 0x0000000080700000, 0x0000000080700000|100%| O|  |TAMS 0x0000000080700000, 0x0000000080600000| Untracked 
|   7|0x0000000080700000, 0x0000000080800000, 0x0000000080800000|100%| O|  |TAMS 0x0000000080800000, 0x0000000080700000| Untracked 
|   8|0x0000000080800000, 0x0000000080900000, 0x0000000080900000|100%| O|  |TAMS 0x0000000080900000, 0x0000000080800000| Untracked 
|   9|0x0000000080900000, 0x0000000080a00000, 0x0000000080a00000|100%| O|  |TAMS 0x0000000080a00000, 0x0000000080900000| Untracked 
|  10|0x0000000080a00000, 0x0000000080b00000, 0x0000000080b00000|100%| O|  |TAMS 0x0000000080b00000, 0x0000000080a00000| Untracked 
|  11|0x0000000080b00000, 0x0000000080c00000, 0x0000000080c00000|100%| O|  |TAMS 0x0000000080c00000, 0x0000000080b00000| Untracked 
|  12|0x0000000080c00000, 0x0000000080d00000, 0x0000000080d00000|100%| O|  |TAMS 0x0000000080d00000, 0x0000000080c00000| Untracked 
|  13|0x0000000080d00000, 0x0000000080e00000, 0x0000000080e00000|100%| O|  |TAMS 0x0000000080e00000, 0x0000000080d00000| Untracked 
|  14|0x0000000080e00000, 0x0000000080f00000, 0x0000000080f00000|100%|HS|  |TAMS 0x0000000080f00000, 0x0000000080e00000| Complete 
|  15|0x0000000080f00000, 0x0000000081000000, 0x0000000081000000|100%|HC|  |TAMS 0x0000000081000000, 0x0000000080f00000| Complete 
|  16|0x0000000081000000, 0x0000000081100000, 0x0000000081100000|100%|HS|  |TAMS 0x0000000081100000, 0x0000000081000000| Complete 
|  17|0x0000000081100000, 0x0000000081200000, 0x0000000081200000|100%|HC|  |TAMS 0x0000000081200000, 0x0000000081100000| Complete 
|  18|0x0000000081200000, 0x0000000081300000, 0x0000000081300000|100%|HC|  |TAMS 0x0000000081300000, 0x0000000081200000| Complete 
|  19|0x0000000081300000, 0x0000000081400000, 0x0000000081400000|100%|HS|  |TAMS 0x0000000081400000, 0x0000000081300000| Complete 
|  20|0x0000000081400000, 0x0000000081500000, 0x0000000081500000|100%|HC|  |TAMS 0x0000000081500000, 0x0000000081400000| Complete 
|  21|0x0000000081500000, 0x0000000081600000, 0x0000000081600000|100%|HC|  |TAMS 0x0000000081600000, 0x0000000081500000| Complete 
|  22|0x0000000081600000, 0x0000000081700000, 0x0000000081700000|100%|HC|  |TAMS 0x0000000081700000, 0x0000000081600000| Complete 
|  23|0x0000000081700000, 0x0000000081800000, 0x0000000081800000|100%| O|  |TAMS 0x0000000081800000, 0x0000000081700000| Untracked 
|  24|0x0000000081800000, 0x0000000081900000, 0x0000000081900000|100%| O|  |TAMS 0x0000000081900000, 0x0000000081800000| Untracked 
|  25|0x0000000081900000, 0x0000000081a00000, 0x0000000081a00000|100%| O|  |TAMS 0x0000000081a00000, 0x0000000081900000| Untracked 
|  26|0x0000000081a00000, 0x0000000081b00000, 0x0000000081b00000|100%| O|  |TAMS 0x0000000081b00000, 0x0000000081a00000| Untracked 
|  27|0x0000000081b00000, 0x0000000081c00000, 0x0000000081c00000|100%| O|  |TAMS 0x0000000081c00000, 0x0000000081b00000| Untracked 
|  28|0x0000000081c00000, 0x0000000081d00000, 0x0000000081d00000|100%|HS|  |TAMS 0x0000000081d00000, 0x0000000081c00000| Complete 
|  29|0x0000000081d00000, 0x0000000081e00000, 0x0000000081e00000|100%|HC|  |TAMS 0x0000000081e00000, 0x0000000081d00000| Complete 
|  30|0x0000000081e00000, 0x0000000081f00000, 0x0000000081f00000|100%|HC|  |TAMS 0x0000000081f00000, 0x0000000081e00000| Complete 
|  31|0x0000000081f00000, 0x0000000082000000, 0x0000000082000000|100%| O|  |TAMS 0x0000000082000000, 0x0000000081f00000| Untracked 
|  32|0x0000000082000000, 0x0000000082100000, 0x0000000082100000|100%| O|  |TAMS 0x0000000082100000, 0x0000000082000000| Untracked 
|  33|0x0000000082100000, 0x0000000082200000, 0x0000000082200000|100%| O|  |TAMS 0x0000000082200000, 0x0000000082100000| Untracked 
|  34|0x0000000082200000, 0x0000000082300000, 0x0000000082300000|100%| O|  |TAMS 0x0000000082300000, 0x0000000082200000| Untracked 
|  35|0x0000000082300000, 0x0000000082400000, 0x0000000082400000|100%| O|  |TAMS 0x0000000082400000, 0x0000000082300000| Untracked 
|  36|0x0000000082400000, 0x0000000082500000, 0x0000000082500000|100%| O|  |TAMS 0x0000000082500000, 0x0000000082400000| Untracked 
|  37|0x0000000082500000, 0x0000000082600000, 0x0000000082600000|100%| O|  |TAMS 0x0000000082600000, 0x0000000082500000| Untracked 
|  38|0x0000000082600000, 0x0000000082700000, 0x0000000082700000|100%| O|  |TAMS 0x0000000082700000, 0x0000000082600000| Untracked 
|  39|0x0000000082700000, 0x0000000082800000, 0x0000000082800000|100%| O|  |TAMS 0x0000000082800000, 0x0000000082700000| Untracked 
|  40|0x0000000082800000, 0x0000000082900000, 0x0000000082900000|100%| O|  |TAMS 0x0000000082900000, 0x0000000082800000| Untracked 
|  41|0x0000000082900000, 0x0000000082a00000, 0x0000000082a00000|100%| O|  |TAMS 0x0000000082a00000, 0x0000000082900000| Untracked 
|  42|0x0000000082a00000, 0x0000000082b00000, 0x0000000082b00000|100%|HS|  |TAMS 0x0000000082b00000, 0x0000000082a00000| Complete 
|  43|0x0000000082b00000, 0x0000000082c00000, 0x0000000082c00000|100%|HC|  |TAMS 0x0000000082c00000, 0x0000000082b00000| Complete 
|  44|0x0000000082c00000, 0x0000000082d00000, 0x0000000082d00000|100%|HC|  |TAMS 0x0000000082d00000, 0x0000000082c00000| Complete 
|  45|0x0000000082d00000, 0x0000000082e00000, 0x0000000082e00000|100%|HC|  |TAMS 0x0000000082e00000, 0x0000000082d00000| Complete 
|  46|0x0000000082e00000, 0x0000000082f00000, 0x0000000082f00000|100%| O|  |TAMS 0x0000000082f00000, 0x0000000082e00000| Untracked 
|  47|0x0000000082f00000, 0x0000000083000000, 0x0000000083000000|100%| O|  |TAMS 0x0000000083000000, 0x0000000082f00000| Untracked 
|  48|0x0000000083000000, 0x0000000083100000, 0x0000000083100000|100%| O|  |TAMS 0x0000000083100000, 0x0000000083000000| Untracked 
|  49|0x0000000083100000, 0x0000000083200000, 0x0000000083200000|100%| O|  |TAMS 0x0000000083200000, 0x0000000083100000| Untracked 
|  50|0x0000000083200000, 0x0000000083300000, 0x0000000083300000|100%| O|  |TAMS 0x0000000083300000, 0x0000000083200000| Untracked 
|  51|0x0000000083300000, 0x0000000083400000, 0x0000000083400000|100%| O|  |TAMS 0x0000000083400000, 0x0000000083300000| Untracked 
|  52|0x0000000083400000, 0x0000000083500000, 0x0000000083500000|100%|HS|  |TAMS 0x0000000083500000, 0x0000000083400000| Complete 
|  53|0x0000000083500000, 0x0000000083600000, 0x0000000083600000|100%|HS|  |TAMS 0x0000000083600000, 0x0000000083500000| Complete 
|  54|0x0000000083600000, 0x0000000083700000, 0x0000000083700000|100%|HS|  |TAMS 0x0000000083700000, 0x0000000083600000| Complete 
|  55|0x0000000083700000, 0x0000000083800000, 0x0000000083800000|100%|HS|  |TAMS 0x0000000083800000, 0x0000000083700000| Complete 
|  56|0x0000000083800000, 0x0000000083900000, 0x0000000083900000|100%|HS|  |TAMS 0x0000000083900000, 0x0000000083800000| Complete 
|  57|0x0000000083900000, 0x0000000083a00000, 0x0000000083a00000|100%|HC|  |TAMS 0x0000000083a00000, 0x0000000083900000| Complete 
|  58|0x0000000083a00000, 0x0000000083b00000, 0x0000000083b00000|100%|HC|  |TAMS 0x0000000083b00000, 0x0000000083a00000| Complete 
|  59|0x0000000083b00000, 0x0000000083c00000, 0x0000000083c00000|100%|HS|  |TAMS 0x0000000083c00000, 0x0000000083b00000| Complete 
|  60|0x0000000083c00000, 0x0000000083d00000, 0x0000000083d00000|100%|HC|  |TAMS 0x0000000083d00000, 0x0000000083c00000| Complete 
|  61|0x0000000083d00000, 0x0000000083e00000, 0x0000000083e00000|100%| O|  |TAMS 0x0000000083e00000, 0x0000000083d00000| Untracked 
|  62|0x0000000083e00000, 0x0000000083f00000, 0x0000000083f00000|100%| O|  |TAMS 0x0000000083e27800, 0x0000000083e00000| Untracked 
|  63|0x0000000083f00000, 0x0000000084000000, 0x0000000084000000|100%| O|  |TAMS 0x0000000084000000, 0x0000000083f00000| Untracked 
|  64|0x0000000084000000, 0x0000000084100000, 0x0000000084100000|100%| O|  |TAMS 0x0000000084100000, 0x0000000084000000| Untracked 
|  65|0x0000000084100000, 0x0000000084200000, 0x0000000084200000|100%| O|  |TAMS 0x0000000084200000, 0x0000000084100000| Untracked 
|  66|0x0000000084200000, 0x0000000084300000, 0x0000000084300000|100%| O|  |TAMS 0x0000000084300000, 0x0000000084200000| Untracked 
|  67|0x0000000084300000, 0x0000000084400000, 0x0000000084400000|100%| O|  |TAMS 0x0000000084400000, 0x0000000084300000| Untracked 
|  68|0x0000000084400000, 0x0000000084500000, 0x0000000084500000|100%| O|  |TAMS 0x0000000084500000, 0x0000000084400000| Untracked 
|  69|0x0000000084500000, 0x0000000084600000, 0x0000000084600000|100%| O|  |TAMS 0x0000000084600000, 0x0000000084500000| Untracked 
|  70|0x0000000084600000, 0x0000000084700000, 0x0000000084700000|100%| O|  |TAMS 0x0000000084700000, 0x0000000084600000| Untracked 
|  71|0x0000000084700000, 0x0000000084800000, 0x0000000084800000|100%| O|  |TAMS 0x0000000084800000, 0x0000000084700000| Untracked 
|  72|0x0000000084800000, 0x0000000084900000, 0x0000000084900000|100%| O|  |TAMS 0x0000000084900000, 0x0000000084800000| Untracked 
|  73|0x0000000084900000, 0x0000000084a00000, 0x0000000084a00000|100%| O|  |TAMS 0x0000000084a00000, 0x0000000084900000| Untracked 
|  74|0x0000000084a00000, 0x0000000084b00000, 0x0000000084b00000|100%| O|  |TAMS 0x0000000084b00000, 0x0000000084a00000| Untracked 
|  75|0x0000000084b00000, 0x0000000084c00000, 0x0000000084c00000|100%| O|  |TAMS 0x0000000084b00000, 0x0000000084b00000| Untracked 
|  76|0x0000000084c00000, 0x0000000084d00000, 0x0000000084d00000|100%| O|  |TAMS 0x0000000084d00000, 0x0000000084c00000| Untracked 
|  77|0x0000000084d00000, 0x0000000084e00000, 0x0000000084e00000|100%| O|  |TAMS 0x0000000084e00000, 0x0000000084d00000| Untracked 
|  78|0x0000000084e00000, 0x0000000084f00000, 0x0000000084f00000|100%| O|  |TAMS 0x0000000084f00000, 0x0000000084e00000| Untracked 
|  79|0x0000000084f00000, 0x0000000085000000, 0x0000000085000000|100%| O|  |TAMS 0x0000000085000000, 0x0000000084f00000| Untracked 
|  80|0x0000000085000000, 0x0000000085100000, 0x0000000085100000|100%| O|  |TAMS 0x0000000085100000, 0x0000000085000000| Untracked 
|  81|0x0000000085100000, 0x0000000085200000, 0x0000000085200000|100%| O|  |TAMS 0x0000000085200000, 0x0000000085100000| Untracked 
|  82|0x0000000085200000, 0x0000000085300000, 0x0000000085300000|100%| O|  |TAMS 0x0000000085300000, 0x0000000085200000| Untracked 
|  83|0x0000000085300000, 0x0000000085300000, 0x0000000085400000|  0%| F|  |TAMS 0x0000000085300000, 0x0000000085300000| Untracked 
|  84|0x0000000085400000, 0x0000000085500000, 0x0000000085500000|100%| O|  |TAMS 0x0000000085500000, 0x0000000085400000| Untracked 
|  85|0x0000000085500000, 0x0000000085600000, 0x0000000085600000|100%| O|  |TAMS 0x0000000085600000, 0x0000000085500000| Untracked 
|  86|0x0000000085600000, 0x0000000085700000, 0x0000000085700000|100%| O|  |TAMS 0x0000000085700000, 0x0000000085600000| Untracked 
|  87|0x0000000085700000, 0x0000000085800000, 0x0000000085800000|100%| O|  |TAMS 0x0000000085800000, 0x0000000085700000| Untracked 
|  88|0x0000000085800000, 0x0000000085900000, 0x0000000085900000|100%|HS|  |TAMS 0x0000000085900000, 0x0000000085800000| Complete 
|  89|0x0000000085900000, 0x0000000085a00000, 0x0000000085a00000|100%|HC|  |TAMS 0x0000000085a00000, 0x0000000085900000| Complete 
|  90|0x0000000085a00000, 0x0000000085b00000, 0x0000000085b00000|100%|HS|  |TAMS 0x0000000085b00000, 0x0000000085a00000| Complete 
|  91|0x0000000085b00000, 0x0000000085c00000, 0x0000000085c00000|100%|HC|  |TAMS 0x0000000085c00000, 0x0000000085b00000| Complete 
|  92|0x0000000085c00000, 0x0000000085d00000, 0x0000000085d00000|100%|HC|  |TAMS 0x0000000085d00000, 0x0000000085c00000| Complete 
|  93|0x0000000085d00000, 0x0000000085e00000, 0x0000000085e00000|100%|HS|  |TAMS 0x0000000085e00000, 0x0000000085d00000| Complete 
|  94|0x0000000085e00000, 0x0000000085f00000, 0x0000000085f00000|100%|HC|  |TAMS 0x0000000085f00000, 0x0000000085e00000| Complete 
|  95|0x0000000085f00000, 0x0000000086000000, 0x0000000086000000|100%|HC|  |TAMS 0x0000000086000000, 0x0000000085f00000| Complete 
|  96|0x0000000086000000, 0x0000000086100000, 0x0000000086100000|100%|HC|  |TAMS 0x0000000086100000, 0x0000000086000000| Complete 
|  97|0x0000000086100000, 0x0000000086200000, 0x0000000086200000|100%| O|  |TAMS 0x0000000086200000, 0x0000000086100000| Untracked 
|  98|0x0000000086200000, 0x0000000086300000, 0x0000000086300000|100%| O|  |TAMS 0x0000000086300000, 0x0000000086200000| Untracked 
|  99|0x0000000086300000, 0x0000000086300000, 0x0000000086400000|  0%| F|  |TAMS 0x0000000086300000, 0x0000000086300000| Untracked 
| 100|0x0000000086400000, 0x0000000086500000, 0x0000000086500000|100%| O|  |TAMS 0x0000000086500000, 0x0000000086400000| Untracked 
| 101|0x0000000086500000, 0x0000000086600000, 0x0000000086600000|100%| O|  |TAMS 0x0000000086600000, 0x0000000086500000| Untracked 
| 102|0x0000000086600000, 0x0000000086700000, 0x0000000086700000|100%| O|  |TAMS 0x0000000086600000, 0x0000000086600000| Untracked 
| 103|0x0000000086700000, 0x0000000086700000, 0x0000000086800000|  0%| F|  |TAMS 0x0000000086700000, 0x0000000086700000| Untracked 
| 104|0x0000000086800000, 0x0000000086900000, 0x0000000086900000|100%| O|  |TAMS 0x0000000086800000, 0x0000000086800000| Untracked 
| 105|0x0000000086900000, 0x0000000086a00000, 0x0000000086a00000|100%| O|  |TAMS 0x0000000086a00000, 0x0000000086900000| Untracked 
| 106|0x0000000086a00000, 0x0000000086b00000, 0x0000000086b00000|100%| O|  |TAMS 0x0000000086b00000, 0x0000000086a00000| Untracked 
| 107|0x0000000086b00000, 0x0000000086b00000, 0x0000000086c00000|  0%| F|  |TAMS 0x0000000086b00000, 0x0000000086b00000| Untracked 
| 108|0x0000000086c00000, 0x0000000086d00000, 0x0000000086d00000|100%| O|  |TAMS 0x0000000086d00000, 0x0000000086c00000| Untracked 
| 109|0x0000000086d00000, 0x0000000086e00000, 0x0000000086e00000|100%| O|  |TAMS 0x0000000086e00000, 0x0000000086d00000| Untracked 
| 110|0x0000000086e00000, 0x0000000086f00000, 0x0000000086f00000|100%| O|  |TAMS 0x0000000086f00000, 0x0000000086e00000| Untracked 
| 111|0x0000000086f00000, 0x0000000087000000, 0x0000000087000000|100%| O|  |TAMS 0x0000000087000000, 0x0000000086f00000| Untracked 
| 112|0x0000000087000000, 0x0000000087000000, 0x0000000087100000|  0%| F|  |TAMS 0x0000000087000000, 0x0000000087000000| Untracked 
| 113|0x0000000087100000, 0x0000000087200000, 0x0000000087200000|100%| O|  |TAMS 0x0000000087200000, 0x0000000087100000| Untracked 
| 114|0x0000000087200000, 0x0000000087300000, 0x0000000087300000|100%| O|  |TAMS 0x0000000087300000, 0x0000000087200000| Untracked 
| 115|0x0000000087300000, 0x0000000087400000, 0x0000000087400000|100%| O|  |TAMS 0x0000000087400000, 0x0000000087300000| Untracked 
| 116|0x0000000087400000, 0x0000000087500000, 0x0000000087500000|100%| O|  |TAMS 0x0000000087500000, 0x0000000087400000| Untracked 
| 117|0x0000000087500000, 0x0000000087600000, 0x0000000087600000|100%| O|  |TAMS 0x0000000087600000, 0x0000000087500000| Untracked 
| 118|0x0000000087600000, 0x0000000087700000, 0x0000000087700000|100%| O|  |TAMS 0x0000000087700000, 0x0000000087600000| Untracked 
| 119|0x0000000087700000, 0x0000000087800000, 0x0000000087800000|100%| O|  |TAMS 0x0000000087800000, 0x0000000087700000| Untracked 
| 120|0x0000000087800000, 0x0000000087900000, 0x0000000087900000|100%| O|  |TAMS 0x0000000087800000, 0x0000000087800000| Untracked 
| 121|0x0000000087900000, 0x0000000087a00000, 0x0000000087a00000|100%| O|  |TAMS 0x0000000087a00000, 0x0000000087900000| Untracked 
| 122|0x0000000087a00000, 0x0000000087b00000, 0x0000000087b00000|100%| O|  |TAMS 0x0000000087b00000, 0x0000000087a00000| Untracked 
| 123|0x0000000087b00000, 0x0000000087b00000, 0x0000000087c00000|  0%| F|  |TAMS 0x0000000087b00000, 0x0000000087b00000| Untracked 
| 124|0x0000000087c00000, 0x0000000087d00000, 0x0000000087d00000|100%| O|  |TAMS 0x0000000087d00000, 0x0000000087c00000| Untracked 
| 125|0x0000000087d00000, 0x0000000087e00000, 0x0000000087e00000|100%| O|  |TAMS 0x0000000087e00000, 0x0000000087d00000| Untracked 
| 126|0x0000000087e00000, 0x0000000087f00000, 0x0000000087f00000|100%| O|  |TAMS 0x0000000087f00000, 0x0000000087e00000| Untracked 
| 127|0x0000000087f00000, 0x0000000087f00000, 0x0000000088000000|  0%| F|  |TAMS 0x0000000087f00000, 0x0000000087f00000| Untracked 
| 128|0x0000000088000000, 0x0000000088100000, 0x0000000088100000|100%| O|  |TAMS 0x0000000088100000, 0x0000000088000000| Untracked 
| 129|0x0000000088100000, 0x0000000088100000, 0x0000000088200000|  0%| F|  |TAMS 0x0000000088100000, 0x0000000088100000| Untracked 
| 130|0x0000000088200000, 0x0000000088200000, 0x0000000088300000|  0%| F|  |TAMS 0x0000000088200000, 0x0000000088200000| Untracked 
| 131|0x0000000088300000, 0x0000000088400000, 0x0000000088400000|100%| O|  |TAMS 0x0000000088400000, 0x0000000088300000| Untracked 
| 132|0x0000000088400000, 0x0000000088500000, 0x0000000088500000|100%| O|  |TAMS 0x0000000088500000, 0x0000000088400000| Untracked 
| 133|0x0000000088500000, 0x0000000088500000, 0x0000000088600000|  0%| F|  |TAMS 0x0000000088500000, 0x0000000088500000| Untracked 
| 134|0x0000000088600000, 0x0000000088700000, 0x0000000088700000|100%| O|  |TAMS 0x0000000088700000, 0x0000000088600000| Untracked 
| 135|0x0000000088700000, 0x0000000088800000, 0x0000000088800000|100%| O|  |TAMS 0x0000000088800000, 0x0000000088700000| Untracked 
| 136|0x0000000088800000, 0x0000000088800000, 0x0000000088900000|  0%| F|  |TAMS 0x0000000088800000, 0x0000000088800000| Untracked 
| 137|0x0000000088900000, 0x0000000088900000, 0x0000000088a00000|  0%| F|  |TAMS 0x0000000088900000, 0x0000000088900000| Untracked 
| 138|0x0000000088a00000, 0x0000000088a00000, 0x0000000088b00000|  0%| F|  |TAMS 0x0000000088a00000, 0x0000000088a00000| Untracked 
| 139|0x0000000088b00000, 0x0000000088b00000, 0x0000000088c00000|  0%| F|  |TAMS 0x0000000088b00000, 0x0000000088b00000| Untracked 
| 140|0x0000000088c00000, 0x0000000088c00000, 0x0000000088d00000|  0%| F|  |TAMS 0x0000000088c00000, 0x0000000088c00000| Untracked 
| 141|0x0000000088d00000, 0x0000000088d00000, 0x0000000088e00000|  0%| F|  |TAMS 0x0000000088d00000, 0x0000000088d00000| Untracked 
| 142|0x0000000088e00000, 0x0000000088e00000, 0x0000000088f00000|  0%| F|  |TAMS 0x0000000088e00000, 0x0000000088e00000| Untracked 
| 143|0x0000000088f00000, 0x0000000088f00000, 0x0000000089000000|  0%| F|  |TAMS 0x0000000088f00000, 0x0000000088f00000| Untracked 
| 144|0x0000000089000000, 0x0000000089000000, 0x0000000089100000|  0%| F|  |TAMS 0x0000000089000000, 0x0000000089000000| Untracked 
| 145|0x0000000089100000, 0x0000000089200000, 0x0000000089200000|100%| O|  |TAMS 0x0000000089200000, 0x0000000089100000| Untracked 
| 146|0x0000000089200000, 0x0000000089300000, 0x0000000089300000|100%| O|  |TAMS 0x0000000089300000, 0x0000000089200000| Untracked 
| 147|0x0000000089300000, 0x0000000089400000, 0x0000000089400000|100%| O|  |TAMS 0x0000000089400000, 0x0000000089300000| Untracked 
| 148|0x0000000089400000, 0x0000000089500000, 0x0000000089500000|100%| O|  |TAMS 0x0000000089500000, 0x0000000089400000| Untracked 
| 149|0x0000000089500000, 0x0000000089600000, 0x0000000089600000|100%| O|  |TAMS 0x0000000089500000, 0x0000000089500000| Untracked 
| 150|0x0000000089600000, 0x0000000089700000, 0x0000000089700000|100%| O|  |TAMS 0x0000000089700000, 0x0000000089600000| Untracked 
| 151|0x0000000089700000, 0x0000000089800000, 0x0000000089800000|100%| O|  |TAMS 0x0000000089800000, 0x0000000089700000| Untracked 
| 152|0x0000000089800000, 0x0000000089900000, 0x0000000089900000|100%| O|  |TAMS 0x0000000089900000, 0x0000000089800000| Untracked 
| 153|0x0000000089900000, 0x0000000089a00000, 0x0000000089a00000|100%| O|  |TAMS 0x0000000089a00000, 0x0000000089900000| Untracked 
| 154|0x0000000089a00000, 0x0000000089b00000, 0x0000000089b00000|100%| O|  |TAMS 0x0000000089b00000, 0x0000000089a00000| Untracked 
| 155|0x0000000089b00000, 0x0000000089c00000, 0x0000000089c00000|100%| O|  |TAMS 0x0000000089c00000, 0x0000000089b00000| Untracked 
| 156|0x0000000089c00000, 0x0000000089c00000, 0x0000000089d00000|  0%| F|  |TAMS 0x0000000089c00000, 0x0000000089c00000| Untracked 
| 157|0x0000000089d00000, 0x0000000089e00000, 0x0000000089e00000|100%| O|  |TAMS 0x0000000089e00000, 0x0000000089d00000| Untracked 
| 158|0x0000000089e00000, 0x0000000089e00000, 0x0000000089f00000|  0%| F|  |TAMS 0x0000000089e00000, 0x0000000089e00000| Untracked 
| 159|0x0000000089f00000, 0x000000008a000000, 0x000000008a000000|100%| O|  |TAMS 0x0000000089f00000, 0x0000000089f00000| Untracked 
| 160|0x000000008a000000, 0x000000008a100000, 0x000000008a100000|100%| O|  |TAMS 0x000000008a000000, 0x000000008a000000| Untracked 
| 161|0x000000008a100000, 0x000000008a200000, 0x000000008a200000|100%| O|  |TAMS 0x000000008a100000, 0x000000008a100000| Untracked 
| 162|0x000000008a200000, 0x000000008a300000, 0x000000008a300000|100%| O|  |TAMS 0x000000008a200000, 0x000000008a200000| Untracked 
| 163|0x000000008a300000, 0x000000008a400000, 0x000000008a400000|100%| O|  |TAMS 0x000000008a300000, 0x000000008a300000| Untracked 
| 164|0x000000008a400000, 0x000000008a500000, 0x000000008a500000|100%| O|  |TAMS 0x000000008a400000, 0x000000008a400000| Untracked 
| 165|0x000000008a500000, 0x000000008a600000, 0x000000008a600000|100%| O|  |TAMS 0x000000008a500000, 0x000000008a500000| Untracked 
| 166|0x000000008a600000, 0x000000008a700000, 0x000000008a700000|100%| O|  |TAMS 0x000000008a600000, 0x000000008a600000| Untracked 
| 167|0x000000008a700000, 0x000000008a800000, 0x000000008a800000|100%| O|  |TAMS 0x000000008a700000, 0x000000008a700000| Untracked 
| 168|0x000000008a800000, 0x000000008a900000, 0x000000008a900000|100%| O|  |TAMS 0x000000008a800000, 0x000000008a800000| Untracked 
| 169|0x000000008a900000, 0x000000008a992800, 0x000000008aa00000| 57%| O|  |TAMS 0x000000008a900000, 0x000000008a900000| Untracked 
| 170|0x000000008aa00000, 0x000000008aa00000, 0x000000008ab00000|  0%| F|  |TAMS 0x000000008aa00000, 0x000000008aa00000| Untracked 
| 171|0x000000008ab00000, 0x000000008ab00000, 0x000000008ac00000|  0%| F|  |TAMS 0x000000008ab00000, 0x000000008ab00000| Untracked 
| 172|0x000000008ac00000, 0x000000008ac00000, 0x000000008ad00000|  0%| F|  |TAMS 0x000000008ac00000, 0x000000008ac00000| Untracked 
| 173|0x000000008ad00000, 0x000000008ad00000, 0x000000008ae00000|  0%| F|  |TAMS 0x000000008ad00000, 0x000000008ad00000| Untracked 
| 174|0x000000008ae00000, 0x000000008ae00000, 0x000000008af00000|  0%| F|  |TAMS 0x000000008ae00000, 0x000000008ae00000| Untracked 
| 175|0x000000008af00000, 0x000000008af00000, 0x000000008b000000|  0%| F|  |TAMS 0x000000008af00000, 0x000000008af00000| Untracked 
| 176|0x000000008b000000, 0x000000008b000000, 0x000000008b100000|  0%| F|  |TAMS 0x000000008b000000, 0x000000008b000000| Untracked 
| 177|0x000000008b100000, 0x000000008b100000, 0x000000008b200000|  0%| F|  |TAMS 0x000000008b100000, 0x000000008b100000| Untracked 
| 178|0x000000008b200000, 0x000000008b200000, 0x000000008b300000|  0%| F|  |TAMS 0x000000008b200000, 0x000000008b200000| Untracked 
| 179|0x000000008b300000, 0x000000008b300000, 0x000000008b400000|  0%| F|  |TAMS 0x000000008b300000, 0x000000008b300000| Untracked 
| 180|0x000000008b400000, 0x000000008b400000, 0x000000008b500000|  0%| F|  |TAMS 0x000000008b400000, 0x000000008b400000| Untracked 
| 181|0x000000008b500000, 0x000000008b500000, 0x000000008b600000|  0%| F|  |TAMS 0x000000008b500000, 0x000000008b500000| Untracked 
| 182|0x000000008b600000, 0x000000008b600000, 0x000000008b700000|  0%| F|  |TAMS 0x000000008b600000, 0x000000008b600000| Untracked 
| 183|0x000000008b700000, 0x000000008b700000, 0x000000008b800000|  0%| F|  |TAMS 0x000000008b700000, 0x000000008b700000| Untracked 
| 184|0x000000008b800000, 0x000000008b800000, 0x000000008b900000|  0%| F|  |TAMS 0x000000008b800000, 0x000000008b800000| Untracked 
| 185|0x000000008b900000, 0x000000008b900000, 0x000000008ba00000|  0%| F|  |TAMS 0x000000008b900000, 0x000000008b900000| Untracked 
| 186|0x000000008ba00000, 0x000000008ba00000, 0x000000008bb00000|  0%| F|  |TAMS 0x000000008ba00000, 0x000000008ba00000| Untracked 
| 187|0x000000008bb00000, 0x000000008bb00000, 0x000000008bc00000|  0%| F|  |TAMS 0x000000008bb00000, 0x000000008bb00000| Untracked 
| 188|0x000000008bc00000, 0x000000008bc00000, 0x000000008bd00000|  0%| F|  |TAMS 0x000000008bc00000, 0x000000008bc00000| Untracked 
| 189|0x000000008bd00000, 0x000000008bd00000, 0x000000008be00000|  0%| F|  |TAMS 0x000000008bd00000, 0x000000008bd00000| Untracked 
| 190|0x000000008be00000, 0x000000008be00000, 0x000000008bf00000|  0%| F|  |TAMS 0x000000008be00000, 0x000000008be00000| Untracked 
| 191|0x000000008bf00000, 0x000000008bf00000, 0x000000008c000000|  0%| F|  |TAMS 0x000000008bf00000, 0x000000008bf00000| Untracked 
| 192|0x000000008c000000, 0x000000008c000000, 0x000000008c100000|  0%| F|  |TAMS 0x000000008c000000, 0x000000008c000000| Untracked 
| 193|0x000000008c100000, 0x000000008c100000, 0x000000008c200000|  0%| F|  |TAMS 0x000000008c100000, 0x000000008c100000| Untracked 
| 194|0x000000008c200000, 0x000000008c200000, 0x000000008c300000|  0%| F|  |TAMS 0x000000008c200000, 0x000000008c200000| Untracked 
| 195|0x000000008c300000, 0x000000008c300000, 0x000000008c400000|  0%| F|  |TAMS 0x000000008c300000, 0x000000008c300000| Untracked 
| 196|0x000000008c400000, 0x000000008c400000, 0x000000008c500000|  0%| F|  |TAMS 0x000000008c400000, 0x000000008c400000| Untracked 
| 197|0x000000008c500000, 0x000000008c500000, 0x000000008c600000|  0%| F|  |TAMS 0x000000008c500000, 0x000000008c500000| Untracked 
| 198|0x000000008c600000, 0x000000008c600000, 0x000000008c700000|  0%| F|  |TAMS 0x000000008c600000, 0x000000008c600000| Untracked 
| 199|0x000000008c700000, 0x000000008c700000, 0x000000008c800000|  0%| F|  |TAMS 0x000000008c700000, 0x000000008c700000| Untracked 
| 200|0x000000008c800000, 0x000000008c800000, 0x000000008c900000|  0%| F|  |TAMS 0x000000008c800000, 0x000000008c800000| Untracked 
| 201|0x000000008c900000, 0x000000008c900000, 0x000000008ca00000|  0%| F|  |TAMS 0x000000008c900000, 0x000000008c900000| Untracked 
| 202|0x000000008ca00000, 0x000000008ca00000, 0x000000008cb00000|  0%| F|  |TAMS 0x000000008ca00000, 0x000000008ca00000| Untracked 
| 203|0x000000008cb00000, 0x000000008cb00000, 0x000000008cc00000|  0%| F|  |TAMS 0x000000008cb00000, 0x000000008cb00000| Untracked 
| 204|0x000000008cc00000, 0x000000008cc00000, 0x000000008cd00000|  0%| F|  |TAMS 0x000000008cc00000, 0x000000008cc00000| Untracked 
| 205|0x000000008cd00000, 0x000000008cd00000, 0x000000008ce00000|  0%| F|  |TAMS 0x000000008cd00000, 0x000000008cd00000| Untracked 
| 206|0x000000008ce00000, 0x000000008ce00000, 0x000000008cf00000|  0%| F|  |TAMS 0x000000008ce00000, 0x000000008ce00000| Untracked 
| 207|0x000000008cf00000, 0x000000008cf00000, 0x000000008d000000|  0%| F|  |TAMS 0x000000008cf00000, 0x000000008cf00000| Untracked 
| 208|0x000000008d000000, 0x000000008d000000, 0x000000008d100000|  0%| F|  |TAMS 0x000000008d000000, 0x000000008d000000| Untracked 
| 209|0x000000008d100000, 0x000000008d11aff0, 0x000000008d200000| 10%| E|  |TAMS 0x000000008d100000, 0x000000008d100000| Complete 
| 210|0x000000008d200000, 0x000000008d300000, 0x000000008d300000|100%| E|  |TAMS 0x000000008d200000, 0x000000008d200000| Complete 
| 211|0x000000008d300000, 0x000000008d400000, 0x000000008d400000|100%| E|CS|TAMS 0x000000008d300000, 0x000000008d300000| Complete 
| 212|0x000000008d400000, 0x000000008d500000, 0x000000008d500000|100%| E|CS|TAMS 0x000000008d400000, 0x000000008d400000| Complete 
| 213|0x000000008d500000, 0x000000008d5ccdc0, 0x000000008d600000| 80%| S|CS|TAMS 0x000000008d500000, 0x000000008d500000| Complete 
| 214|0x000000008d600000, 0x000000008d700000, 0x000000008d700000|100%| E|CS|TAMS 0x000000008d600000, 0x000000008d600000| Complete 
| 215|0x000000008d700000, 0x000000008d800000, 0x000000008d800000|100%| E|CS|TAMS 0x000000008d700000, 0x000000008d700000| Complete 
| 216|0x000000008d800000, 0x000000008d900000, 0x000000008d900000|100%| E|CS|TAMS 0x000000008d800000, 0x000000008d800000| Complete 
| 217|0x000000008d900000, 0x000000008da00000, 0x000000008da00000|100%| E|CS|TAMS 0x000000008d900000, 0x000000008d900000| Complete 
| 218|0x000000008da00000, 0x000000008db00000, 0x000000008db00000|100%| E|CS|TAMS 0x000000008da00000, 0x000000008da00000| Complete 
| 219|0x000000008db00000, 0x000000008dc00000, 0x000000008dc00000|100%| E|CS|TAMS 0x000000008db00000, 0x000000008db00000| Complete 
| 220|0x000000008dc00000, 0x000000008dd00000, 0x000000008dd00000|100%| E|CS|TAMS 0x000000008dc00000, 0x000000008dc00000| Complete 
| 221|0x000000008dd00000, 0x000000008de00000, 0x000000008de00000|100%| E|CS|TAMS 0x000000008dd00000, 0x000000008dd00000| Complete 
| 222|0x000000008de00000, 0x000000008df00000, 0x000000008df00000|100%| O|  |TAMS 0x000000008df00000, 0x000000008de00000| Untracked 
| 223|0x000000008df00000, 0x000000008e000000, 0x000000008e000000|100%| E|CS|TAMS 0x000000008df00000, 0x000000008df00000| Complete 

Card table byte_map: [0x00000261e88c0000,0x00000261e8cc0000] _byte_map_base: 0x00000261e84c0000

Marking Bits (Prev, Next): (CMBitMap*) 0x00000261d3791cc0, (CMBitMap*) 0x00000261d3791c88
 Prev Bits: [0x00000261eb0c0000, 0x00000261ed0c0000)
 Next Bits: [0x00000261e90c0000, 0x00000261eb0c0000)

Polling page: 0x00000261d35f0000

Metaspace:

Usage:
  Non-class:    102.40 MB capacity,   100.17 MB ( 98%) used,     1.85 MB (  2%) free+waste,   392.75 KB ( <1%) overhead. 
      Class:     16.00 MB capacity,    14.70 MB ( 92%) used,     1.12 MB (  7%) free+waste,   180.31 KB (  1%) overhead. 
       Both:    118.40 MB capacity,   114.87 MB ( 97%) used,     2.97 MB (  3%) free+waste,   573.06 KB ( <1%) overhead. 

Virtual space:
  Non-class space:      104.00 MB reserved,     102.42 MB ( 98%) committed 
      Class space:        1.00 GB reserved,      16.00 MB (  2%) committed 
             Both:        1.10 GB reserved,     118.42 MB ( 10%) committed 

Chunk freelists:
   Non-Class:  0 bytes
       Class:  0 bytes
        Both:  0 bytes

MaxMetaspaceSize: 17179869184.00 GB
CompressedClassSpaceSize: 1.00 GB

CodeHeap 'non-profiled nmethods': size=120000Kb used=11444Kb max_used=11444Kb free=108555Kb
 bounds [0x00000261e0520000, 0x00000261e1050000, 0x00000261e7a50000]
CodeHeap 'profiled nmethods': size=120000Kb used=36533Kb max_used=36533Kb free=83466Kb
 bounds [0x00000261d8ff0000, 0x00000261db3a0000, 0x00000261e0520000]
CodeHeap 'non-nmethods': size=5760Kb used=2420Kb max_used=2467Kb free=3339Kb
 bounds [0x00000261d8a50000, 0x00000261d8cd0000, 0x00000261d8ff0000]
 total_blobs=17341 nmethods=16333 adapters=917
 compilation: enabled
              stopped_count=0, restarted_count=0
 full_count=0

Compilation events (20 events):
Event: 148.660 Thread 0x00000261efbbe000 16491       3       java.io.ObjectStreamClass::getSuperDesc (9 bytes)
Event: 148.660 Thread 0x00000261efbbe000 nmethod 16491 0x00000261db393a10 code [0x00000261db393be0, 0x00000261db393e48]
Event: 148.663 Thread 0x00000261efbbe000 16494       3       java.io.ObjectOutputStream::isCustomSubclass (21 bytes)
Event: 148.664 Thread 0x00000261efbbe000 nmethod 16494 0x00000261db393f90 code [0x00000261db394260, 0x00000261db3953d8]
Event: 148.724 Thread 0x00000261efbbe000 16495       3       java.lang.invoke.DelegatingMethodHandle::whichKind (40 bytes)
Event: 148.724 Thread 0x00000261efbbe000 nmethod 16495 0x00000261db395910 code [0x00000261db395ac0, 0x00000261db395c38]
Event: 148.724 Thread 0x00000261efbbe000 16496       3       java.lang.invoke.ClassSpecializer$SpeciesData::factory (14 bytes)
Event: 148.725 Thread 0x00000261efbbe000 nmethod 16496 0x00000261db395d10 code [0x00000261db395ee0, 0x00000261db396188]
Event: 148.725 Thread 0x00000261efbbe000 16499       3       java.lang.invoke.MethodHandles::foldArgumentChecks (217 bytes)
Event: 148.727 Thread 0x00000261efbbe000 nmethod 16499 0x00000261db396290 code [0x00000261db396740, 0x00000261db3985b8]
Event: 148.727 Thread 0x00000261efbbe000 16502       3       java.lang.invoke.LambdaFormBuffer::endEdit (308 bytes)
Event: 148.728 Thread 0x00000261efbbe000 nmethod 16502 0x00000261db399210 code [0x00000261db3994a0, 0x00000261db39a218]
Event: 148.728 Thread 0x00000261efbbe000 16498       3       java.lang.invoke.MethodHandles::foldArguments (100 bytes)
Event: 148.728 Thread 0x00000261efbbe000 nmethod 16498 0x00000261db39a610 code [0x00000261db39a860, 0x00000261db39b218]
Event: 148.728 Thread 0x00000261efbbe000 16500       3       java.lang.invoke.LambdaFormEditor$Transform::of (9 bytes)
Event: 148.729 Thread 0x00000261efbbe000 nmethod 16500 0x00000261db39b690 code [0x00000261db39b840, 0x00000261db39b948]
Event: 148.729 Thread 0x00000261efbbe000 16501       1       java.lang.invoke.LambdaForm::arity (5 bytes)
Event: 148.729 Thread 0x00000261efbbe000 nmethod 16501 0x00000261e104c910 code [0x00000261e104cac0, 0x00000261e104cb78]
Event: 148.735 Thread 0x00000261efbbe000 16510       3       java.io.ObjectOutputStream::writeNonProxyDesc (109 bytes)
Event: 148.737 Thread 0x00000261efbbe000 nmethod 16510 0x00000261db39ba10 code [0x00000261db39bd80, 0x00000261db39ced8]

GC Heap History (20 events):
Event: 47.998 GC heap before
{Heap before GC invocations=57 (full 0):
 garbage-first heap   total 225280K, used 158881K [0x0000000080000000, 0x0000000100000000)
  region size 1024K, 11 young (11264K), 5 survivors (5120K)
 Metaspace       used 110653K, capacity 113668K, committed 113836K, reserved 1148928K
  class space    used 14130K, capacity 15267K, committed 15360K, reserved 1048576K
}
Event: 48.004 GC heap after
{Heap after GC invocations=58 (full 0):
 garbage-first heap   total 225280K, used 150461K [0x0000000080000000, 0x0000000100000000)
  region size 1024K, 2 young (2048K), 2 survivors (2048K)
 Metaspace       used 110653K, capacity 113668K, committed 113836K, reserved 1148928K
  class space    used 14130K, capacity 15267K, committed 15360K, reserved 1048576K
}
Event: 49.401 GC heap before
{Heap before GC invocations=58 (full 0):
 garbage-first heap   total 225280K, used 189373K [0x0000000080000000, 0x0000000100000000)
  region size 1024K, 41 young (41984K), 2 survivors (2048K)
 Metaspace       used 111160K, capacity 114129K, committed 114348K, reserved 1148928K
  class space    used 14189K, capacity 15313K, committed 15360K, reserved 1048576K
}
Event: 49.406 GC heap after
{Heap after GC invocations=59 (full 0):
 garbage-first heap   total 225280K, used 152843K [0x0000000080000000, 0x0000000100000000)
  region size 1024K, 4 young (4096K), 4 survivors (4096K)
 Metaspace       used 111160K, capacity 114129K, committed 114348K, reserved 1148928K
  class space    used 14189K, capacity 15313K, committed 15360K, reserved 1048576K
}
Event: 49.616 GC heap before
{Heap before GC invocations=60 (full 0):
 garbage-first heap   total 225280K, used 190731K [0x0000000080000000, 0x0000000100000000)
  region size 1024K, 42 young (43008K), 4 survivors (4096K)
 Metaspace       used 111646K, capacity 114707K, committed 114988K, reserved 1148928K
  class space    used 14236K, capacity 15377K, committed 15488K, reserved 1048576K
}
Event: 49.622 GC heap after
{Heap after GC invocations=61 (full 0):
 garbage-first heap   total 225280K, used 158109K [0x0000000080000000, 0x0000000100000000)
  region size 1024K, 6 young (6144K), 6 survivors (6144K)
 Metaspace       used 111646K, capacity 114707K, committed 114988K, reserved 1148928K
  class space    used 14236K, capacity 15377K, committed 15488K, reserved 1048576K
}
Event: 49.676 GC heap before
{Heap before GC invocations=61 (full 0):
 garbage-first heap   total 225280K, used 163229K [0x0000000080000000, 0x0000000100000000)
  region size 1024K, 11 young (11264K), 6 survivors (6144K)
 Metaspace       used 111884K, capacity 114875K, committed 114988K, reserved 1148928K
  class space    used 14271K, capacity 15410K, committed 15488K, reserved 1048576K
}
Event: 49.681 GC heap after
{Heap after GC invocations=62 (full 0):
 garbage-first heap   total 225280K, used 155321K [0x0000000080000000, 0x0000000100000000)
  region size 1024K, 1 young (1024K), 1 survivors (1024K)
 Metaspace       used 111884K, capacity 114875K, committed 114988K, reserved 1148928K
  class space    used 14271K, capacity 15410K, committed 15488K, reserved 1048576K
}
Event: 49.848 GC heap before
{Heap before GC invocations=62 (full 0):
 garbage-first heap   total 225280K, used 190137K [0x0000000080000000, 0x0000000100000000)
  region size 1024K, 36 young (36864K), 1 survivors (1024K)
 Metaspace       used 112108K, capacity 115173K, committed 115244K, reserved 1148928K
  class space    used 14297K, capacity 15421K, committed 15488K, reserved 1048576K
}
Event: 49.852 GC heap after
{Heap after GC invocations=63 (full 0):
 garbage-first heap   total 225280K, used 157693K [0x0000000080000000, 0x0000000100000000)
  region size 1024K, 4 young (4096K), 4 survivors (4096K)
 Metaspace       used 112108K, capacity 115173K, committed 115244K, reserved 1148928K
  class space    used 14297K, capacity 15421K, committed 15488K, reserved 1048576K
}
Event: 147.072 GC heap before
{Heap before GC invocations=64 (full 0):
 garbage-first heap   total 225280K, used 221181K [0x0000000080000000, 0x0000000100000000)
  region size 1024K, 37 young (37888K), 4 survivors (4096K)
 Metaspace       used 114388K, capacity 117501K, committed 117676K, reserved 1150976K
  class space    used 14589K, capacity 15751K, committed 15872K, reserved 1048576K
}
Event: 147.078 GC heap after
{Heap after GC invocations=65 (full 0):
 garbage-first heap   total 229376K, used 160033K [0x0000000080000000, 0x0000000100000000)
  region size 1024K, 3 young (3072K), 3 survivors (3072K)
 Metaspace       used 114388K, capacity 117501K, committed 117676K, reserved 1150976K
  class space    used 14589K, capacity 15751K, committed 15872K, reserved 1048576K
}
Event: 147.115 GC heap before
{Heap before GC invocations=65 (full 0):
 garbage-first heap   total 229376K, used 167201K [0x0000000080000000, 0x0000000100000000)
  region size 1024K, 11 young (11264K), 3 survivors (3072K)
 Metaspace       used 114401K, capacity 117501K, committed 117676K, reserved 1150976K
  class space    used 14589K, capacity 15751K, committed 15872K, reserved 1048576K
}
Event: 147.119 GC heap after
{Heap after GC invocations=66 (full 0):
 garbage-first heap   total 229376K, used 159272K [0x0000000080000000, 0x0000000100000000)
  region size 1024K, 1 young (1024K), 1 survivors (1024K)
 Metaspace       used 114401K, capacity 117501K, committed 117676K, reserved 1150976K
  class space    used 14589K, capacity 15751K, committed 15872K, reserved 1048576K
}
Event: 147.397 GC heap before
{Heap before GC invocations=66 (full 0):
 garbage-first heap   total 229376K, used 194088K [0x0000000080000000, 0x0000000100000000)
  region size 1024K, 36 young (36864K), 1 survivors (1024K)
 Metaspace       used 114676K, capacity 117822K, committed 117932K, reserved 1150976K
  class space    used 14595K, capacity 15762K, committed 15872K, reserved 1048576K
}
Event: 147.410 GC heap after
{Heap after GC invocations=67 (full 0):
 garbage-first heap   total 229376K, used 163998K [0x0000000080000000, 0x0000000100000000)
  region size 1024K, 5 young (5120K), 5 survivors (5120K)
 Metaspace       used 114676K, capacity 117822K, committed 117932K, reserved 1150976K
  class space    used 14595K, capacity 15762K, committed 15872K, reserved 1048576K
}
Event: 147.754 GC heap before
{Heap before GC invocations=68 (full 0):
 garbage-first heap   total 229376K, used 194718K [0x0000000080000000, 0x0000000100000000)
  region size 1024K, 35 young (35840K), 5 survivors (5120K)
 Metaspace       used 115703K, capacity 119030K, committed 119084K, reserved 1153024K
  class space    used 14748K, capacity 15974K, committed 16000K, reserved 1048576K
}
Event: 147.759 GC heap after
{Heap after GC invocations=69 (full 0):
 garbage-first heap   total 229376K, used 166047K [0x0000000080000000, 0x0000000100000000)
  region size 1024K, 3 young (3072K), 3 survivors (3072K)
 Metaspace       used 115703K, capacity 119030K, committed 119084K, reserved 1153024K
  class space    used 14748K, capacity 15974K, committed 16000K, reserved 1048576K
}
Event: 147.813 GC heap before
{Heap before GC invocations=69 (full 0):
 garbage-first heap   total 229376K, used 173215K [0x0000000080000000, 0x0000000100000000)
  region size 1024K, 11 young (11264K), 3 survivors (3072K)
 Metaspace       used 115972K, capacity 119344K, committed 119468K, reserved 1153024K
  class space    used 14780K, capacity 16022K, committed 16128K, reserved 1048576K
}
Event: 147.824 GC heap after
{Heap after GC invocations=70 (full 0):
 garbage-first heap   total 229376K, used 153981K [0x0000000080000000, 0x0000000100000000)
  region size 1024K, 1 young (1024K), 1 survivors (1024K)
 Metaspace       used 115972K, capacity 119344K, committed 119468K, reserved 1153024K
  class space    used 14780K, capacity 16022K, committed 16128K, reserved 1048576K
}

Deoptimization events (20 events):
Event: 148.535 Thread 0x00000261f8526800 Uncommon trap: trap_request=0xffffffde fr.pc=0x00000261e0623e2c relative=0x0000000000000b0c
Event: 148.535 Thread 0x00000261f8526800 Uncommon trap: reason=class_check action=maybe_recompile pc=0x00000261e0623e2c method=java.io.DataOutputStream.write(I)V @ 5 c2
Event: 148.535 Thread 0x00000261f8526800 DEOPT PACKING pc=0x00000261e0623e2c sp=0x000000f52f3fd140
Event: 148.535 Thread 0x00000261f8526800 DEOPT UNPACKING pc=0x00000261d8a583af sp=0x000000f52f3fd0d0 mode 2
Event: 148.630 Thread 0x00000261f8526800 Uncommon trap: trap_request=0xffffffd6 fr.pc=0x00000261e0e6a53c relative=0x0000000000001abc
Event: 148.630 Thread 0x00000261f8526800 Uncommon trap: reason=array_check action=maybe_recompile pc=0x00000261e0e6a53c method=java.util.TimSort.reverseRange([Ljava/lang/Object;II)V @ 20 c2
Event: 148.630 Thread 0x00000261f8526800 DEOPT PACKING pc=0x00000261e0e6a53c sp=0x000000f52f3fadc0
Event: 148.630 Thread 0x00000261f8526800 DEOPT UNPACKING pc=0x00000261d8a583af sp=0x000000f52f3fac78 mode 2
Event: 148.631 Thread 0x00000261f8526800 Uncommon trap: trap_request=0xffffffd6 fr.pc=0x00000261e0e6a53c relative=0x0000000000001abc
Event: 148.631 Thread 0x00000261f8526800 Uncommon trap: reason=array_check action=maybe_recompile pc=0x00000261e0e6a53c method=java.util.TimSort.reverseRange([Ljava/lang/Object;II)V @ 20 c2
Event: 148.631 Thread 0x00000261f8526800 DEOPT PACKING pc=0x00000261e0e6a53c sp=0x000000f52f3fafe0
Event: 148.631 Thread 0x00000261f8526800 DEOPT UNPACKING pc=0x00000261d8a583af sp=0x000000f52f3fae98 mode 2
Event: 148.655 Thread 0x00000261f8526800 Uncommon trap: trap_request=0xffffff4d fr.pc=0x00000261e0fc3688 relative=0x00000000000008a8
Event: 148.655 Thread 0x00000261f8526800 Uncommon trap: reason=unstable_if action=reinterpret pc=0x00000261e0fc3688 method=java.io.ObjectOutputStream$BlockDataOutputStream.writeShort(I)V @ 9 c2
Event: 148.655 Thread 0x00000261f8526800 DEOPT PACKING pc=0x00000261e0fc3688 sp=0x000000f52f3fd380
Event: 148.655 Thread 0x00000261f8526800 DEOPT UNPACKING pc=0x00000261d8a583af sp=0x000000f52f3fd2c0 mode 2
Event: 148.731 Thread 0x00000261f852c000 Uncommon trap: trap_request=0xffffffde fr.pc=0x00000261e0972e7c relative=0x00000000000000bc
Event: 148.731 Thread 0x00000261f852c000 Uncommon trap: reason=class_check action=maybe_recompile pc=0x00000261e0972e7c method=java.lang.ThreadLocal.set(Ljava/lang/Object;)V @ 26 c2
Event: 148.731 Thread 0x00000261f852c000 DEOPT PACKING pc=0x00000261e0972e7c sp=0x000000f52f9fd850
Event: 148.731 Thread 0x00000261f852c000 DEOPT UNPACKING pc=0x00000261d8a583af sp=0x000000f52f9fd7e0 mode 2

Classes redefined (0 events):
No events

Internal exceptions (20 events):
Event: 147.765 Thread 0x00000261f8520000 Exception <a 'java/lang/NoSuchMethodError'{0x000000008df91cc0}: <clinit>> (0x000000008df91cc0) thrown at [./src/hotspot/share/prims/jni.cpp, line 1362]
Event: 147.767 Thread 0x00000261f8520000 Exception <a 'java/lang/NoSuchMethodError'{0x000000008dfd9858}: <clinit>> (0x000000008dfd9858) thrown at [./src/hotspot/share/prims/jni.cpp, line 1362]
Event: 148.580 Thread 0x00000261f8526800 Exception <a 'java/lang/NoSuchMethodError'{0x000000008d8c4e30}: <clinit>> (0x000000008d8c4e30) thrown at [./src/hotspot/share/prims/jni.cpp, line 1362]
Event: 148.580 Thread 0x00000261f8526800 Exception <a 'java/lang/NoSuchMethodError'{0x000000008d8d0f68}: <clinit>> (0x000000008d8d0f68) thrown at [./src/hotspot/share/prims/jni.cpp, line 1362]
Event: 148.590 Thread 0x00000261f8526800 Exception <a 'java/lang/NoSuchMethodError'{0x000000008d76f190}: 'java.lang.Object java.lang.invoke.DirectMethodHandle$Holder.invokeSpecial(java.lang.Object, java.lang.Object, int, int, java.lang.Object, int, java.lang.Object, java.lang.Object)'> (0x000000008d76f190) thrown at [./src/hotspot/share/interpreter/linkResolver.cpp, line 773]
Event: 148.590 Thread 0x00000261f8526800 Exception <a 'java/lang/NoSuchMethodError'{0x000000008d772a78}: 'java.lang.Object java.lang.invoke.DelegatingMethodHandle$Holder.reinvoke_L(java.lang.Object, int, int, java.lang.Object, int, java.lang.Object, java.lang.Object)'> (0x000000008d772a78) thrown at [./src/hotspot/share/interpreter/linkResolver.cpp, line 773]
Event: 148.592 Thread 0x00000261f8526800 Exception <a 'java/lang/NoSuchMethodError'{0x000000008d79da38}: 'java.lang.Object java.lang.invoke.DirectMethodHandle$Holder.invokeStatic(java.lang.Object, java.lang.Object, java.lang.Object, java.lang.Object, java.lang.Object, java.lang.Object, java.lang.Object, java.lang.Object, int)'> (0x000000008d79da38) thrown at [./src/hotspot/share/interpreter/linkResolver.cpp, line 773]
Event: 148.593 Thread 0x00000261f8526800 Exception <a 'java/lang/NoSuchMethodError'{0x000000008d7b8708}: 'java.lang.Object java.lang.invoke.DirectMethodHandle$Holder.invokeStatic(java.lang.Object, java.lang.Object, java.lang.Object, java.lang.Object, java.lang.Object, java.lang.Object, java.lang.Object, java.lang.Object, int, int)'> (0x000000008d7b8708) thrown at [./src/hotspot/share/interpreter/linkResolver.cpp, line 773]
Event: 148.595 Thread 0x00000261f8526800 Exception <a 'java/lang/NoSuchMethodError'{0x000000008d7d42f0}: 'java.lang.Object java.lang.invoke.DirectMethodHandle$Holder.invokeStatic(java.lang.Object, java.lang.Object, java.lang.Object, java.lang.Object, java.lang.Object, java.lang.Object, java.lang.Object, java.lang.Object, int, int, java.lang.Object)'> (0x000000008d7d42f0) thrown at [./src/hotspot/share/interpreter/linkResolver.cpp, line 773]
Event: 148.596 Thread 0x00000261f8526800 Exception <a 'java/lang/NoSuchMethodError'{0x000000008d7f1268}: 'java.lang.Object java.lang.invoke.DirectMethodHandle$Holder.invokeStatic(java.lang.Object, java.lang.Object, java.lang.Object, java.lang.Object, java.lang.Object, java.lang.Object, java.lang.Object, java.lang.Object, int, int, java.lang.Object, java.lang.Object)'> (0x000000008d7f1268) thrown at [./src/hotspot/share/interpreter/linkResolver.cpp, line 773]
Event: 148.602 Thread 0x00000261f8526800 Exception <a 'java/lang/NoSuchMethodError'{0x000000008d627350}: <clinit>> (0x000000008d627350) thrown at [./src/hotspot/share/prims/jni.cpp, line 1362]
Event: 148.614 Thread 0x00000261f8528000 Exception <a 'java/lang/InterruptedException'{0x000000008d658928}> (0x000000008d658928) thrown at [./src/hotspot/share/runtime/objectMonitor.cpp, line 1635]
Event: 148.614 Thread 0x00000261f8528000 Exception <a 'java/lang/NoSuchMethodError'{0x000000008d660c08}: 'java.lang.Object java.lang.invoke.DirectMethodHandle$Holder.invokeStatic(java.lang.Object, java.lang.Object, int, java.lang.Object, long)'> (0x000000008d660c08) thrown at [./src/hotspot/share/interpreter/linkResolver.cpp, line 773]
Event: 148.630 Thread 0x00000261f8526800 Exception <a 'java/lang/NoSuchMethodError'{0x000000008d690f88}: <clinit>> (0x000000008d690f88) thrown at [./src/hotspot/share/prims/jni.cpp, line 1362]
Event: 148.631 Thread 0x00000261f8526800 Exception <a 'java/lang/NoSuchMethodError'{0x000000008d69d080}: <clinit>> (0x000000008d69d080) thrown at [./src/hotspot/share/prims/jni.cpp, line 1362]
Event: 148.632 Thread 0x00000261f8526800 Exception <a 'java/lang/NoSuchMethodError'{0x000000008d6aa108}: <clinit>> (0x000000008d6aa108) thrown at [./src/hotspot/share/prims/jni.cpp, line 1362]
Event: 148.638 Thread 0x00000261f8526800 Exception <a 'java/lang/NoSuchMethodError'{0x000000008d6c6a38}: <clinit>> (0x000000008d6c6a38) thrown at [./src/hotspot/share/prims/jni.cpp, line 1362]
Event: 148.657 Thread 0x00000261f8526800 Exception <a 'java/lang/NoSuchMethodError'{0x000000008d4faa38}: <clinit>> (0x000000008d4faa38) thrown at [./src/hotspot/share/prims/jni.cpp, line 1362]
Event: 148.727 Thread 0x00000261f852c000 Exception <a 'java/lang/NoSuchMethodError'{0x000000008d2d19d8}: 'java.lang.Object java.lang.invoke.DirectMethodHandle$Holder.invokeStatic(java.lang.Object, java.lang.Object, java.lang.Object, java.lang.Object, java.lang.Object, java.lang.Object, java.lang.Object, java.lang.Object, java.lang.Object, java.lang.Object, java.lang.Object, java.lang.Object, java.lang.Object, int)'> (0x000000008d2d19d8) thrown at [./src/hotspot/share/interpreter/linkResolver.cpp, line 773]
Event: 148.728 Thread 0x00000261f852c000 Exception <a 'java/lang/NoSuchMethodError'{0x000000008d2deb90}: 'java.lang.Object java.lang.invoke.DirectMethodHandle$Holder.invokeStatic(java.lang.Object, java.lang.Object, java.lang.Object, java.lang.Object, java.lang.Object, java.lang.Object, java.lang.Object, java.lang.Object, java.lang.Object, java.lang.Object, java.lang.Object, java.lang.Object, java.lang.Object, int, int)'> (0x000000008d2deb90) thrown at [./src/hotspot/share/interpreter/linkResolver.cpp, line 773]

Events (20 events):
Event: 148.729 loading class java/lang/invoke/BoundMethodHandle$Species_LLLLLLLLLLIIL
Event: 148.729 loading class java/lang/invoke/BoundMethodHandle$Species_LLLLLLLLLLIIL done
Event: 148.730 Executing VM operation: RevokeBias
Event: 148.730 Executing VM operation: RevokeBias done
Event: 148.730 Executing VM operation: RevokeBias
Event: 148.730 Executing VM operation: RevokeBias done
Event: 148.731 Executing VM operation: RevokeBias
Event: 148.731 Executing VM operation: RevokeBias done
Event: 148.731 Executing VM operation: RevokeBias
Event: 148.731 Executing VM operation: RevokeBias done
Event: 148.733 Executing VM operation: RevokeBias
Event: 148.733 Executing VM operation: RevokeBias done
Event: 148.734 loading class sun/rmi/transport/Transport$1
Event: 148.734 loading class sun/rmi/transport/Transport$1 done
Event: 148.735 loading class sun/rmi/transport/DGCImpl$LeaseInfo
Event: 148.735 loading class sun/rmi/transport/DGCImpl$LeaseInfo done
Event: 148.735 loading class sun/rmi/transport/DGCImpl$1
Event: 148.735 loading class sun/rmi/transport/DGCImpl$1 done
Event: 148.735 loading class sun/rmi/transport/SequenceEntry
Event: 148.735 loading class sun/rmi/transport/SequenceEntry done


Dynamic libraries:
0x00007ff7bbb20000 - 0x00007ff7bbb2a000 	D:\Program Files\Android\jre\bin\java.exe
0x00007fffd7200000 - 0x00007fffd73f0000 	C:\Windows\SYSTEM32\ntdll.dll
0x00007fffd5d80000 - 0x00007fffd5e32000 	C:\Windows\System32\KERNEL32.DLL
0x00007fffd4ba0000 - 0x00007fffd4e43000 	C:\Windows\System32\KERNELBASE.dll
0x00007fffd4f70000 - 0x00007fffd506a000 	C:\Windows\System32\ucrtbase.dll
0x00007fffc1dd0000 - 0x00007fffc1de9000 	D:\Program Files\Android\jre\bin\jli.dll
0x00007fffbbae0000 - 0x00007fffbbaf7000 	D:\Program Files\Android\jre\bin\VCRUNTIME140.dll
0x00007fffd6b70000 - 0x00007fffd6d04000 	C:\Windows\System32\USER32.dll
0x00007fffd4f40000 - 0x00007fffd4f61000 	C:\Windows\System32\win32u.dll
0x00007fffd6580000 - 0x00007fffd65a6000 	C:\Windows\System32\GDI32.dll
0x00007fffc2990000 - 0x00007fffc2c15000 	C:\Windows\WinSxS\amd64_microsoft.windows.common-controls_6595b64144ccf1df_6.0.18362.535_none_e6c3b34713100821\COMCTL32.dll
0x00007fffd5070000 - 0x00007fffd5204000 	C:\Windows\System32\gdi32full.dll
0x00007fffd4320000 - 0x00007fffd43be000 	C:\Windows\System32\msvcp_win.dll
0x00007fffd64e0000 - 0x00007fffd657e000 	C:\Windows\System32\msvcrt.dll
0x00007fffd61a0000 - 0x00007fffd64d6000 	C:\Windows\System32\combase.dll
0x00007fffd6780000 - 0x00007fffd68a0000 	C:\Windows\System32\RPCRT4.dll
0x00007fffd4ec0000 - 0x00007fffd4f40000 	C:\Windows\System32\bcryptPrimitives.dll
0x00007fffd5cd0000 - 0x00007fffd5cfe000 	C:\Windows\System32\IMM32.DLL
0x00007fffa8ce0000 - 0x00007fffa8d7d000 	D:\Program Files\Android\jre\bin\msvcp140.dll
0x00007fffa9360000 - 0x00007fffa9e35000 	D:\Program Files\Android\jre\bin\server\jvm.dll
0x00007fffd6ac0000 - 0x00007fffd6b63000 	C:\Windows\System32\ADVAPI32.dll
0x00007fffd68a0000 - 0x00007fffd6937000 	C:\Windows\System32\sechost.dll
0x00007fffd5d00000 - 0x00007fffd5d08000 	C:\Windows\System32\PSAPI.DLL
0x00007fffd0810000 - 0x00007fffd0819000 	C:\Windows\SYSTEM32\WSOCK32.dll
0x00007fffd6a50000 - 0x00007fffd6abf000 	C:\Windows\System32\WS2_32.dll
0x00007fffd1890000 - 0x00007fffd18b4000 	C:\Windows\SYSTEM32\WINMM.dll
0x00007fffcd800000 - 0x00007fffcd80a000 	C:\Windows\SYSTEM32\VERSION.dll
0x00007fffd1860000 - 0x00007fffd188d000 	C:\Windows\SYSTEM32\WINMMBASE.dll
0x00007fffd4e70000 - 0x00007fffd4eba000 	C:\Windows\System32\cfgmgr32.dll
0x00007fffd4190000 - 0x00007fffd41a1000 	C:\Windows\System32\kernel.appcore.dll
0x00007fffd07f0000 - 0x00007fffd0801000 	D:\Program Files\Android\jre\bin\verify.dll
0x00007fffd2a30000 - 0x00007fffd2c24000 	C:\Windows\SYSTEM32\DBGHELP.DLL
0x00007fffbdb20000 - 0x00007fffbdb4a000 	C:\Windows\SYSTEM32\dbgcore.DLL
0x00007fffd07c0000 - 0x00007fffd07e9000 	D:\Program Files\Android\jre\bin\java.dll
0x00007fffd06e0000 - 0x00007fffd06eb000 	D:\Program Files\Android\jre\bin\jimage.dll
0x00007fffcc1f0000 - 0x00007fffcc208000 	D:\Program Files\Android\jre\bin\zip.dll
0x00007fffd52f0000 - 0x00007fffd59d5000 	C:\Windows\System32\SHELL32.dll
0x00007fffd69a0000 - 0x00007fffd6a49000 	C:\Windows\System32\shcore.dll
0x00007fffd4420000 - 0x00007fffd4b9f000 	C:\Windows\System32\windows.storage.dll
0x00007fffd41b0000 - 0x00007fffd41cf000 	C:\Windows\System32\profapi.dll
0x00007fffd4140000 - 0x00007fffd418a000 	C:\Windows\System32\powrprof.dll
0x00007fffd4110000 - 0x00007fffd4120000 	C:\Windows\System32\UMPDC.dll
0x00007fffd65d0000 - 0x00007fffd6622000 	C:\Windows\System32\shlwapi.dll
0x00007fffd4e50000 - 0x00007fffd4e67000 	C:\Windows\System32\cryptsp.dll
0x00007fffcc1d0000 - 0x00007fffcc1ea000 	D:\Program Files\Android\jre\bin\net.dll
0x00007fffc4480000 - 0x00007fffc4570000 	C:\Windows\SYSTEM32\WINHTTP.dll
0x00007fffd3980000 - 0x00007fffd39e7000 	C:\Windows\system32\mswsock.dll
0x00007fffcc1b0000 - 0x00007fffcc1c4000 	D:\Program Files\Android\jre\bin\nio.dll
0x00007fffcc290000 - 0x00007fffcc2b7000 	D:\ProgramsfilesD\Android\Sdk\native\e1d6ef7f7dcc3fd88c89a11ec53ec762bb8ba0a96d01ffa2cd45eb1d1d8dd5c5\windows-amd64\native-platform.dll
0x00007fffa7f40000 - 0x00007fffa8084000 	D:\ProgramsfilesD\Android\Sdk\native\5664cfc778a61ccfe75a443a1ab52a65af34e5dc3c78e0209fed803814484fcb\windows-amd64\native-platform-file-events.dll
0x00007fffcf860000 - 0x00007fffcf86a000 	D:\Program Files\Android\jre\bin\management.dll
0x00007fffcccf0000 - 0x00007fffcccfd000 	D:\Program Files\Android\jre\bin\management_ext.dll
0x00007fffd34f0000 - 0x00007fffd3523000 	C:\Windows\system32\rsaenh.dll
0x00007fffd5210000 - 0x00007fffd5236000 	C:\Windows\System32\bcrypt.dll
0x00007fffd4030000 - 0x00007fffd4055000 	C:\Windows\SYSTEM32\USERENV.dll
0x00007fffd3b50000 - 0x00007fffd3b5c000 	C:\Windows\SYSTEM32\CRYPTBASE.dll
0x00007fffd3690000 - 0x00007fffd36ca000 	C:\Windows\SYSTEM32\IPHLPAPI.DLL
0x00007fffd65c0000 - 0x00007fffd65c8000 	C:\Windows\System32\NSI.dll
0x00007fffca010000 - 0x00007fffca026000 	C:\Windows\SYSTEM32\dhcpcsvc6.DLL
0x00007fffcbaa0000 - 0x00007fffcbabc000 	C:\Windows\SYSTEM32\dhcpcsvc.DLL
0x00007fffd36d0000 - 0x00007fffd379a000 	C:\Windows\SYSTEM32\DNSAPI.dll
0x00007fffcf870000 - 0x00007fffcf88e000 	C:\Temp\native-platform2451265276879343678dir\native-platform.dll
0x00007fffccce0000 - 0x00007fffccce8000 	D:\Program Files\Android\jre\bin\rmi.dll

dbghelp: loaded successfully - version: 4.0.5 - missing functions: none
symbol engine: initialized successfully - sym options: 0x614 - pdb path: .;D:\Program Files\Android\jre\bin;C:\Windows\SYSTEM32;C:\Windows\WinSxS\amd64_microsoft.windows.common-controls_6595b64144ccf1df_6.0.18362.535_none_e6c3b34713100821;D:\Program Files\Android\jre\bin\server;D:\ProgramsfilesD\Android\Sdk\native\e1d6ef7f7dcc3fd88c89a11ec53ec762bb8ba0a96d01ffa2cd45eb1d1d8dd5c5\windows-amd64;D:\ProgramsfilesD\Android\Sdk\native\5664cfc778a61ccfe75a443a1ab52a65af34e5dc3c78e0209fed803814484fcb\windows-amd64;C:\Temp\native-platform2451265276879343678dir

VM Arguments:
jvm_args: --add-opens=java.base/java.util=ALL-UNNAMED --add-opens=java.base/java.lang=ALL-UNNAMED --add-opens=java.base/java.lang.invoke=ALL-UNNAMED --add-opens=java.base/java.util=ALL-UNNAMED --add-opens=java.prefs/java.util.prefs=ALL-UNNAMED --add-opens=java.prefs/java.util.prefs=ALL-UNNAMED --add-opens=java.base/java.nio.charset=ALL-UNNAMED --add-opens=java.base/java.net=ALL-UNNAMED --add-opens=java.base/java.util.concurrent.atomic=ALL-UNNAMED -Xmx2048m -Dfile.encoding=UTF-8 -Duser.country=RU -Duser.language=ru -Duser.variant 
java_command: org.gradle.launcher.daemon.bootstrap.GradleDaemon 7.2
java_class_path (initial): D:\ProgramsfilesD\Android\Sdk\wrapper\dists\gradle-7.2-bin\2dnblmf4td7x66yl1d74lt32g\gradle-7.2\lib\gradle-launcher-7.2.jar
Launcher Type: SUN_STANDARD

[Global flags]
     intx CICompilerCount                          = 4                                         {product} {ergonomic}
     uint ConcGCThreads                            = 2                                         {product} {ergonomic}
     uint G1ConcRefinementThreads                  = 8                                         {product} {ergonomic}
   size_t G1HeapRegionSize                         = 1048576                                   {product} {ergonomic}
    uintx GCDrainStackTargetSize                   = 64                                        {product} {ergonomic}
   size_t InitialHeapSize                          = 132120576                                 {product} {ergonomic}
   size_t MarkStackSize                            = 4194304                                   {product} {ergonomic}
   size_t MaxHeapSize                              = 2147483648                                {product} {command line}
   size_t MaxNewSize                               = 1287651328                                {product} {ergonomic}
   size_t MinHeapDeltaBytes                        = 1048576                                   {product} {ergonomic}
    uintx NonNMethodCodeHeapSize                   = 5836300                                {pd product} {ergonomic}
    uintx NonProfiledCodeHeapSize                  = 122910970                              {pd product} {ergonomic}
    uintx ProfiledCodeHeapSize                     = 122910970                              {pd product} {ergonomic}
    uintx ReservedCodeCacheSize                    = 251658240                              {pd product} {ergonomic}
     bool SegmentedCodeCache                       = true                                      {product} {ergonomic}
     bool UseCompressedClassPointers               = true                                 {lp64_product} {ergonomic}
     bool UseCompressedOops                        = true                                 {lp64_product} {ergonomic}
     bool UseG1GC                                  = true                                      {product} {ergonomic}
     bool UseLargePagesIndividualAllocation        = false                                  {pd product} {ergonomic}

Logging:
Log output configuration:
 #0: stdout all=warning uptime,level,tags
 #1: stderr all=off uptime,level,tags

Environment Variables:
JAVA_HOME=D:\Program Files\Java
PATH=C:\PROGRA~2\Borland\CBUILD~1\Bin;C:\PROGRA~2\Borland\CBUILD~1\Projects\Bpl;C:\Program Files\Common Files\Oracle\Java\javapath;C:\Windows\system32;C:\Windows;C:\Windows\System32\Wbem;C:\Windows\System32\WindowsPowerShell\v1.0\;C:\Program Files (x86)\NVIDIA Corporation\PhysX\Common;C:\Program Files\NVIDIA Corporation\NVIDIA NvDLISR;C:\Program Files\Microsoft\Web Platform Installer\;C:\Program Files (x86)\Microsoft ASP.NET\ASP.NET Web Pages\v1.0\;C:\Program Files\Microsoft SQL Server\110\Tools\Binn\;C:\Program Files\Git\cmd;C:\Users\asus\AppData\Local\Programs\Python\Python310\Scripts\;C:\Users\asus\AppData\Local\Programs\Python\Python310\;C:\Users\asus\AppData\Local\Microsoft\WindowsApps;;D:\Program Files\JetBrains\IntelliJ IDEA Community Edition 2020.3\bin;
USERNAME=asus
OS=Windows_NT
PROCESSOR_IDENTIFIER=Intel64 Family 6 Model 126 Stepping 5, GenuineIntel



---------------  S Y S T E M  ---------------

OS: Windows 10 , 64 bit Build 18362 (10.0.18362.329)
OS uptime: 0 days 1:50 hours

CPU:total 8 (initial active 8) (4 cores per cpu, 2 threads per core) family 6 model 126 stepping 5 microcode 0x96, cmov, cx8, fxsr, mmx, sse, sse2, sse3, ssse3, sse4.1, sse4.2, popcnt, avx, avx2, aes, clmul, erms, 3dnowpref, lzcnt, ht, tsc, tscinvbit, bmi1, bmi2, adx, evex, sha, fma

Memory: 4k page, system-wide physical 7997M (534M free)
TotalPageFile size 7997M (AvailPageFile size 5M)
current process WorkingSet (physical memory assigned to process): 587M, peak: 587M
current process commit charge ("private bytes"): 628M, peak: 630M

vm_info: OpenJDK 64-Bit Server VM (11.0.11+9-b60-7590822) for windows-amd64 JRE (11.0.11+9-b60-7590822), built on Jul 29 2021 21:43:44 by "builder" with MS VC++ 14.0 (VS2015)

END.
