#
# There is insufficient memory for the Java Runtime Environment to continue.
# Native memory allocation (malloc) failed to allocate 3861296 bytes for Chunk::new
# Possible reasons:
#   The system is out of physical RAM or swap space
#   The process is running with CompressedOops enabled, and the Java Heap may be blocking the growth of the native heap
# Possible solutions:
#   Reduce memory load on the system
#   Increase physical memory or swap space
#   Check if swap backing store is full
#   Decrease Java heap size (-Xmx/-Xms)
#   Decrease number of Java threads
#   Decrease Java thread stack sizes (-Xss)
#   Set larger code cache with -XX:ReservedCodeCacheSize=
#   JVM is running with Unscaled Compressed Oops mode in which the Java heap is
#     placed in the first 4GB address space. The Java Heap base address is the
#     maximum limit for the native heap growth. Please use -XX:HeapBaseMinAddress
#     to set the Java Heap base and to place the Java Heap above 4GB virtual address.
# This output file may be truncated or incomplete.
#
#  Out of Memory Error (./src/hotspot/share/memory/arena.cpp:197), pid=8108, tid=7492
#
# JRE version: OpenJDK Runtime Environment (11.0.11+9) (build 11.0.11+9-b60-7590822)
# Java VM: OpenJDK 64-Bit Server VM (11.0.11+9-b60-7590822, mixed mode, tiered, compressed oops, g1 gc, windows-amd64)
# No core dump will be written. Minidumps are not enabled by default on client versions of Windows
#

---------------  S U M M A R Y ------------

Command Line: org.jetbrains.kotlin.cli.jvm.K2JVMCompiler @D:\MyMusicPLayer\app\build\20220525_14414143410891538761.compiler.options

Host: Intel(R) Core(TM) i7-1065G7 CPU @ 1.30GHz, 8 cores, 7G,  Windows 10 , 64 bit Build 18362 (10.0.18362.329)
Time: Wed May 25 16:25:05 2022 Caiaaiay Acey (ceia) elapsed time: 7.955798 seconds (0d 0h 0m 7s)

---------------  T H R E A D  ---------------

Current thread (0x00000244a29ad000):  JavaThread "C2 CompilerThread0" daemon [_thread_in_native, id=7492, stack(0x000000a734600000,0x000000a734700000)]


Current CompileTask:
C2:   7956 7853       4       org.jetbrains.kotlin.parsing.KotlinExpressionParsing$Precedence::parseHigherPrecedence (30 bytes)

Stack: [0x000000a734600000,0x000000a734700000]
Native frames: (J=compiled Java code, j=interpreted, Vv=VM code, C=native code)
V  [jvm.dll+0x5f214a]
V  [jvm.dll+0x726fb5]
V  [jvm.dll+0x7285cd]
V  [jvm.dll+0x728c83]
V  [jvm.dll+0x243278]
V  [jvm.dll+0xbc53c]
V  [jvm.dll+0xbca3c]
V  [jvm.dll+0x353e7d]
V  [jvm.dll+0x321893]
V  [jvm.dll+0x320d8a]
V  [jvm.dll+0x1fc1e2]
V  [jvm.dll+0x1fb3d4]
V  [jvm.dll+0x183d6c]
V  [jvm.dll+0x209a57]
V  [jvm.dll+0x2082a1]
V  [jvm.dll+0x6ef58f]
V  [jvm.dll+0x6e80b5]
V  [jvm.dll+0x5f1036]
C  [ucrtbase.dll+0x20e72]
C  [KERNEL32.DLL+0x17bd4]
C  [ntdll.dll+0x6ced1]


---------------  P R O C E S S  ---------------

Threads class SMR info:
_java_thread_list=0x00000244a8621be0, length=11, elements={
0x00000244886b9800, 0x00000244a2989800, 0x00000244a298a800, 0x00000244a29a7800,
0x00000244a29ab800, 0x00000244a32f6800, 0x00000244a29ad000, 0x00000244a29ae000,
0x00000244a32f7000, 0x00000244a32f8000, 0x00000244a560c000
}

Java Threads: ( => current thread )
  0x00000244886b9800 JavaThread "main" [_thread_in_Java, id=572, stack(0x000000a733a00000,0x000000a733b00000)]
  0x00000244a2989800 JavaThread "Reference Handler" daemon [_thread_blocked, id=5472, stack(0x000000a734100000,0x000000a734200000)]
  0x00000244a298a800 JavaThread "Finalizer" daemon [_thread_blocked, id=2524, stack(0x000000a734200000,0x000000a734300000)]
  0x00000244a29a7800 JavaThread "Signal Dispatcher" daemon [_thread_blocked, id=4828, stack(0x000000a734300000,0x000000a734400000)]
  0x00000244a29ab800 JavaThread "Attach Listener" daemon [_thread_blocked, id=10276, stack(0x000000a734400000,0x000000a734500000)]
  0x00000244a32f6800 JavaThread "Service Thread" daemon [_thread_blocked, id=5836, stack(0x000000a734500000,0x000000a734600000)]
=>0x00000244a29ad000 JavaThread "C2 CompilerThread0" daemon [_thread_in_native, id=7492, stack(0x000000a734600000,0x000000a734700000)]
  0x00000244a29ae000 JavaThread "C1 CompilerThread0" daemon [_thread_in_native, id=5464, stack(0x000000a734700000,0x000000a734800000)]
  0x00000244a32f7000 JavaThread "Sweeper thread" daemon [_thread_blocked, id=12000, stack(0x000000a734800000,0x000000a734900000)]
  0x00000244a32f8000 JavaThread "Common-Cleaner" daemon [_thread_blocked, id=2056, stack(0x000000a734a00000,0x000000a734b00000)]
  0x00000244a560c000 JavaThread "C2 CompilerThread1" daemon [_thread_in_native, id=8040, stack(0x000000a734b00000,0x000000a734c00000)]

Other Threads:
  0x00000244a2987000 VMThread "VM Thread" [stack: 0x000000a734000000,0x000000a734100000] [id=3148]
  0x00000244a3460000 WatcherThread [stack: 0x000000a734900000,0x000000a734a00000] [id=11464]
  0x00000244886d2800 GCTaskThread "GC Thread#0" [stack: 0x000000a733b00000,0x000000a733c00000] [id=5456]
  0x00000244a39a2000 GCTaskThread "GC Thread#1" [stack: 0x000000a734d00000,0x000000a734e00000] [id=6492]
  0x00000244a39a3000 GCTaskThread "GC Thread#2" [stack: 0x000000a734e00000,0x000000a734f00000] [id=1656]
  0x0000024488702800 ConcurrentGCThread "G1 Main Marker" [stack: 0x000000a733c00000,0x000000a733d00000] [id=2032]
  0x0000024488704000 ConcurrentGCThread "G1 Conc#0" [stack: 0x000000a733d00000,0x000000a733e00000] [id=9260]
  0x00000244a4822800 ConcurrentGCThread "G1 Conc#1" [stack: 0x000000a734f00000,0x000000a735000000] [id=9128]
  0x00000244a27d0800 ConcurrentGCThread "G1 Refine#0" [stack: 0x000000a733e00000,0x000000a733f00000] [id=5360]
  0x00000244a69fe000 ConcurrentGCThread "G1 Refine#1" [stack: 0x000000a735000000,0x000000a735100000] [id=5616]
  0x00000244a3e2e800 ConcurrentGCThread "G1 Refine#2" [stack: 0x000000a735100000,0x000000a735200000] [id=11868]
  0x00000244a27d1800 ConcurrentGCThread "G1 Young RemSet Sampling" [stack: 0x000000a733f00000,0x000000a734000000] [id=9296]

Threads with active compile tasks:
C2 CompilerThread0   7967 7853       4       org.jetbrains.kotlin.parsing.KotlinExpressionParsing$Precedence::parseHigherPrecedence (30 bytes)
C1 CompilerThread0   7967 8650       3       org.jetbrains.kotlin.resolve.OverridingUtil::getBasicOverridabilityProblem (134 bytes)
C2 CompilerThread1   7967 8612       4       org.jetbrains.kotlin.parsing.SemanticWhitespaceAwarePsiBuilderImpl::newlineBeforeCurrentToken (190 bytes)

VM state:not at safepoint (normal execution)

VM Mutex/Monitor currently owned by a thread: None

Heap address: 0x0000000083000000, size: 2000 MB, Compressed Oops mode: 32-bit
Narrow klass base: 0x0000000000000000, Narrow klass shift: 3
Compressed class space size: 1073741824 Address: 0x0000000100000000

Heap:
 garbage-first heap   total 192512K, used 65024K [0x0000000083000000, 0x0000000100000000)
  region size 1024K, 20 young (20480K), 7 survivors (7168K)
 Metaspace       used 65688K, capacity 66591K, committed 66716K, reserved 1107968K
  class space    used 7552K, capacity 7890K, committed 7916K, reserved 1048576K
Heap Regions: E=young(eden), S=young(survivor), O=old, HS=humongous(starts), HC=humongous(continues), CS=collection set, F=free, A=archive, TAMS=top-at-mark-start (previous, next)
|   0|0x0000000083000000, 0x0000000083100000, 0x0000000083100000|100%|HS|  |TAMS 0x0000000083100000, 0x0000000083000000| Complete 
|   1|0x0000000083100000, 0x0000000083200000, 0x0000000083200000|100%|HC|  |TAMS 0x0000000083200000, 0x0000000083100000| Complete 
|   2|0x0000000083200000, 0x0000000083300000, 0x0000000083300000|100%|HC|  |TAMS 0x0000000083300000, 0x0000000083200000| Complete 
|   3|0x0000000083300000, 0x0000000083400000, 0x0000000083400000|100%|HS|  |TAMS 0x0000000083400000, 0x0000000083300000| Complete 
|   4|0x0000000083400000, 0x0000000083500000, 0x0000000083500000|100%|HC|  |TAMS 0x0000000083500000, 0x0000000083400000| Complete 
|   5|0x0000000083500000, 0x0000000083600000, 0x0000000083600000|100%|HC|  |TAMS 0x0000000083600000, 0x0000000083500000| Complete 
|   6|0x0000000083600000, 0x0000000083700000, 0x0000000083700000|100%|HS|  |TAMS 0x0000000083700000, 0x0000000083600000| Complete 
|   7|0x0000000083700000, 0x0000000083800000, 0x0000000083800000|100%|HC|  |TAMS 0x0000000083800000, 0x0000000083700000| Complete 
|   8|0x0000000083800000, 0x0000000083900000, 0x0000000083900000|100%| O|  |TAMS 0x0000000083900000, 0x0000000083800000| Untracked 
|   9|0x0000000083900000, 0x0000000083a00000, 0x0000000083a00000|100%| O|  |TAMS 0x0000000083a00000, 0x0000000083900000| Untracked 
|  10|0x0000000083a00000, 0x0000000083b00000, 0x0000000083b00000|100%| O|  |TAMS 0x0000000083b00000, 0x0000000083a00000| Untracked 
|  11|0x0000000083b00000, 0x0000000083c00000, 0x0000000083c00000|100%| O|  |TAMS 0x0000000083c00000, 0x0000000083b00000| Untracked 
|  12|0x0000000083c00000, 0x0000000083d00000, 0x0000000083d00000|100%| O|  |TAMS 0x0000000083d00000, 0x0000000083c00000| Untracked 
|  13|0x0000000083d00000, 0x0000000083e00000, 0x0000000083e00000|100%| O|  |TAMS 0x0000000083e00000, 0x0000000083d00000| Untracked 
|  14|0x0000000083e00000, 0x0000000083f00000, 0x0000000083f00000|100%| O|  |TAMS 0x0000000083f00000, 0x0000000083e00000| Untracked 
|  15|0x0000000083f00000, 0x0000000084000000, 0x0000000084000000|100%| O|  |TAMS 0x0000000084000000, 0x0000000083f00000| Untracked 
|  16|0x0000000084000000, 0x0000000084100000, 0x0000000084100000|100%| O|  |TAMS 0x0000000084100000, 0x0000000084000000| Untracked 
|  17|0x0000000084100000, 0x0000000084200000, 0x0000000084200000|100%| O|  |TAMS 0x0000000084200000, 0x0000000084100000| Untracked 
|  18|0x0000000084200000, 0x0000000084300000, 0x0000000084300000|100%| O|  |TAMS 0x0000000084300000, 0x0000000084200000| Untracked 
|  19|0x0000000084300000, 0x0000000084400000, 0x0000000084400000|100%| O|  |TAMS 0x0000000084400000, 0x0000000084300000| Untracked 
|  20|0x0000000084400000, 0x0000000084500000, 0x0000000084500000|100%| O|  |TAMS 0x0000000084500000, 0x0000000084400000| Untracked 
|  21|0x0000000084500000, 0x0000000084600000, 0x0000000084600000|100%| O|  |TAMS 0x0000000084600000, 0x0000000084500000| Untracked 
|  22|0x0000000084600000, 0x0000000084700000, 0x0000000084700000|100%| O|  |TAMS 0x0000000084700000, 0x0000000084600000| Untracked 
|  23|0x0000000084700000, 0x0000000084800000, 0x0000000084800000|100%| O|  |TAMS 0x0000000084800000, 0x0000000084700000| Untracked 
|  24|0x0000000084800000, 0x0000000084900000, 0x0000000084900000|100%| O|  |TAMS 0x0000000084900000, 0x0000000084800000| Untracked 
|  25|0x0000000084900000, 0x0000000084a00000, 0x0000000084a00000|100%| O|  |TAMS 0x0000000084a00000, 0x0000000084900000| Untracked 
|  26|0x0000000084a00000, 0x0000000084b00000, 0x0000000084b00000|100%| O|  |TAMS 0x0000000084b00000, 0x0000000084a00000| Untracked 
|  27|0x0000000084b00000, 0x0000000084c00000, 0x0000000084c00000|100%| O|  |TAMS 0x0000000084c00000, 0x0000000084b00000| Untracked 
|  28|0x0000000084c00000, 0x0000000084d00000, 0x0000000084d00000|100%| O|  |TAMS 0x0000000084d00000, 0x0000000084c00000| Untracked 
|  29|0x0000000084d00000, 0x0000000084e00000, 0x0000000084e00000|100%| O|  |TAMS 0x0000000084e00000, 0x0000000084d00000| Untracked 
|  30|0x0000000084e00000, 0x0000000084f00000, 0x0000000084f00000|100%| O|  |TAMS 0x0000000084f00000, 0x0000000084e00000| Untracked 
|  31|0x0000000084f00000, 0x0000000085000000, 0x0000000085000000|100%| O|  |TAMS 0x0000000085000000, 0x0000000084f00000| Untracked 
|  32|0x0000000085000000, 0x0000000085100000, 0x0000000085100000|100%| O|  |TAMS 0x0000000085100000, 0x0000000085000000| Untracked 
|  33|0x0000000085100000, 0x0000000085200000, 0x0000000085200000|100%| O|  |TAMS 0x0000000085200000, 0x0000000085100000| Untracked 
|  34|0x0000000085200000, 0x0000000085300000, 0x0000000085300000|100%| O|  |TAMS 0x0000000085300000, 0x0000000085200000| Untracked 
|  35|0x0000000085300000, 0x0000000085400000, 0x0000000085400000|100%| O|  |TAMS 0x0000000085400000, 0x0000000085300000| Untracked 
|  36|0x0000000085400000, 0x0000000085500000, 0x0000000085500000|100%| O|  |TAMS 0x0000000085500000, 0x0000000085400000| Untracked 
|  37|0x0000000085500000, 0x0000000085600000, 0x0000000085600000|100%| O|  |TAMS 0x0000000085600000, 0x0000000085500000| Untracked 
|  38|0x0000000085600000, 0x0000000085700000, 0x0000000085700000|100%| O|  |TAMS 0x0000000085700000, 0x0000000085600000| Untracked 
|  39|0x0000000085700000, 0x0000000085800000, 0x0000000085800000|100%| O|  |TAMS 0x0000000085800000, 0x0000000085700000| Untracked 
|  40|0x0000000085800000, 0x0000000085900000, 0x0000000085900000|100%| O|  |TAMS 0x0000000085900000, 0x0000000085800000| Untracked 
|  41|0x0000000085900000, 0x0000000085a00000, 0x0000000085a00000|100%| O|  |TAMS 0x0000000085a00000, 0x0000000085900000| Untracked 
|  42|0x0000000085a00000, 0x0000000085b00000, 0x0000000085b00000|100%| O|  |TAMS 0x0000000085b00000, 0x0000000085a00000| Untracked 
|  43|0x0000000085b00000, 0x0000000085c00000, 0x0000000085c00000|100%| O|  |TAMS 0x0000000085c00000, 0x0000000085b00000| Untracked 
|  44|0x0000000085c00000, 0x0000000085c80000, 0x0000000085d00000| 50%| O|  |TAMS 0x0000000085c80000, 0x0000000085c00000| Untracked 
|  45|0x0000000085d00000, 0x0000000085d00000, 0x0000000085e00000|  0%| F|  |TAMS 0x0000000085d00000, 0x0000000085d00000| Untracked 
|  46|0x0000000085e00000, 0x0000000085e00000, 0x0000000085f00000|  0%| F|  |TAMS 0x0000000085e00000, 0x0000000085e00000| Untracked 
|  47|0x0000000085f00000, 0x0000000085f00000, 0x0000000086000000|  0%| F|  |TAMS 0x0000000085f00000, 0x0000000085f00000| Untracked 
|  48|0x0000000086000000, 0x0000000086000000, 0x0000000086100000|  0%| F|  |TAMS 0x0000000086000000, 0x0000000086000000| Untracked 
|  49|0x0000000086100000, 0x0000000086100000, 0x0000000086200000|  0%| F|  |TAMS 0x0000000086100000, 0x0000000086100000| Untracked 
|  50|0x0000000086200000, 0x0000000086200000, 0x0000000086300000|  0%| F|  |TAMS 0x0000000086200000, 0x0000000086200000| Untracked 
|  51|0x0000000086300000, 0x0000000086300000, 0x0000000086400000|  0%| F|  |TAMS 0x0000000086300000, 0x0000000086300000| Untracked 
|  52|0x0000000086400000, 0x0000000086400000, 0x0000000086500000|  0%| F|  |TAMS 0x0000000086400000, 0x0000000086400000| Untracked 
|  53|0x0000000086500000, 0x0000000086500000, 0x0000000086600000|  0%| F|  |TAMS 0x0000000086500000, 0x0000000086500000| Untracked 
|  54|0x0000000086600000, 0x0000000086600000, 0x0000000086700000|  0%| F|  |TAMS 0x0000000086600000, 0x0000000086600000| Untracked 
|  55|0x0000000086700000, 0x0000000086700000, 0x0000000086800000|  0%| F|  |TAMS 0x0000000086700000, 0x0000000086700000| Untracked 
|  56|0x0000000086800000, 0x0000000086800000, 0x0000000086900000|  0%| F|  |TAMS 0x0000000086800000, 0x0000000086800000| Untracked 
|  57|0x0000000086900000, 0x0000000086900000, 0x0000000086a00000|  0%| F|  |TAMS 0x0000000086900000, 0x0000000086900000| Untracked 
|  58|0x0000000086a00000, 0x0000000086a00000, 0x0000000086b00000|  0%| F|  |TAMS 0x0000000086a00000, 0x0000000086a00000| Untracked 
|  59|0x0000000086b00000, 0x0000000086b00000, 0x0000000086c00000|  0%| F|  |TAMS 0x0000000086b00000, 0x0000000086b00000| Untracked 
|  60|0x0000000086c00000, 0x0000000086c00000, 0x0000000086d00000|  0%| F|  |TAMS 0x0000000086c00000, 0x0000000086c00000| Untracked 
|  61|0x0000000086d00000, 0x0000000086d00000, 0x0000000086e00000|  0%| F|  |TAMS 0x0000000086d00000, 0x0000000086d00000| Untracked 
|  62|0x0000000086e00000, 0x0000000086e00000, 0x0000000086f00000|  0%| F|  |TAMS 0x0000000086e00000, 0x0000000086e00000| Untracked 
|  63|0x0000000086f00000, 0x0000000086f00000, 0x0000000087000000|  0%| F|  |TAMS 0x0000000086f00000, 0x0000000086f00000| Untracked 
|  64|0x0000000087000000, 0x0000000087000000, 0x0000000087100000|  0%| F|  |TAMS 0x0000000087000000, 0x0000000087000000| Untracked 
|  65|0x0000000087100000, 0x0000000087100000, 0x0000000087200000|  0%| F|  |TAMS 0x0000000087100000, 0x0000000087100000| Untracked 
|  66|0x0000000087200000, 0x0000000087200000, 0x0000000087300000|  0%| F|  |TAMS 0x0000000087200000, 0x0000000087200000| Untracked 
|  67|0x0000000087300000, 0x0000000087300000, 0x0000000087400000|  0%| F|  |TAMS 0x0000000087300000, 0x0000000087300000| Untracked 
|  68|0x0000000087400000, 0x0000000087400000, 0x0000000087500000|  0%| F|  |TAMS 0x0000000087400000, 0x0000000087400000| Untracked 
|  69|0x0000000087500000, 0x0000000087500000, 0x0000000087600000|  0%| F|  |TAMS 0x0000000087500000, 0x0000000087500000| Untracked 
|  70|0x0000000087600000, 0x0000000087600000, 0x0000000087700000|  0%| F|  |TAMS 0x0000000087600000, 0x0000000087600000| Untracked 
|  71|0x0000000087700000, 0x0000000087700000, 0x0000000087800000|  0%| F|  |TAMS 0x0000000087700000, 0x0000000087700000| Untracked 
|  72|0x0000000087800000, 0x0000000087800000, 0x0000000087900000|  0%| F|  |TAMS 0x0000000087800000, 0x0000000087800000| Untracked 
|  73|0x0000000087900000, 0x0000000087900000, 0x0000000087a00000|  0%| F|  |TAMS 0x0000000087900000, 0x0000000087900000| Untracked 
|  74|0x0000000087a00000, 0x0000000087a00000, 0x0000000087b00000|  0%| F|  |TAMS 0x0000000087a00000, 0x0000000087a00000| Untracked 
|  75|0x0000000087b00000, 0x0000000087b00000, 0x0000000087c00000|  0%| F|  |TAMS 0x0000000087b00000, 0x0000000087b00000| Untracked 
|  76|0x0000000087c00000, 0x0000000087c00000, 0x0000000087d00000|  0%| F|  |TAMS 0x0000000087c00000, 0x0000000087c00000| Untracked 
|  77|0x0000000087d00000, 0x0000000087d00000, 0x0000000087e00000|  0%| F|  |TAMS 0x0000000087d00000, 0x0000000087d00000| Untracked 
|  78|0x0000000087e00000, 0x0000000087e00000, 0x0000000087f00000|  0%| F|  |TAMS 0x0000000087e00000, 0x0000000087e00000| Untracked 
|  79|0x0000000087f00000, 0x0000000087f00000, 0x0000000088000000|  0%| F|  |TAMS 0x0000000087f00000, 0x0000000087f00000| Untracked 
|  80|0x0000000088000000, 0x0000000088000000, 0x0000000088100000|  0%| F|  |TAMS 0x0000000088000000, 0x0000000088000000| Untracked 
|  81|0x0000000088100000, 0x0000000088100000, 0x0000000088200000|  0%| F|  |TAMS 0x0000000088100000, 0x0000000088100000| Untracked 
|  82|0x0000000088200000, 0x0000000088200000, 0x0000000088300000|  0%| F|  |TAMS 0x0000000088200000, 0x0000000088200000| Untracked 
|  83|0x0000000088300000, 0x0000000088300000, 0x0000000088400000|  0%| F|  |TAMS 0x0000000088300000, 0x0000000088300000| Untracked 
|  84|0x0000000088400000, 0x0000000088400000, 0x0000000088500000|  0%| F|  |TAMS 0x0000000088400000, 0x0000000088400000| Untracked 
|  85|0x0000000088500000, 0x0000000088500000, 0x0000000088600000|  0%| F|  |TAMS 0x0000000088500000, 0x0000000088500000| Untracked 
|  86|0x0000000088600000, 0x0000000088600000, 0x0000000088700000|  0%| F|  |TAMS 0x0000000088600000, 0x0000000088600000| Untracked 
|  87|0x0000000088700000, 0x0000000088700000, 0x0000000088800000|  0%| F|  |TAMS 0x0000000088700000, 0x0000000088700000| Untracked 
|  88|0x0000000088800000, 0x0000000088800000, 0x0000000088900000|  0%| F|  |TAMS 0x0000000088800000, 0x0000000088800000| Untracked 
|  89|0x0000000088900000, 0x0000000088900000, 0x0000000088a00000|  0%| F|  |TAMS 0x0000000088900000, 0x0000000088900000| Untracked 
|  90|0x0000000088a00000, 0x0000000088a00000, 0x0000000088b00000|  0%| F|  |TAMS 0x0000000088a00000, 0x0000000088a00000| Untracked 
|  91|0x0000000088b00000, 0x0000000088b00000, 0x0000000088c00000|  0%| F|  |TAMS 0x0000000088b00000, 0x0000000088b00000| Untracked 
|  92|0x0000000088c00000, 0x0000000088c00000, 0x0000000088d00000|  0%| F|  |TAMS 0x0000000088c00000, 0x0000000088c00000| Untracked 
|  93|0x0000000088d00000, 0x0000000088e00000, 0x0000000088e00000|100%| S|CS|TAMS 0x0000000088d00000, 0x0000000088d00000| Complete 
|  94|0x0000000088e00000, 0x0000000088f00000, 0x0000000088f00000|100%| S|CS|TAMS 0x0000000088e00000, 0x0000000088e00000| Complete 
|  95|0x0000000088f00000, 0x0000000089000000, 0x0000000089000000|100%| S|CS|TAMS 0x0000000088f00000, 0x0000000088f00000| Complete 
|  96|0x0000000089000000, 0x0000000089100000, 0x0000000089100000|100%| S|CS|TAMS 0x0000000089000000, 0x0000000089000000| Complete 
|  97|0x0000000089100000, 0x0000000089200000, 0x0000000089200000|100%| S|CS|TAMS 0x0000000089100000, 0x0000000089100000| Complete 
|  98|0x0000000089200000, 0x0000000089300000, 0x0000000089300000|100%| S|CS|TAMS 0x0000000089200000, 0x0000000089200000| Complete 
|  99|0x0000000089300000, 0x0000000089400000, 0x0000000089400000|100%| S|CS|TAMS 0x0000000089300000, 0x0000000089300000| Complete 
| 100|0x0000000089400000, 0x0000000089400000, 0x0000000089500000|  0%| F|  |TAMS 0x0000000089400000, 0x0000000089400000| Untracked 
| 101|0x0000000089500000, 0x0000000089500000, 0x0000000089600000|  0%| F|  |TAMS 0x0000000089500000, 0x0000000089500000| Untracked 
| 102|0x0000000089600000, 0x0000000089600000, 0x0000000089700000|  0%| F|  |TAMS 0x0000000089600000, 0x0000000089600000| Untracked 
| 103|0x0000000089700000, 0x0000000089700000, 0x0000000089800000|  0%| F|  |TAMS 0x0000000089700000, 0x0000000089700000| Untracked 
| 104|0x0000000089800000, 0x0000000089800000, 0x0000000089900000|  0%| F|  |TAMS 0x0000000089800000, 0x0000000089800000| Untracked 
| 105|0x0000000089900000, 0x0000000089900000, 0x0000000089a00000|  0%| F|  |TAMS 0x0000000089900000, 0x0000000089900000| Untracked 
| 106|0x0000000089a00000, 0x0000000089a00000, 0x0000000089b00000|  0%| F|  |TAMS 0x0000000089a00000, 0x0000000089a00000| Untracked 
| 107|0x0000000089b00000, 0x0000000089b00000, 0x0000000089c00000|  0%| F|  |TAMS 0x0000000089b00000, 0x0000000089b00000| Untracked 
| 108|0x0000000089c00000, 0x0000000089c00000, 0x0000000089d00000|  0%| F|  |TAMS 0x0000000089c00000, 0x0000000089c00000| Untracked 
| 109|0x0000000089d00000, 0x0000000089d00000, 0x0000000089e00000|  0%| F|  |TAMS 0x0000000089d00000, 0x0000000089d00000| Untracked 
| 110|0x0000000089e00000, 0x0000000089e00000, 0x0000000089f00000|  0%| F|  |TAMS 0x0000000089e00000, 0x0000000089e00000| Untracked 
| 111|0x0000000089f00000, 0x0000000089f00000, 0x000000008a000000|  0%| F|  |TAMS 0x0000000089f00000, 0x0000000089f00000| Untracked 
| 112|0x000000008a000000, 0x000000008a000000, 0x000000008a100000|  0%| F|  |TAMS 0x000000008a000000, 0x000000008a000000| Untracked 
| 113|0x000000008a100000, 0x000000008a100000, 0x000000008a200000|  0%| F|  |TAMS 0x000000008a100000, 0x000000008a100000| Untracked 
| 114|0x000000008a200000, 0x000000008a200000, 0x000000008a300000|  0%| F|  |TAMS 0x000000008a200000, 0x000000008a200000| Untracked 
| 115|0x000000008a300000, 0x000000008a300000, 0x000000008a400000|  0%| F|  |TAMS 0x000000008a300000, 0x000000008a300000| Untracked 
| 116|0x000000008a400000, 0x000000008a400000, 0x000000008a500000|  0%| F|  |TAMS 0x000000008a400000, 0x000000008a400000| Untracked 
| 117|0x000000008a500000, 0x000000008a500000, 0x000000008a600000|  0%| F|  |TAMS 0x000000008a500000, 0x000000008a500000| Untracked 
| 118|0x000000008a600000, 0x000000008a600000, 0x000000008a700000|  0%| F|  |TAMS 0x000000008a600000, 0x000000008a600000| Untracked 
| 119|0x000000008a700000, 0x000000008a700000, 0x000000008a800000|  0%| F|  |TAMS 0x000000008a700000, 0x000000008a700000| Untracked 
| 120|0x000000008a800000, 0x000000008a800000, 0x000000008a900000|  0%| F|  |TAMS 0x000000008a800000, 0x000000008a800000| Untracked 
| 121|0x000000008a900000, 0x000000008a900000, 0x000000008aa00000|  0%| F|  |TAMS 0x000000008a900000, 0x000000008a900000| Untracked 
| 122|0x000000008aa00000, 0x000000008aa00000, 0x000000008ab00000|  0%| F|  |TAMS 0x000000008aa00000, 0x000000008aa00000| Untracked 
| 123|0x000000008ab00000, 0x000000008ab00000, 0x000000008ac00000|  0%| F|  |TAMS 0x000000008ab00000, 0x000000008ab00000| Untracked 
| 124|0x000000008ac00000, 0x000000008ac00000, 0x000000008ad00000|  0%| F|  |TAMS 0x000000008ac00000, 0x000000008ac00000| Untracked 
| 125|0x000000008ad00000, 0x000000008ad00000, 0x000000008ae00000|  0%| F|  |TAMS 0x000000008ad00000, 0x000000008ad00000| Untracked 
| 126|0x000000008ae00000, 0x000000008ae00000, 0x000000008af00000|  0%| F|  |TAMS 0x000000008ae00000, 0x000000008ae00000| Untracked 
| 127|0x000000008af00000, 0x000000008af00000, 0x000000008b000000|  0%| F|  |TAMS 0x000000008af00000, 0x000000008af00000| Untracked 
| 128|0x000000008b000000, 0x000000008b000000, 0x000000008b100000|  0%| F|  |TAMS 0x000000008b000000, 0x000000008b000000| Untracked 
| 129|0x000000008b100000, 0x000000008b100000, 0x000000008b200000|  0%| F|  |TAMS 0x000000008b100000, 0x000000008b100000| Untracked 
| 130|0x000000008b200000, 0x000000008b200000, 0x000000008b300000|  0%| F|  |TAMS 0x000000008b200000, 0x000000008b200000| Untracked 
| 131|0x000000008b300000, 0x000000008b300000, 0x000000008b400000|  0%| F|  |TAMS 0x000000008b300000, 0x000000008b300000| Untracked 
| 132|0x000000008b400000, 0x000000008b400000, 0x000000008b500000|  0%| F|  |TAMS 0x000000008b400000, 0x000000008b400000| Untracked 
| 133|0x000000008b500000, 0x000000008b500000, 0x000000008b600000|  0%| F|  |TAMS 0x000000008b500000, 0x000000008b500000| Untracked 
| 134|0x000000008b600000, 0x000000008b600000, 0x000000008b700000|  0%| F|  |TAMS 0x000000008b600000, 0x000000008b600000| Untracked 
| 135|0x000000008b700000, 0x000000008b700000, 0x000000008b800000|  0%| F|  |TAMS 0x000000008b700000, 0x000000008b700000| Untracked 
| 136|0x000000008b800000, 0x000000008b800000, 0x000000008b900000|  0%| F|  |TAMS 0x000000008b800000, 0x000000008b800000| Untracked 
| 137|0x000000008b900000, 0x000000008b900000, 0x000000008ba00000|  0%| F|  |TAMS 0x000000008b900000, 0x000000008b900000| Untracked 
| 138|0x000000008ba00000, 0x000000008ba00000, 0x000000008bb00000|  0%| F|  |TAMS 0x000000008ba00000, 0x000000008ba00000| Untracked 
| 139|0x000000008bb00000, 0x000000008bb00000, 0x000000008bc00000|  0%| F|  |TAMS 0x000000008bb00000, 0x000000008bb00000| Untracked 
| 140|0x000000008bc00000, 0x000000008bc00000, 0x000000008bd00000|  0%| F|  |TAMS 0x000000008bc00000, 0x000000008bc00000| Untracked 
| 141|0x000000008bd00000, 0x000000008bd00000, 0x000000008be00000|  0%| F|  |TAMS 0x000000008bd00000, 0x000000008bd00000| Untracked 
| 142|0x000000008be00000, 0x000000008be00000, 0x000000008bf00000|  0%| F|  |TAMS 0x000000008be00000, 0x000000008be00000| Untracked 
| 143|0x000000008bf00000, 0x000000008bf00000, 0x000000008c000000|  0%| F|  |TAMS 0x000000008bf00000, 0x000000008bf00000| Untracked 
| 144|0x000000008c000000, 0x000000008c000000, 0x000000008c100000|  0%| F|  |TAMS 0x000000008c000000, 0x000000008c000000| Untracked 
| 145|0x000000008c100000, 0x000000008c100000, 0x000000008c200000|  0%| F|  |TAMS 0x000000008c100000, 0x000000008c100000| Untracked 
| 146|0x000000008c200000, 0x000000008c200000, 0x000000008c300000|  0%| F|  |TAMS 0x000000008c200000, 0x000000008c200000| Untracked 
| 147|0x000000008c300000, 0x000000008c300000, 0x000000008c400000|  0%| F|  |TAMS 0x000000008c300000, 0x000000008c300000| Untracked 
| 148|0x000000008c400000, 0x000000008c400000, 0x000000008c500000|  0%| F|  |TAMS 0x000000008c400000, 0x000000008c400000| Untracked 
| 149|0x000000008c500000, 0x000000008c500000, 0x000000008c600000|  0%| F|  |TAMS 0x000000008c500000, 0x000000008c500000| Untracked 
| 150|0x000000008c600000, 0x000000008c600000, 0x000000008c700000|  0%| F|  |TAMS 0x000000008c600000, 0x000000008c600000| Untracked 
| 151|0x000000008c700000, 0x000000008c700000, 0x000000008c800000|  0%| F|  |TAMS 0x000000008c700000, 0x000000008c700000| Untracked 
| 152|0x000000008c800000, 0x000000008c800000, 0x000000008c900000|  0%| F|  |TAMS 0x000000008c800000, 0x000000008c800000| Untracked 
| 153|0x000000008c900000, 0x000000008c900000, 0x000000008ca00000|  0%| F|  |TAMS 0x000000008c900000, 0x000000008c900000| Untracked 
| 154|0x000000008ca00000, 0x000000008ca00000, 0x000000008cb00000|  0%| F|  |TAMS 0x000000008ca00000, 0x000000008ca00000| Untracked 
| 155|0x000000008cb00000, 0x000000008cb00000, 0x000000008cc00000|  0%| F|  |TAMS 0x000000008cb00000, 0x000000008cb00000| Untracked 
| 156|0x000000008cc00000, 0x000000008cc00000, 0x000000008cd00000|  0%| F|  |TAMS 0x000000008cc00000, 0x000000008cc00000| Untracked 
| 157|0x000000008cd00000, 0x000000008cd00000, 0x000000008ce00000|  0%| F|  |TAMS 0x000000008cd00000, 0x000000008cd00000| Untracked 
| 158|0x000000008ce00000, 0x000000008ce00000, 0x000000008cf00000|  0%| F|  |TAMS 0x000000008ce00000, 0x000000008ce00000| Untracked 
| 159|0x000000008cf00000, 0x000000008cf00000, 0x000000008d000000|  0%| F|  |TAMS 0x000000008cf00000, 0x000000008cf00000| Untracked 
| 160|0x000000008d000000, 0x000000008d000000, 0x000000008d100000|  0%| F|  |TAMS 0x000000008d000000, 0x000000008d000000| Untracked 
| 161|0x000000008d100000, 0x000000008d100000, 0x000000008d200000|  0%| F|  |TAMS 0x000000008d100000, 0x000000008d100000| Untracked 
| 162|0x000000008d200000, 0x000000008d200000, 0x000000008d300000|  0%| F|  |TAMS 0x000000008d200000, 0x000000008d200000| Untracked 
| 163|0x000000008d300000, 0x000000008d300000, 0x000000008d400000|  0%| F|  |TAMS 0x000000008d300000, 0x000000008d300000| Untracked 
| 164|0x000000008d400000, 0x000000008d400000, 0x000000008d500000|  0%| F|  |TAMS 0x000000008d400000, 0x000000008d400000| Untracked 
| 165|0x000000008d500000, 0x000000008d500000, 0x000000008d600000|  0%| F|  |TAMS 0x000000008d500000, 0x000000008d500000| Untracked 
| 166|0x000000008d600000, 0x000000008d600000, 0x000000008d700000|  0%| F|  |TAMS 0x000000008d600000, 0x000000008d600000| Untracked 
| 167|0x000000008d700000, 0x000000008d700000, 0x000000008d800000|  0%| F|  |TAMS 0x000000008d700000, 0x000000008d700000| Untracked 
| 168|0x000000008d800000, 0x000000008d800000, 0x000000008d900000|  0%| F|  |TAMS 0x000000008d800000, 0x000000008d800000| Untracked 
| 169|0x000000008d900000, 0x000000008d900000, 0x000000008da00000|  0%| F|  |TAMS 0x000000008d900000, 0x000000008d900000| Untracked 
| 170|0x000000008da00000, 0x000000008da00000, 0x000000008db00000|  0%| F|  |TAMS 0x000000008da00000, 0x000000008da00000| Untracked 
| 171|0x000000008db00000, 0x000000008db00000, 0x000000008dc00000|  0%| F|  |TAMS 0x000000008db00000, 0x000000008db00000| Untracked 
| 172|0x000000008dc00000, 0x000000008dc00000, 0x000000008dd00000|  0%| F|  |TAMS 0x000000008dc00000, 0x000000008dc00000| Untracked 
| 173|0x000000008dd00000, 0x000000008dd00000, 0x000000008de00000|  0%| F|  |TAMS 0x000000008dd00000, 0x000000008dd00000| Untracked 
| 174|0x000000008de00000, 0x000000008de80800, 0x000000008df00000| 50%| E|  |TAMS 0x000000008de00000, 0x000000008de00000| Complete 
| 175|0x000000008df00000, 0x000000008e000000, 0x000000008e000000|100%| E|CS|TAMS 0x000000008df00000, 0x000000008df00000| Complete 
| 176|0x000000008e000000, 0x000000008e100000, 0x000000008e100000|100%| E|CS|TAMS 0x000000008e000000, 0x000000008e000000| Complete 
| 177|0x000000008e100000, 0x000000008e200000, 0x000000008e200000|100%| E|CS|TAMS 0x000000008e100000, 0x000000008e100000| Complete 
| 178|0x000000008e200000, 0x000000008e300000, 0x000000008e300000|100%| E|CS|TAMS 0x000000008e200000, 0x000000008e200000| Complete 
| 179|0x000000008e300000, 0x000000008e400000, 0x000000008e400000|100%| E|CS|TAMS 0x000000008e300000, 0x000000008e300000| Complete 
| 180|0x000000008e400000, 0x000000008e500000, 0x000000008e500000|100%| E|CS|TAMS 0x000000008e400000, 0x000000008e400000| Complete 
| 181|0x000000008e500000, 0x000000008e600000, 0x000000008e600000|100%| E|CS|TAMS 0x000000008e500000, 0x000000008e500000| Complete 
| 182|0x000000008e600000, 0x000000008e700000, 0x000000008e700000|100%| E|CS|TAMS 0x000000008e600000, 0x000000008e600000| Complete 
| 183|0x000000008e700000, 0x000000008e800000, 0x000000008e800000|100%| E|CS|TAMS 0x000000008e700000, 0x000000008e700000| Complete 
| 184|0x000000008e800000, 0x000000008e900000, 0x000000008e900000|100%| E|CS|TAMS 0x000000008e800000, 0x000000008e800000| Complete 
| 185|0x000000008e900000, 0x000000008ea00000, 0x000000008ea00000|100%| E|CS|TAMS 0x000000008e900000, 0x000000008e900000| Complete 
| 186|0x000000008ea00000, 0x000000008eb00000, 0x000000008eb00000|100%| E|CS|TAMS 0x000000008ea00000, 0x000000008ea00000| Complete 
| 187|0x000000008eb00000, 0x000000008ec00000, 0x000000008ec00000|100%| E|CS|TAMS 0x000000008eb00000, 0x000000008eb00000| Complete 

Card table byte_map: [0x000002449b8d0000,0x000002449bcc0000] _byte_map_base: 0x000002449b4b8000

Marking Bits (Prev, Next): (CMBitMap*) 0x00000244886fa018, (CMBitMap*) 0x00000244886fa050
 Prev Bits: [0x000002449c0b0000, 0x000002449dff0000)
 Next Bits: [0x000002449dff0000, 0x000002449ff30000)

Polling page: 0x00000244865e0000

Metaspace:

Usage:
  Non-class:     57.33 MB capacity,    56.78 MB (>99%) used,   445.49 KB ( <1%) free+waste,   116.69 KB ( <1%) overhead. 
      Class:      7.71 MB capacity,     7.38 MB ( 96%) used,   285.95 KB (  4%) free+waste,    51.63 KB ( <1%) overhead. 
       Both:     65.03 MB capacity,    64.15 MB ( 99%) used,   731.45 KB (  1%) free+waste,   168.31 KB ( <1%) overhead. 

Virtual space:
  Non-class space:       58.00 MB reserved,      57.42 MB (>99%) committed 
      Class space:        1.00 GB reserved,       7.73 MB ( <1%) committed 
             Both:        1.06 GB reserved,      65.15 MB (  6%) committed 

Chunk freelists:
   Non-Class:  35.00 KB
       Class:  14.00 KB
        Both:  49.00 KB

MaxMetaspaceSize: 17179869184.00 GB
CompressedClassSpaceSize: 1.00 GB

CodeHeap 'non-profiled nmethods': size=120000Kb used=3828Kb max_used=3828Kb free=116171Kb
 bounds [0x0000024493c80000, 0x0000024494040000, 0x000002449b1b0000]
CodeHeap 'profiled nmethods': size=120000Kb used=21403Kb max_used=21403Kb free=98596Kb
 bounds [0x000002448c750000, 0x000002448dc40000, 0x0000024493c80000]
CodeHeap 'non-nmethods': size=5760Kb used=1242Kb max_used=1298Kb free=4517Kb
 bounds [0x000002448c1b0000, 0x000002448c420000, 0x000002448c750000]
 total_blobs=9165 nmethods=8572 adapters=502
 compilation: enabled
              stopped_count=0, restarted_count=0
 full_count=0

Compilation events (20 events):
Event: 7.937 Thread 0x00000244a29ae000 nmethod 8600 0x000002448dc05290 code [0x000002448dc059e0, 0x000002448dc096b8]
Event: 7.937 Thread 0x00000244a29ae000 8604       3       org.jetbrains.kotlin.descriptors.impl.AbstractClassDescriptor::<init> (80 bytes)
Event: 7.938 Thread 0x00000244a29ae000 nmethod 8604 0x000002448dc0aa90 code [0x000002448dc0ad00, 0x000002448dc0b7c8]
Event: 7.938 Thread 0x00000244a29ae000 8605       3       org.jetbrains.kotlin.descriptors.impl.AbstractClassDescriptor$1::<init> (10 bytes)
Event: 7.938 Thread 0x00000244a29ae000 nmethod 8605 0x000002448dc0ba90 code [0x000002448dc0bc40, 0x000002448dc0bdf8]
Event: 7.938 Thread 0x00000244a29ae000 8606       3       org.jetbrains.kotlin.descriptors.impl.AbstractClassDescriptor$2::<init> (10 bytes)
Event: 7.938 Thread 0x00000244a29ae000 nmethod 8606 0x000002448dc0bf10 code [0x000002448dc0c0c0, 0x000002448dc0c278]
Event: 7.938 Thread 0x00000244a29ae000 8607       3       org.jetbrains.kotlin.descriptors.impl.AbstractClassDescriptor$3::<init> (10 bytes)
Event: 7.938 Thread 0x00000244a29ae000 nmethod 8607 0x000002448dc0c390 code [0x000002448dc0c540, 0x000002448dc0c6f8]
Event: 7.939 Thread 0x00000244a29ae000 8608       3       org.jetbrains.kotlin.types.AbstractClassTypeConstructor::<init> (14 bytes)
Event: 7.939 Thread 0x00000244a29ae000 nmethod 8608 0x000002448dc0c810 code [0x000002448dc0c9e0, 0x000002448dc0cb98]
Event: 7.939 Thread 0x00000244a29ae000 8599       1       sun.reflect.generics.reflectiveObjects.ParameterizedTypeImpl::getRawType (5 bytes)
Event: 7.939 Thread 0x00000244a29ae000 nmethod 8599 0x0000024494039290 code [0x0000024494039440, 0x00000244940394f8]
Event: 7.939 Thread 0x00000244a29ae000 8609       1       org.jetbrains.kotlin.resolve.lazy.descriptors.AbstractLazyMemberScope::getStorageManager (5 bytes)
Event: 7.939 Thread 0x00000244a29ae000 nmethod 8609 0x0000024494039590 code [0x0000024494039740, 0x00000244940397f8]
Event: 7.941 Thread 0x00000244a29ae000 8613       1       java.lang.ThreadLocal::initialValue (2 bytes)
Event: 7.942 Thread 0x00000244a29ae000 nmethod 8613 0x0000024494039890 code [0x0000024494039a40, 0x0000024494039af8]
Event: 7.943 Thread 0x00000244a29ae000 8614       3       org.jetbrains.kotlin.resolve.calls.tower.TowerResolver$Task::mayFitForName (41 bytes)
Event: 7.944 Thread 0x00000244a29ae000 nmethod 8614 0x000002448dc0cc90 code [0x000002448dc0cf20, 0x000002448dc0da88]
Event: 7.944 Thread 0x00000244a29ae000 8616       3       org.jetbrains.kotlin.resolve.lazy.descriptors.LazyClassDescriptor::getCompanionObjectDescriptor (5 bytes)

GC Heap History (20 events):
Event: 0.538 GC heap before
{Heap before GC invocations=0 (full 0):
 garbage-first heap   total 129024K, used 27648K [0x0000000083000000, 0x0000000100000000)
  region size 1024K, 24 young (24576K), 0 survivors (0K)
 Metaspace       used 12365K, capacity 12504K, committed 12800K, reserved 1060864K
  class space    used 1165K, capacity 1207K, committed 1280K, reserved 1048576K
}
Event: 0.542 GC heap after
{Heap after GC invocations=1 (full 0):
 garbage-first heap   total 129024K, used 5903K [0x0000000083000000, 0x0000000100000000)
  region size 1024K, 3 young (3072K), 3 survivors (3072K)
 Metaspace       used 12365K, capacity 12504K, committed 12800K, reserved 1060864K
  class space    used 1165K, capacity 1207K, committed 1280K, reserved 1048576K
}
Event: 1.157 GC heap before
{Heap before GC invocations=1 (full 0):
 garbage-first heap   total 129024K, used 41743K [0x0000000083000000, 0x0000000100000000)
  region size 1024K, 39 young (39936K), 3 survivors (3072K)
 Metaspace       used 20854K, capacity 21107K, committed 21296K, reserved 1069056K
  class space    used 2226K, capacity 2319K, committed 2432K, reserved 1048576K
}
Event: 1.168 GC heap after
{Heap after GC invocations=2 (full 0):
 garbage-first heap   total 129024K, used 9216K [0x0000000083000000, 0x0000000100000000)
  region size 1024K, 6 young (6144K), 6 survivors (6144K)
 Metaspace       used 20854K, capacity 21107K, committed 21296K, reserved 1069056K
  class space    used 2226K, capacity 2319K, committed 2432K, reserved 1048576K
}
Event: 2.126 GC heap before
{Heap before GC invocations=3 (full 0):
 garbage-first heap   total 129024K, used 64512K [0x0000000083000000, 0x0000000100000000)
  region size 1024K, 55 young (56320K), 6 survivors (6144K)
 Metaspace       used 32534K, capacity 33046K, committed 33328K, reserved 1079296K
  class space    used 4134K, capacity 4353K, committed 4480K, reserved 1048576K
}
Event: 2.145 GC heap after
{Heap after GC invocations=4 (full 0):
 garbage-first heap   total 129024K, used 20285K [0x0000000083000000, 0x0000000100000000)
  region size 1024K, 7 young (7168K), 7 survivors (7168K)
 Metaspace       used 32534K, capacity 33046K, committed 33328K, reserved 1079296K
  class space    used 4134K, capacity 4353K, committed 4480K, reserved 1048576K
}
Event: 2.184 GC heap before
{Heap before GC invocations=4 (full 0):
 garbage-first heap   total 129024K, used 22333K [0x0000000083000000, 0x0000000100000000)
  region size 1024K, 9 young (9216K), 7 survivors (7168K)
 Metaspace       used 33028K, capacity 33496K, committed 33584K, reserved 1079296K
  class space    used 4198K, capacity 4418K, committed 4480K, reserved 1048576K
}
Event: 2.195 GC heap after
{Heap after GC invocations=5 (full 0):
 garbage-first heap   total 129024K, used 21399K [0x0000000083000000, 0x0000000100000000)
  region size 1024K, 1 young (1024K), 1 survivors (1024K)
 Metaspace       used 33028K, capacity 33496K, committed 33584K, reserved 1079296K
  class space    used 4198K, capacity 4418K, committed 4480K, reserved 1048576K
}
Event: 2.381 GC heap before
{Heap before GC invocations=5 (full 0):
 garbage-first heap   total 129024K, used 30615K [0x0000000083000000, 0x0000000100000000)
  region size 1024K, 11 young (11264K), 1 survivors (1024K)
 Metaspace       used 35263K, capacity 35768K, committed 35888K, reserved 1081344K
  class space    used 4437K, capacity 4642K, committed 4736K, reserved 1048576K
}
Event: 2.386 GC heap after
{Heap after GC invocations=6 (full 0):
 garbage-first heap   total 155648K, used 21383K [0x0000000083000000, 0x0000000100000000)
  region size 1024K, 1 young (1024K), 1 survivors (1024K)
 Metaspace       used 35263K, capacity 35768K, committed 35888K, reserved 1081344K
  class space    used 4437K, capacity 4642K, committed 4736K, reserved 1048576K
}
Event: 3.491 GC heap before
{Heap before GC invocations=7 (full 0):
 garbage-first heap   total 155648K, used 76679K [0x0000000083000000, 0x0000000100000000)
  region size 1024K, 55 young (56320K), 1 survivors (1024K)
 Metaspace       used 46634K, capacity 47226K, committed 47536K, reserved 1091584K
  class space    used 5591K, capacity 5809K, committed 5888K, reserved 1048576K
}
Event: 3.503 GC heap after
{Heap after GC invocations=8 (full 0):
 garbage-first heap   total 155648K, used 24275K [0x0000000083000000, 0x0000000100000000)
  region size 1024K, 6 young (6144K), 6 survivors (6144K)
 Metaspace       used 46634K, capacity 47226K, committed 47536K, reserved 1091584K
  class space    used 5591K, capacity 5809K, committed 5888K, reserved 1048576K
}
Event: 4.468 GC heap before
{Heap before GC invocations=8 (full 0):
 garbage-first heap   total 155648K, used 86739K [0x0000000083000000, 0x0000000100000000)
  region size 1024K, 64 young (65536K), 6 survivors (6144K)
 Metaspace       used 52535K, capacity 53201K, committed 53296K, reserved 1095680K
  class space    used 6189K, capacity 6471K, committed 6528K, reserved 1048576K
}
Event: 4.487 GC heap after
{Heap after GC invocations=9 (full 0):
 garbage-first heap   total 155648K, used 34276K [0x0000000083000000, 0x0000000100000000)
  region size 1024K, 8 young (8192K), 8 survivors (8192K)
 Metaspace       used 52535K, capacity 53201K, committed 53296K, reserved 1095680K
  class space    used 6189K, capacity 6471K, committed 6528K, reserved 1048576K
}
Event: 5.532 GC heap before
{Heap before GC invocations=9 (full 0):
 garbage-first heap   total 155648K, used 93668K [0x0000000083000000, 0x0000000100000000)
  region size 1024K, 66 young (67584K), 8 survivors (8192K)
 Metaspace       used 55553K, capacity 56267K, committed 56624K, reserved 1099776K
  class space    used 6394K, capacity 6682K, committed 6784K, reserved 1048576K
}
Event: 5.554 GC heap after
{Heap after GC invocations=10 (full 0):
 garbage-first heap   total 155648K, used 43298K [0x0000000083000000, 0x0000000100000000)
  region size 1024K, 9 young (9216K), 9 survivors (9216K)
 Metaspace       used 55553K, capacity 56267K, committed 56624K, reserved 1099776K
  class space    used 6394K, capacity 6682K, committed 6784K, reserved 1048576K
}
Event: 5.939 GC heap before
{Heap before GC invocations=10 (full 0):
 garbage-first heap   total 155648K, used 65826K [0x0000000083000000, 0x0000000100000000)
  region size 1024K, 32 young (32768K), 9 survivors (9216K)
 Metaspace       used 59451K, capacity 60197K, committed 60208K, reserved 1101824K
  class space    used 6962K, capacity 7291K, committed 7296K, reserved 1048576K
}
Event: 5.955 GC heap after
{Heap after GC invocations=11 (full 0):
 garbage-first heap   total 155648K, used 45989K [0x0000000083000000, 0x0000000100000000)
  region size 1024K, 3 young (3072K), 3 survivors (3072K)
 Metaspace       used 59451K, capacity 60197K, committed 60208K, reserved 1101824K
  class space    used 6962K, capacity 7291K, committed 7296K, reserved 1048576K
}
Event: 7.479 GC heap before
{Heap before GC invocations=12 (full 0):
 garbage-first heap   total 155648K, used 96165K [0x0000000083000000, 0x0000000100000000)
  region size 1024K, 52 young (53248K), 3 survivors (3072K)
 Metaspace       used 64962K, capacity 65848K, committed 65948K, reserved 1107968K
  class space    used 7536K, capacity 7882K, committed 7916K, reserved 1048576K
}
Event: 7.498 GC heap after
{Heap after GC invocations=13 (full 0):
 garbage-first heap   total 192512K, used 52736K [0x0000000083000000, 0x0000000100000000)
  region size 1024K, 7 young (7168K), 7 survivors (7168K)
 Metaspace       used 64962K, capacity 65848K, committed 65948K, reserved 1107968K
  class space    used 7536K, capacity 7882K, committed 7916K, reserved 1048576K
}

Deoptimization events (20 events):
Event: 7.800 Thread 0x00000244886b9800 Uncommon trap: trap_request=0xffffffc6 fr.pc=0x0000024494024a4c relative=0x00000000000007ac
Event: 7.800 Thread 0x00000244886b9800 Uncommon trap: reason=bimorphic_or_optimized_type_check action=maybe_recompile pc=0x0000024494024a4c method=org.jetbrains.kotlin.types.ClassifierBasedTypeConstructor.equals(Ljava/lang/Object;)Z @ 33 c2
Event: 7.800 Thread 0x00000244886b9800 DEOPT PACKING pc=0x0000024494024a4c sp=0x000000a733afa920
Event: 7.800 Thread 0x00000244886b9800 DEOPT UNPACKING pc=0x000002448c1b83af sp=0x000000a733afa8e0 mode 2
Event: 7.804 Thread 0x00000244886b9800 Uncommon trap: trap_request=0xffffffc6 fr.pc=0x0000024494024a4c relative=0x00000000000007ac
Event: 7.804 Thread 0x00000244886b9800 Uncommon trap: reason=bimorphic_or_optimized_type_check action=maybe_recompile pc=0x0000024494024a4c method=org.jetbrains.kotlin.types.ClassifierBasedTypeConstructor.equals(Ljava/lang/Object;)Z @ 33 c2
Event: 7.804 Thread 0x00000244886b9800 DEOPT PACKING pc=0x0000024494024a4c sp=0x000000a733afbb50
Event: 7.804 Thread 0x00000244886b9800 DEOPT UNPACKING pc=0x000002448c1b83af sp=0x000000a733afbb10 mode 2
Event: 7.804 Thread 0x00000244886b9800 Uncommon trap: trap_request=0xffffffc6 fr.pc=0x0000024494024a4c relative=0x00000000000007ac
Event: 7.804 Thread 0x00000244886b9800 Uncommon trap: reason=bimorphic_or_optimized_type_check action=maybe_recompile pc=0x0000024494024a4c method=org.jetbrains.kotlin.types.ClassifierBasedTypeConstructor.equals(Ljava/lang/Object;)Z @ 33 c2
Event: 7.804 Thread 0x00000244886b9800 DEOPT PACKING pc=0x0000024494024a4c sp=0x000000a733afbbf0
Event: 7.804 Thread 0x00000244886b9800 DEOPT UNPACKING pc=0x000002448c1b83af sp=0x000000a733afbbb0 mode 2
Event: 7.804 Thread 0x00000244886b9800 Uncommon trap: trap_request=0xffffffc6 fr.pc=0x0000024494024a4c relative=0x00000000000007ac
Event: 7.804 Thread 0x00000244886b9800 Uncommon trap: reason=bimorphic_or_optimized_type_check action=maybe_recompile pc=0x0000024494024a4c method=org.jetbrains.kotlin.types.ClassifierBasedTypeConstructor.equals(Ljava/lang/Object;)Z @ 33 c2
Event: 7.804 Thread 0x00000244886b9800 DEOPT PACKING pc=0x0000024494024a4c sp=0x000000a733afb9e0
Event: 7.804 Thread 0x00000244886b9800 DEOPT UNPACKING pc=0x000002448c1b83af sp=0x000000a733afb9a0 mode 2
Event: 7.936 Thread 0x00000244886b9800 Uncommon trap: trap_request=0xffffff4d fr.pc=0x0000024493fef7f0 relative=0x0000000000001630
Event: 7.936 Thread 0x00000244886b9800 Uncommon trap: reason=unstable_if action=reinterpret pc=0x0000024493fef7f0 method=org.jetbrains.kotlin.types.ClassifierBasedTypeConstructor.hashCode()I @ 21 c2
Event: 7.936 Thread 0x00000244886b9800 DEOPT PACKING pc=0x0000024493fef7f0 sp=0x000000a733af8040
Event: 7.936 Thread 0x00000244886b9800 DEOPT UNPACKING pc=0x000002448c1b83af sp=0x000000a733af7ff8 mode 2

Classes redefined (0 events):
No events

Internal exceptions (20 events):
Event: 4.568 Thread 0x00000244886b9800 Exception <a 'java/lang/NoSuchMethodError'{0x000000008c4d37b0}: 'java.lang.Object java.lang.invoke.DirectMethodHandle$Holder.invokeStaticInit(java.lang.Object, java.lang.Object, java.lang.Object)'> (0x000000008c4d37b0) thrown at [./src/hotspot/share/interpreter/linkResolver.cpp, line 773]
Event: 5.046 Thread 0x00000244886b9800 Implicit null exception at 0x0000024493d1b275 to 0x0000024493d1b430
Event: 5.259 Thread 0x00000244886b9800 Exception <a 'java/lang/NoSuchMethodError'{0x000000008a1676e0}: 'int java.lang.invoke.DirectMethodHandle$Holder.invokeInterface(java.lang.Object, java.lang.Object)'> (0x000000008a1676e0) thrown at [./src/hotspot/share/interpreter/linkResolver.cpp, line 773]
Event: 5.269 Thread 0x00000244886b9800 Exception <a 'java/lang/NoSuchMethodError'{0x000000008a199100}: 'java.lang.Object java.lang.invoke.DirectMethodHandle$Holder.invokeStatic(java.lang.Object, int, java.lang.Object, java.lang.Object)'> (0x000000008a199100) thrown at [./src/hotspot/share/interpreter/linkResolver.cpp, line 773]
Event: 5.481 Thread 0x00000244886b9800 Exception <a 'java/lang/NoSuchMethodError'{0x0000000089075c18}: 'java.lang.Object java.lang.invoke.Invokers$Holder.linkToTargetMethod(java.lang.Object, java.lang.Object, java.lang.Object, java.lang.Object, java.lang.Object, java.lang.Object)'> (0x0000000089075c18) thrown at [./src/hotspot/share/interpreter/linkResolver.cpp, line 773]
Event: 5.636 Thread 0x00000244886b9800 Implicit null exception at 0x0000024493e840b1 to 0x0000024493e84450
Event: 5.789 Thread 0x00000244886b9800 Exception <a 'java/lang/NoSuchMethodError'{0x000000008b698008}: 'int java.lang.invoke.DirectMethodHandle$Holder.invokeVirtual(java.lang.Object, java.lang.Object, java.lang.Object)'> (0x000000008b698008) thrown at [./src/hotspot/share/interpreter/linkResolver.cpp, line 773]
Event: 5.910 Thread 0x00000244886b9800 Exception <a 'java/lang/NoSuchMethodError'{0x000000008b2a5b70}: 'java.lang.Object java.lang.invoke.DirectMethodHandle$Holder.invokeSpecial(java.lang.Object, java.lang.Object, java.lang.Object, java.lang.Object, java.lang.Object, int)'> (0x000000008b2a5b70) thrown at [./src/hotspot/share/interpreter/linkResolver.cpp, line 773]
Event: 5.910 Thread 0x00000244886b9800 Exception <a 'java/lang/NoSuchMethodError'{0x000000008b2a99b8}: 'java.lang.Object java.lang.invoke.Invokers$Holder.linkToTargetMethod(java.lang.Object, java.lang.Object, java.lang.Object, int, java.lang.Object)'> (0x000000008b2a99b8) thrown at [./src/hotspot/share/interpreter/linkResolver.cpp, line 773]
Event: 5.981 Thread 0x00000244886b9800 Exception <a 'java/lang/NoSuchMethodError'{0x000000008c7c0c60}: 'void java.lang.invoke.DirectMethodHandle$Holder.invokeInterface(java.lang.Object, java.lang.Object)'> (0x000000008c7c0c60) thrown at [./src/hotspot/share/interpreter/linkResolver.cpp, line 773]
Event: 6.063 Thread 0x00000244886b9800 Exception <a 'java/lang/IncompatibleClassChangeError'{0x000000008c5b2cb0}: Found class java.lang.Object, but interface was expected> (0x000000008c5b2cb0) thrown at [./src/hotspot/share/interpreter/linkResolver.cpp, line 839]
Event: 6.078 Thread 0x00000244886b9800 Implicit null exception at 0x0000024493cdb6de to 0x0000024493cdbe4a
Event: 6.079 Thread 0x00000244886b9800 Implicit null exception at 0x0000024493ce17af to 0x0000024493ce181d
Event: 6.119 Thread 0x00000244886b9800 Exception <a 'java/lang/NoSuchMethodError'{0x000000008c1830c0}: 'int java.lang.invoke.DirectMethodHandle$Holder.invokeStaticInit(java.lang.Object, int)'> (0x000000008c1830c0) thrown at [./src/hotspot/share/interpreter/linkResolver.cpp, line 773]
Event: 6.147 Thread 0x00000244886b9800 Exception <a 'java/lang/NoSuchMethodError'{0x000000008c040c00}: 'java.lang.Object java.lang.invoke.Invokers$Holder.linkToTargetMethod(java.lang.Object, java.lang.Object, java.lang.Object, int, int, java.lang.Object)'> (0x000000008c040c00) thrown at [./src/hotspot/share/interpreter/linkResolver.cpp, line 773]
Event: 6.319 Thread 0x00000244886b9800 Implicit null exception at 0x0000024493edbcdc to 0x0000024493edcd50
Event: 6.486 Thread 0x00000244886b9800 Exception <a 'java/lang/NoSuchMethodError'{0x000000008ade4fe8}: 'java.lang.Object java.lang.invoke.DirectMethodHandle$Holder.invokeInterface(java.lang.Object, java.lang.Object, java.lang.Object)'> (0x000000008ade4fe8) thrown at [./src/hotspot/share/interpreter/linkResolver.cpp, line 773]
Event: 6.486 Thread 0x00000244886b9800 Exception <a 'java/lang/IncompatibleClassChangeError'{0x000000008ade8218}: Found class java.lang.Object, but interface was expected> (0x000000008ade8218) thrown at [./src/hotspot/share/interpreter/linkResolver.cpp, line 839]
Event: 6.667 Thread 0x00000244886b9800 Exception <a 'java/lang/NoSuchMethodError'{0x000000008a8b7a70}: 'java.lang.Object java.lang.invoke.Invokers$Holder.linkToTargetMethod(java.lang.Object, java.lang.Object, java.lang.Object, java.lang.Object, java.lang.Object, java.lang.Object, java.lang.Object)'> (0x000000008a8b7a70) thrown at [./src/hotspot/share/interpreter/linkResolver.cpp, line 773]
Event: 7.301 Thread 0x00000244886b9800 Exception <a 'java/lang/NoSuchMethodError'{0x00000000898303e0}: 'int java.lang.invoke.DirectMethodHandle$Holder.invokeStatic(java.lang.Object, java.lang.Object, java.lang.Object, java.lang.Object, java.lang.Object)'> (0x00000000898303e0) thrown at [./src/hotspot/share/interpreter/linkResolver.cpp, line 773]

Events (20 events):
Event: 7.923 loading class org/jetbrains/kotlin/resolve/deprecation/DeprecationSettings$Default
Event: 7.923 loading class org/jetbrains/kotlin/resolve/deprecation/DeprecationSettings$Default done
Event: 7.924 Executing VM operation: Deoptimize
Event: 7.925 Executing VM operation: Deoptimize done
Event: 7.925 loading class org/jetbrains/kotlin/platform/PlatformSpecificDiagnosticComponents$Default
Event: 7.925 loading class org/jetbrains/kotlin/platform/PlatformSpecificDiagnosticComponents$Default done
Event: 7.929 loading class org/jetbrains/kotlin/types/expressions/LocalClassDescriptorHolder$getClassDescriptor$2
Event: 7.929 loading class org/jetbrains/kotlin/types/expressions/LocalClassDescriptorHolder$getClassDescriptor$2 done
Event: 7.930 Executing VM operation: Deoptimize
Event: 7.931 Executing VM operation: Deoptimize done
Event: 7.931 loading class org/jetbrains/kotlin/types/expressions/LocalClassDescriptorHolder$getClassDescriptor$2$declarationProviderFactory$1
Event: 7.931 loading class org/jetbrains/kotlin/types/expressions/LocalClassDescriptorHolder$getClassDescriptor$2$declarationProviderFactory$1 done
Event: 7.932 Executing VM operation: Deoptimize
Event: 7.933 Executing VM operation: Deoptimize done
Event: 7.933 loading class org/jetbrains/kotlin/types/SimpleType
Event: 7.933 loading class org/jetbrains/kotlin/types/SimpleType done
Event: 7.933 loading class org/jetbrains/kotlin/types/KotlinType
Event: 7.933 loading class org/jetbrains/kotlin/types/KotlinType done
Event: 7.933 loading class org/jetbrains/kotlin/descriptors/ClassDescriptor
Event: 7.933 loading class org/jetbrains/kotlin/descriptors/ClassDescriptor done


Dynamic libraries:
0x00007ff6d4e00000 - 0x00007ff6d4e0a000 	D:\Program Files\Android\jre\bin\java.exe
0x00007ffd58ee0000 - 0x00007ffd590d0000 	C:\Windows\SYSTEM32\ntdll.dll
0x00007ffd57fe0000 - 0x00007ffd58092000 	C:\Windows\System32\KERNEL32.DLL
0x00007ffd562b0000 - 0x00007ffd56553000 	C:\Windows\System32\KERNELBASE.dll
0x00007ffd561b0000 - 0x00007ffd562aa000 	C:\Windows\System32\ucrtbase.dll
0x00007ffd504f0000 - 0x00007ffd50509000 	D:\Program Files\Android\jre\bin\jli.dll
0x00007ffd4fec0000 - 0x00007ffd4fed7000 	D:\Program Files\Android\jre\bin\VCRUNTIME140.dll
0x00007ffd57e40000 - 0x00007ffd57fd4000 	C:\Windows\System32\USER32.dll
0x00007ffd56180000 - 0x00007ffd561a1000 	C:\Windows\System32\win32u.dll
0x00007ffd573e0000 - 0x00007ffd57406000 	C:\Windows\System32\GDI32.dll
0x00007ffd441f0000 - 0x00007ffd44475000 	C:\Windows\WinSxS\amd64_microsoft.windows.common-controls_6595b64144ccf1df_6.0.18362.535_none_e6c3b34713100821\COMCTL32.dll
0x00007ffd55f30000 - 0x00007ffd560c4000 	C:\Windows\System32\gdi32full.dll
0x00007ffd56630000 - 0x00007ffd566ce000 	C:\Windows\System32\msvcp_win.dll
0x00007ffd57340000 - 0x00007ffd573de000 	C:\Windows\System32\msvcrt.dll
0x00007ffd586d0000 - 0x00007ffd58a06000 	C:\Windows\System32\combase.dll
0x00007ffd57450000 - 0x00007ffd57570000 	C:\Windows\System32\RPCRT4.dll
0x00007ffd565b0000 - 0x00007ffd56630000 	C:\Windows\System32\bcryptPrimitives.dll
0x00007ffd57410000 - 0x00007ffd5743e000 	C:\Windows\System32\IMM32.DLL
0x00007ffd43080000 - 0x00007ffd4311d000 	D:\Program Files\Android\jre\bin\msvcp140.dll
0x00007ffd19d50000 - 0x00007ffd1a825000 	D:\Program Files\Android\jre\bin\server\jvm.dll
0x00007ffd581f0000 - 0x00007ffd58293000 	C:\Windows\System32\ADVAPI32.dll
0x00007ffd58630000 - 0x00007ffd586c7000 	C:\Windows\System32\sechost.dll
0x00007ffd58620000 - 0x00007ffd58628000 	C:\Windows\System32\PSAPI.DLL
0x00007ffd523c0000 - 0x00007ffd523c9000 	C:\Windows\SYSTEM32\WSOCK32.dll
0x00007ffd538f0000 - 0x00007ffd53914000 	C:\Windows\SYSTEM32\WINMM.dll
0x00007ffd57570000 - 0x00007ffd575df000 	C:\Windows\System32\WS2_32.dll
0x00007ffd53550000 - 0x00007ffd5357d000 	C:\Windows\SYSTEM32\winmmbase.dll
0x00007ffd56560000 - 0x00007ffd565aa000 	C:\Windows\System32\cfgmgr32.dll
0x00007ffd4f610000 - 0x00007ffd4f61a000 	C:\Windows\SYSTEM32\VERSION.dll
0x00007ffd55e40000 - 0x00007ffd55e51000 	C:\Windows\System32\kernel.appcore.dll
0x00007ffd52360000 - 0x00007ffd52371000 	D:\Program Files\Android\jre\bin\verify.dll
0x00007ffd54710000 - 0x00007ffd54904000 	C:\Windows\SYSTEM32\DBGHELP.DLL
0x00007ffd3e650000 - 0x00007ffd3e67a000 	C:\Windows\SYSTEM32\dbgcore.DLL
0x00007ffd50e20000 - 0x00007ffd50e49000 	D:\Program Files\Android\jre\bin\java.dll
0x00007ffd50e10000 - 0x00007ffd50e1b000 	D:\Program Files\Android\jre\bin\jimage.dll
0x00007ffd50df0000 - 0x00007ffd50e08000 	D:\Program Files\Android\jre\bin\zip.dll
0x00007ffd575e0000 - 0x00007ffd57cc5000 	C:\Windows\System32\SHELL32.dll
0x00007ffd57210000 - 0x00007ffd572b9000 	C:\Windows\System32\shcore.dll
0x00007ffd56850000 - 0x00007ffd56fcf000 	C:\Windows\System32\windows.storage.dll
0x00007ffd55e20000 - 0x00007ffd55e3f000 	C:\Windows\System32\profapi.dll
0x00007ffd55e60000 - 0x00007ffd55eaa000 	C:\Windows\System32\powrprof.dll
0x00007ffd55df0000 - 0x00007ffd55e00000 	C:\Windows\System32\UMPDC.dll
0x00007ffd58a10000 - 0x00007ffd58a62000 	C:\Windows\System32\shlwapi.dll
0x00007ffd55f10000 - 0x00007ffd55f27000 	C:\Windows\System32\cryptsp.dll
0x00007ffd50cd0000 - 0x00007ffd50cea000 	D:\Program Files\Android\jre\bin\net.dll
0x00007ffd461f0000 - 0x00007ffd462e0000 	C:\Windows\SYSTEM32\WINHTTP.dll
0x00007ffd55660000 - 0x00007ffd556c7000 	C:\Windows\system32\mswsock.dll
0x00007ffd50c10000 - 0x00007ffd50c24000 	D:\Program Files\Android\jre\bin\nio.dll

dbghelp: loaded successfully - version: 4.0.5 - missing functions: none
symbol engine: initialized successfully - sym options: 0x614 - pdb path: .;D:\Program Files\Android\jre\bin;C:\Windows\SYSTEM32;C:\Windows\WinSxS\amd64_microsoft.windows.common-controls_6595b64144ccf1df_6.0.18362.535_none_e6c3b34713100821;D:\Program Files\Android\jre\bin\server

VM Arguments:
java_command: org.jetbrains.kotlin.cli.jvm.K2JVMCompiler @D:\MyMusicPLayer\app\build\20220525_14414143410891538761.compiler.options
java_class_path (initial): D:\ProgramsfilesD\Android\Sdk\caches\modules-2\files-2.1\org.jetbrains.kotlin\kotlin-compiler-embeddable\1.6.21\97bdd5a752ce73b58ef16c17bc7f0ea2faff7a2e\kotlin-compiler-embeddable-1.6.21.jar;D:\ProgramsfilesD\Android\Sdk\caches\modules-2\files-2.1\org.jetbrains.kotlin\kotlin-reflect\1.6.21\5dc3574d9b7bebfcb4ec6b10ada4aaa9e140bd0b\kotlin-reflect-1.6.21.jar;D:\ProgramsfilesD\Android\Sdk\caches\modules-2\files-2.1\org.jetbrains.kotlin\kotlin-stdlib\1.6.21\11ef67f1900634fd951bad28c53ec957fabbe5b8\kotlin-stdlib-1.6.21.jar;D:\ProgramsfilesD\Android\Sdk\caches\modules-2\files-2.1\org.jetbrains.kotlin\kotlin-script-runtime\1.6.21\99c6675100da5d6d5b1c5a1032f27f28008d101b\kotlin-script-runtime-1.6.21.jar;D:\ProgramsfilesD\Android\Sdk\caches\modules-2\files-2.1\org.jetbrains.kotlin\kotlin-daemon-embeddable\1.6.21\46b78cf392e1c4f10854c3cadba44abb7b82250f\kotlin-daemon-embeddable-1.6.21.jar;D:\ProgramsfilesD\Android\Sdk\caches\modules-2\files-2.1\org.jetbrains.intellij.deps\trove4j\1.0.20200330\3afb14d5f9ceb459d724e907a21145e8ff394f02\trove4j-1.0.20200330.jar;D:\ProgramsfilesD\Android\Sdk\caches\modules-2\files-2.1\net.java.dev.jna\jna\5.6.0\330f2244e9030119ab3030fc3fededc86713d9cc\jna-5.6.0.jar;D:\ProgramsfilesD\Android\Sdk\caches\modules-2\files-2.1\org.jetbrains.kotlin\kotlin-stdlib-common\1.6.21\5e5b55c26dbc80372a920aef60eb774b714559b8\kotlin-stdlib-common-1.6.21.jar;D:\ProgramsfilesD\Android\Sdk\caches\modules-2\files-2.1\org.jetbrains\annotations\13.0\919f0dfe192fb4e063e7dacadee7f8bb9a2672a9\annotations-13.0.jar
Launcher Type: SUN_STANDARD

[Global flags]
     intx CICompilerCount                          = 4                                         {product} {ergonomic}
     uint ConcGCThreads                            = 2                                         {product} {ergonomic}
     uint G1ConcRefinementThreads                  = 8                                         {product} {ergonomic}
   size_t G1HeapRegionSize                         = 1048576                                   {product} {ergonomic}
    uintx GCDrainStackTargetSize                   = 64                                        {product} {ergonomic}
   size_t InitialHeapSize                          = 132120576                                 {product} {ergonomic}
   size_t MarkStackSize                            = 4194304                                   {product} {ergonomic}
   size_t MaxHeapSize                              = 2097152000                                {product} {ergonomic}
   size_t MaxNewSize                               = 1258291200                                {product} {ergonomic}
   size_t MinHeapDeltaBytes                        = 1048576                                   {product} {ergonomic}
    uintx NonNMethodCodeHeapSize                   = 5836300                                {pd product} {ergonomic}
    uintx NonProfiledCodeHeapSize                  = 122910970                              {pd product} {ergonomic}
    uintx ProfiledCodeHeapSize                     = 122910970                              {pd product} {ergonomic}
    uintx ReservedCodeCacheSize                    = 251658240                              {pd product} {ergonomic}
     bool SegmentedCodeCache                       = true                                      {product} {ergonomic}
     bool UseCompressedClassPointers               = true                                 {lp64_product} {ergonomic}
     bool UseCompressedOops                        = true                                 {lp64_product} {ergonomic}
     bool UseG1GC                                  = true                                      {product} {ergonomic}
     bool UseLargePagesIndividualAllocation        = false                                  {pd product} {ergonomic}

Logging:
Log output configuration:
 #0: stdout all=warning uptime,level,tags
 #1: stderr all=off uptime,level,tags

Environment Variables:
JAVA_HOME=D:\Program Files\Java
PATH=C:\PROGRA~2\Borland\CBUILD~1\Bin;C:\PROGRA~2\Borland\CBUILD~1\Projects\Bpl;C:\Program Files\Common Files\Oracle\Java\javapath;C:\Windows\system32;C:\Windows;C:\Windows\System32\Wbem;C:\Windows\System32\WindowsPowerShell\v1.0\;C:\Program Files (x86)\NVIDIA Corporation\PhysX\Common;C:\Program Files\NVIDIA Corporation\NVIDIA NvDLISR;C:\Program Files\Microsoft\Web Platform Installer\;C:\Program Files (x86)\Microsoft ASP.NET\ASP.NET Web Pages\v1.0\;C:\Program Files\Microsoft SQL Server\110\Tools\Binn\;C:\Program Files\Git\cmd;C:\Users\asus\AppData\Local\Programs\Python\Python310\Scripts\;C:\Users\asus\AppData\Local\Programs\Python\Python310\;C:\Users\asus\AppData\Local\Microsoft\WindowsApps;;D:\Program Files\JetBrains\IntelliJ IDEA Community Edition 2020.3\bin;
USERNAME=asus
OS=Windows_NT
PROCESSOR_IDENTIFIER=Intel64 Family 6 Model 126 Stepping 5, GenuineIntel



---------------  S Y S T E M  ---------------

OS: Windows 10 , 64 bit Build 18362 (10.0.18362.329)
OS uptime: 0 days 2:02 hours

CPU:total 8 (initial active 8) (4 cores per cpu, 2 threads per core) family 6 model 126 stepping 5 microcode 0x96, cmov, cx8, fxsr, mmx, sse, sse2, sse3, ssse3, sse4.1, sse4.2, popcnt, avx, avx2, aes, clmul, erms, 3dnowpref, lzcnt, ht, tsc, tscinvbit, bmi1, bmi2, adx, evex, sha, fma

Memory: 4k page, system-wide physical 7997M (453M free)
TotalPageFile size 7997M (AvailPageFile size 6M)
current process WorkingSet (physical memory assigned to process): 336M, peak: 336M
current process commit charge ("private bytes"): 421M, peak: 424M

vm_info: OpenJDK 64-Bit Server VM (11.0.11+9-b60-7590822) for windows-amd64 JRE (11.0.11+9-b60-7590822), built on Jul 29 2021 21:43:44 by "builder" with MS VC++ 14.0 (VS2015)

END.
