#
# There is insufficient memory for the Java Runtime Environment to continue.
# Native memory allocation (mmap) failed to map 132120576 bytes for Failed to commit area from 0x0000000083000000 to 0x000000008ae00000 of length 132120576.
# Possible reasons:
#   The system is out of physical RAM or swap space
#   The process is running with CompressedOops enabled, and the Java Heap may be blocking the growth of the native heap
# Possible solutions:
#   Reduce memory load on the system
#   Increase physical memory or swap space
#   Check if swap backing store is full
#   Decrease Java heap size (-Xmx/-Xms)
#   Decrease number of Java threads
#   Decrease Java thread stack sizes (-Xss)
#   Set larger code cache with -XX:ReservedCodeCacheSize=
# This output file may be truncated or incomplete.
#
#  Out of Memory Error (./src/hotspot/os/windows/os_windows.cpp:3301), pid=5268, tid=8552
#
# JRE version:  (11.0.11+9) (build )
# Java VM: OpenJDK 64-Bit Server VM (11.0.11+9-b60-7590822, mixed mode, sharing, tiered, compressed oops, g1 gc, windows-amd64)
# No core dump will be written. Minidumps are not enabled by default on client versions of Windows
#

---------------  S U M M A R Y ------------

Command Line: org.jetbrains.kotlin.cli.jvm.K2JVMCompiler @D:\MyMusicPLayer\app\build\20220515_4477687795199524988.compiler.options

Host: Intel(R) Core(TM) i7-1065G7 CPU @ 1.30GHz, 8 cores, 7G,  Windows 10 , 64 bit Build 18362 (10.0.18362.329)
Time: Sun May 15 11:09:41 2022 Caiaaiay Acey (ceia) elapsed time: 0.016402 seconds (0d 0h 0m 0s)

---------------  T H R E A D  ---------------

Current thread (0x000001fd4f4da800):  JavaThread "Unknown thread" [_thread_in_vm, id=8552, stack(0x0000006ccab00000,0x0000006ccac00000)]

Stack: [0x0000006ccab00000,0x0000006ccac00000]
Native frames: (J=compiled Java code, j=interpreted, Vv=VM code, C=native code)
V  [jvm.dll+0x5f214a]
V  [jvm.dll+0x726fb5]
V  [jvm.dll+0x7285cd]
V  [jvm.dll+0x728c83]
V  [jvm.dll+0x243278]
V  [jvm.dll+0x5ef544]
V  [jvm.dll+0x5e4495]
V  [jvm.dll+0x2fec5b]
V  [jvm.dll+0x2febca]
V  [jvm.dll+0x2feaa2]
V  [jvm.dll+0x303986]
V  [jvm.dll+0x34c3a3]
V  [jvm.dll+0x34caa6]
V  [jvm.dll+0x34c4a3]
V  [jvm.dll+0x2d9688]
V  [jvm.dll+0x2da837]
V  [jvm.dll+0x705ba7]
V  [jvm.dll+0x70739c]
V  [jvm.dll+0x3598f9]
V  [jvm.dll+0x6e931e]
V  [jvm.dll+0x3c1c43]
V  [jvm.dll+0x3c3e81]
C  [jli.dll+0x5373]
C  [ucrtbase.dll+0x20e72]
C  [KERNEL32.DLL+0x17bd4]
C  [ntdll.dll+0x6ced1]


---------------  P R O C E S S  ---------------

Threads class SMR info:
_java_thread_list=0x000001fd4f380730, length=0, elements={
}

Java Threads: ( => current thread )

Other Threads:
  0x000001fd4f4f3000 GCTaskThread "GC Thread#0" [stack: 0x0000006ccac00000,0x0000006ccad00000] [id=6564]
  0x000001fd4f523000 ConcurrentGCThread "G1 Main Marker" [stack: 0x0000006ccad00000,0x0000006ccae00000] [id=9508]
  0x000001fd4f524800 ConcurrentGCThread "G1 Conc#0" [stack: 0x0000006ccae00000,0x0000006ccaf00000] [id=4064]

[error occurred during error reporting (printing all threads), id 0xc0000005, EXCEPTION_ACCESS_VIOLATION (0xc0000005) at pc=0x00007ff9566b9c47]

VM state:not at safepoint (not fully initialized)

VM Mutex/Monitor currently owned by a thread:  ([mutex/lock_event])
[0x000001fd4f4d8a40] Heap_lock - owner thread: 0x000001fd4f4da800

Heap address: 0x0000000083000000, size: 2000 MB, Compressed Oops mode: Non-zero based: 0x0000000083000000
Narrow klass base: 0x0000000000000000, Narrow klass shift: 0

GC Heap History (0 events):
No events

Deoptimization events (0 events):
No events

Classes redefined (0 events):
No events

Internal exceptions (0 events):
No events

Events (1 events):
Event: 0.008 Loaded shared library D:\Program Files\Android\jre\bin\zip.dll


Dynamic libraries:
0x00007ff602af0000 - 0x00007ff602afa000 	D:\Program Files\Android\jre\bin\java.exe
0x00007ff98c360000 - 0x00007ff98c550000 	C:\Windows\SYSTEM32\ntdll.dll
0x00007ff98a590000 - 0x00007ff98a642000 	C:\Windows\System32\KERNEL32.DLL
0x00007ff98a180000 - 0x00007ff98a423000 	C:\Windows\System32\KERNELBASE.dll
0x00007ff989b30000 - 0x00007ff989c2a000 	C:\Windows\System32\ucrtbase.dll
0x00007ff984480000 - 0x00007ff984497000 	D:\Program Files\Android\jre\bin\VCRUNTIME140.dll
0x00007ff9844a0000 - 0x00007ff9844b9000 	D:\Program Files\Android\jre\bin\jli.dll
0x00007ff98b070000 - 0x00007ff98b204000 	C:\Windows\System32\USER32.dll
0x00007ff976590000 - 0x00007ff976815000 	C:\Windows\WinSxS\amd64_microsoft.windows.common-controls_6595b64144ccf1df_6.0.18362.535_none_e6c3b34713100821\COMCTL32.dll
0x00007ff989330000 - 0x00007ff989351000 	C:\Windows\System32\win32u.dll
0x00007ff98a4f0000 - 0x00007ff98a58e000 	C:\Windows\System32\msvcrt.dll
0x00007ff98b340000 - 0x00007ff98b676000 	C:\Windows\System32\combase.dll
0x00007ff98b220000 - 0x00007ff98b340000 	C:\Windows\System32\RPCRT4.dll
0x00007ff98a650000 - 0x00007ff98a676000 	C:\Windows\System32\GDI32.dll
0x00007ff98a000000 - 0x00007ff98a080000 	C:\Windows\System32\bcryptPrimitives.dll
0x00007ff989c30000 - 0x00007ff989dc4000 	C:\Windows\System32\gdi32full.dll
0x00007ff98a080000 - 0x00007ff98a11e000 	C:\Windows\System32\msvcp_win.dll
0x00007ff98b6f0000 - 0x00007ff98b71e000 	C:\Windows\System32\IMM32.DLL
0x00007ff982e20000 - 0x00007ff982ebd000 	D:\Program Files\Android\jre\bin\msvcp140.dll
0x00007ff9563d0000 - 0x00007ff956ea5000 	D:\Program Files\Android\jre\bin\server\jvm.dll
0x00007ff98ba70000 - 0x00007ff98bb13000 	C:\Windows\System32\ADVAPI32.dll
0x00007ff98a450000 - 0x00007ff98a4e7000 	C:\Windows\System32\sechost.dll
0x00007ff98a820000 - 0x00007ff98a828000 	C:\Windows\System32\PSAPI.DLL
0x00007ff986a30000 - 0x00007ff986a54000 	C:\Windows\SYSTEM32\WINMM.dll
0x00007ff984ae0000 - 0x00007ff984ae9000 	C:\Windows\SYSTEM32\WSOCK32.dll
0x00007ff983830000 - 0x00007ff98383a000 	C:\Windows\SYSTEM32\VERSION.dll
0x00007ff98b680000 - 0x00007ff98b6ef000 	C:\Windows\System32\WS2_32.dll
0x00007ff986a00000 - 0x00007ff986a2d000 	C:\Windows\SYSTEM32\WINMMBASE.dll
0x00007ff989ae0000 - 0x00007ff989b2a000 	C:\Windows\System32\cfgmgr32.dll
0x00007ff9892c0000 - 0x00007ff9892d1000 	C:\Windows\System32\kernel.appcore.dll
0x00007ff984ac0000 - 0x00007ff984ad1000 	D:\Program Files\Android\jre\bin\verify.dll
0x00007ff987a50000 - 0x00007ff987c44000 	C:\Windows\SYSTEM32\DBGHELP.DLL
0x00007ff973860000 - 0x00007ff97388a000 	C:\Windows\SYSTEM32\dbgcore.DLL
0x00007ff984670000 - 0x00007ff984699000 	D:\Program Files\Android\jre\bin\java.dll
0x00007ff984ab0000 - 0x00007ff984abb000 	D:\Program Files\Android\jre\bin\jimage.dll
0x00007ff984650000 - 0x00007ff984668000 	D:\Program Files\Android\jre\bin\zip.dll

dbghelp: loaded successfully - version: 4.0.5 - missing functions: none
symbol engine: initialized successfully - sym options: 0x614 - pdb path: .;D:\Program Files\Android\jre\bin;C:\Windows\SYSTEM32;C:\Windows\WinSxS\amd64_microsoft.windows.common-controls_6595b64144ccf1df_6.0.18362.535_none_e6c3b34713100821;D:\Program Files\Android\jre\bin\server

VM Arguments:
java_command: org.jetbrains.kotlin.cli.jvm.K2JVMCompiler @D:\MyMusicPLayer\app\build\20220515_4477687795199524988.compiler.options
java_class_path (initial): D:\ProgramsfilesD\Android\Sdk\caches\modules-2\files-2.1\org.jetbrains.kotlin\kotlin-compiler-embeddable\1.6.21\97bdd5a752ce73b58ef16c17bc7f0ea2faff7a2e\kotlin-compiler-embeddable-1.6.21.jar;D:\ProgramsfilesD\Android\Sdk\caches\modules-2\files-2.1\org.jetbrains.kotlin\kotlin-reflect\1.6.21\5dc3574d9b7bebfcb4ec6b10ada4aaa9e140bd0b\kotlin-reflect-1.6.21.jar;D:\ProgramsfilesD\Android\Sdk\caches\modules-2\files-2.1\org.jetbrains.kotlin\kotlin-stdlib\1.6.21\11ef67f1900634fd951bad28c53ec957fabbe5b8\kotlin-stdlib-1.6.21.jar;D:\ProgramsfilesD\Android\Sdk\caches\modules-2\files-2.1\org.jetbrains.kotlin\kotlin-script-runtime\1.6.21\99c6675100da5d6d5b1c5a1032f27f28008d101b\kotlin-script-runtime-1.6.21.jar;D:\ProgramsfilesD\Android\Sdk\caches\modules-2\files-2.1\org.jetbrains.kotlin\kotlin-daemon-embeddable\1.6.21\46b78cf392e1c4f10854c3cadba44abb7b82250f\kotlin-daemon-embeddable-1.6.21.jar;D:\ProgramsfilesD\Android\Sdk\caches\modules-2\files-2.1\org.jetbrains.intellij.deps\trove4j\1.0.20200330\3afb14d5f9ceb459d724e907a21145e8ff394f02\trove4j-1.0.20200330.jar;D:\ProgramsfilesD\Android\Sdk\caches\modules-2\files-2.1\net.java.dev.jna\jna\5.6.0\330f2244e9030119ab3030fc3fededc86713d9cc\jna-5.6.0.jar;D:\ProgramsfilesD\Android\Sdk\caches\modules-2\files-2.1\org.jetbrains.kotlin\kotlin-stdlib-common\1.6.21\5e5b55c26dbc80372a920aef60eb774b714559b8\kotlin-stdlib-common-1.6.21.jar;D:\ProgramsfilesD\Android\Sdk\caches\modules-2\files-2.1\org.jetbrains\annotations\13.0\919f0dfe192fb4e063e7dacadee7f8bb9a2672a9\annotations-13.0.jar
Launcher Type: SUN_STANDARD

[Global flags]
     intx CICompilerCount                          = 4                                         {product} {ergonomic}
     uint ConcGCThreads                            = 2                                         {product} {ergonomic}
     uint G1ConcRefinementThreads                  = 8                                         {product} {ergonomic}
   size_t G1HeapRegionSize                         = 1048576                                   {product} {ergonomic}
    uintx GCDrainStackTargetSize                   = 64                                        {product} {ergonomic}
   size_t InitialHeapSize                          = 132120576                                 {product} {ergonomic}
   size_t MarkStackSize                            = 4194304                                   {product} {ergonomic}
   size_t MaxHeapSize                              = 2097152000                                {product} {ergonomic}
   size_t MinHeapDeltaBytes                        = 1048576                                   {product} {ergonomic}
    uintx NonNMethodCodeHeapSize                   = 5836300                                {pd product} {ergonomic}
    uintx NonProfiledCodeHeapSize                  = 122910970                              {pd product} {ergonomic}
    uintx ProfiledCodeHeapSize                     = 122910970                              {pd product} {ergonomic}
    uintx ReservedCodeCacheSize                    = 251658240                              {pd product} {ergonomic}
     bool SegmentedCodeCache                       = true                                      {product} {ergonomic}
     bool UseCompressedClassPointers               = true                                 {lp64_product} {ergonomic}
     bool UseCompressedOops                        = true                                 {lp64_product} {ergonomic}
     bool UseG1GC                                  = true                                      {product} {ergonomic}
     bool UseLargePagesIndividualAllocation        = false                                  {pd product} {ergonomic}

Logging:
Log output configuration:
 #0: stdout all=warning uptime,level,tags
 #1: stderr all=off uptime,level,tags

Environment Variables:
JAVA_HOME=D:\Program Files\Java
PATH=C:\PROGRA~2\Borland\CBUILD~1\Bin;C:\PROGRA~2\Borland\CBUILD~1\Projects\Bpl;C:\Program Files\Common Files\Oracle\Java\javapath;C:\Windows\system32;C:\Windows;C:\Windows\System32\Wbem;C:\Windows\System32\WindowsPowerShell\v1.0\;C:\Program Files (x86)\NVIDIA Corporation\PhysX\Common;C:\Program Files\NVIDIA Corporation\NVIDIA NvDLISR;C:\Program Files\Microsoft\Web Platform Installer\;C:\Program Files (x86)\Microsoft ASP.NET\ASP.NET Web Pages\v1.0\;C:\Program Files\Microsoft SQL Server\110\Tools\Binn\;C:\Program Files\Git\cmd;C:\Users\asus\AppData\Local\Programs\Python\Python310\Scripts\;C:\Users\asus\AppData\Local\Programs\Python\Python310\;C:\Users\asus\AppData\Local\Microsoft\WindowsApps;;D:\Program Files\JetBrains\IntelliJ IDEA Community Edition 2020.3\bin;
USERNAME=asus
OS=Windows_NT
PROCESSOR_IDENTIFIER=Intel64 Family 6 Model 126 Stepping 5, GenuineIntel



---------------  S Y S T E M  ---------------

OS: Windows 10 , 64 bit Build 18362 (10.0.18362.329)
OS uptime: 0 days 0:48 hours

CPU:total 8 (initial active 8) (4 cores per cpu, 2 threads per core) family 6 model 126 stepping 5 microcode 0x96, cmov, cx8, fxsr, mmx, sse, sse2, sse3, ssse3, sse4.1, sse4.2, popcnt, avx, avx2, aes, clmul, erms, 3dnowpref, lzcnt, ht, tsc, tscinvbit, bmi1, bmi2, adx, evex, sha, fma

Memory: 4k page, system-wide physical 7997M (726M free)
TotalPageFile size 7997M (AvailPageFile size 43M)
current process WorkingSet (physical memory assigned to process): 9M, peak: 9M
current process commit charge ("private bytes"): 60M, peak: 185M

vm_info: OpenJDK 64-Bit Server VM (11.0.11+9-b60-7590822) for windows-amd64 JRE (11.0.11+9-b60-7590822), built on Jul 29 2021 21:43:44 by "builder" with MS VC++ 14.0 (VS2015)

END.
